#
# There is insufficient memory for the Java Runtime Environment to continue.
# Native memory allocation (malloc) failed to allocate 1422624 bytes for Chunk::new
# Possible reasons:
#   The system is out of physical RAM or swap space
#   The process is running with CompressedOops enabled, and the Java Heap may be blocking the growth of the native heap
# Possible solutions:
#   Reduce memory load on the system
#   Increase physical memory or swap space
#   Check if swap backing store is full
#   Decrease Java heap size (-Xmx/-Xms)
#   Decrease number of Java threads
#   Decrease Java thread stack sizes (-Xss)
#   Set larger code cache with -XX:ReservedCodeCacheSize=
#   JVM is running with Unscaled Compressed Oops mode in which the Java heap is
#     placed in the first 4GB address space. The Java Heap base address is the
#     maximum limit for the native heap growth. Please use -XX:HeapBaseMinAddress
#     to set the Java Heap base and to place the Java Heap above 4GB virtual address.
# This output file may be truncated or incomplete.
#
#  Out of Memory Error (arena.cpp:189), pid=28012, tid=22128
#
# JRE version: Java(TM) SE Runtime Environment (17.0.11+7) (build 17.0.11+7-LTS-207)
# Java VM: Java HotSpot(TM) 64-Bit Server VM (17.0.11+7-LTS-207, mixed mode, sharing, tiered, compressed oops, compressed class ptrs, g1 gc, windows-amd64)
# No core dump will be written. Minidumps are not enabled by default on client versions of Windows
#

---------------  S U M M A R Y ------------

Command Line: com.swing.ProfessionalSidebarForm

Host: AMD Ryzen 5 6600H with Radeon Graphics         , 12 cores, 5G,  Windows 11 , 64 bit Build 26100 (10.0.26100.3037)
Time: Sat Mar  1 01:16:20 2025 SE Asia Standard Time elapsed time: 4.515198 seconds (0d 0h 0m 4s)

---------------  T H R E A D  ---------------

Current thread (0x0000017b80b40650):  JavaThread "C2 CompilerThread0" daemon [_thread_in_native, id=22128, stack(0x000000055f900000,0x000000055fa00000)]


Current CompileTask:
C2:   4515 1027   !   4       sun.awt.image.PNGImageDecoder::produceImage (1917 bytes)

Stack: [0x000000055f900000,0x000000055fa00000]
Native frames: (J=compiled Java code, j=interpreted, Vv=VM code, C=native code)
V  [jvm.dll+0x679cca]
V  [jvm.dll+0x7da13d]
V  [jvm.dll+0x7dba83]
V  [jvm.dll+0x7dc0f3]
V  [jvm.dll+0x2449af]
V  [jvm.dll+0xab83b]
V  [jvm.dll+0xabe1c]
V  [jvm.dll+0x3615ae]
V  [jvm.dll+0x32bd61]
V  [jvm.dll+0x32b1fa]
V  [jvm.dll+0x2161df]
V  [jvm.dll+0x21560f]
V  [jvm.dll+0x1a2040]
V  [jvm.dll+0x225a2b]
V  [jvm.dll+0x223bcb]
V  [jvm.dll+0x7903ec]
V  [jvm.dll+0x78a85a]
V  [jvm.dll+0x678bb5]
C  [ucrtbase.dll+0x37b0]
C  [KERNEL32.DLL+0x2e8d7]
C  [ntdll.dll+0xbbf2c]


---------------  P R O C E S S  ---------------

Threads class SMR info:
_java_thread_list=0x0000017bcc274690, length=19, elements={
0x0000017b80b20710, 0x0000017b80b22ef0, 0x0000017b80b38a10, 0x0000017b80b3b0f0,
0x0000017b80b3b6c0, 0x0000017b80b3bc90, 0x0000017b80b40650, 0x0000017b80b49a60,
0x0000017b80b4a070, 0x0000017bc60fb080, 0x0000017bc6107780, 0x0000017bc62a63f0,
0x0000017bc632d1e0, 0x0000017bc632d6c0, 0x0000017bc675a610, 0x0000017be3ab0a40,
0x0000017bcbf6a900, 0x0000017bcc083e70, 0x0000017bc6105db0
}

Java Threads: ( => current thread )
  0x0000017b80b20710 JavaThread "Reference Handler" daemon [_thread_blocked, id=26032, stack(0x000000055f300000,0x000000055f400000)]
  0x0000017b80b22ef0 JavaThread "Finalizer" daemon [_thread_blocked, id=22920, stack(0x000000055f400000,0x000000055f500000)]
  0x0000017b80b38a10 JavaThread "Signal Dispatcher" daemon [_thread_blocked, id=18760, stack(0x000000055f500000,0x000000055f600000)]
  0x0000017b80b3b0f0 JavaThread "Attach Listener" daemon [_thread_blocked, id=19524, stack(0x000000055f600000,0x000000055f700000)]
  0x0000017b80b3b6c0 JavaThread "Service Thread" daemon [_thread_blocked, id=18192, stack(0x000000055f700000,0x000000055f800000)]
  0x0000017b80b3bc90 JavaThread "Monitor Deflation Thread" daemon [_thread_blocked, id=10332, stack(0x000000055f800000,0x000000055f900000)]
=>0x0000017b80b40650 JavaThread "C2 CompilerThread0" daemon [_thread_in_native, id=22128, stack(0x000000055f900000,0x000000055fa00000)]
  0x0000017b80b49a60 JavaThread "C1 CompilerThread0" daemon [_thread_blocked, id=23068, stack(0x000000055fa00000,0x000000055fb00000)]
  0x0000017b80b4a070 JavaThread "Sweeper thread" daemon [_thread_blocked, id=10164, stack(0x000000055fb00000,0x000000055fc00000)]
  0x0000017bc60fb080 JavaThread "Notification Thread" daemon [_thread_blocked, id=26348, stack(0x000000055fc00000,0x000000055fd00000)]
  0x0000017bc6107780 JavaThread "Common-Cleaner" daemon [_thread_blocked, id=26856, stack(0x000000055fe00000,0x000000055ff00000)]
  0x0000017bc62a63f0 JavaThread "Java2D Disposer" daemon [_thread_blocked, id=4560, stack(0x0000000560000000,0x0000000560100000)]
  0x0000017bc632d1e0 JavaThread "AWT-Shutdown" [_thread_blocked, id=27868, stack(0x0000000560100000,0x0000000560200000)]
  0x0000017bc632d6c0 JavaThread "AWT-Windows" daemon [_thread_in_native, id=17696, stack(0x0000000560200000,0x0000000560300000)]
  0x0000017bc675a610 JavaThread "AWT-EventQueue-0" [_thread_in_vm, id=10528, stack(0x000000055ff00000,0x0000000560000000)]
  0x0000017be3ab0a40 JavaThread "DestroyJavaVM" [_thread_blocked, id=9432, stack(0x000000055ec00000,0x000000055ed00000)]
  0x0000017bcbf6a900 JavaThread "Image Fetcher 0" daemon [_thread_blocked, id=6280, stack(0x0000000560f00000,0x0000000561000000)]
  0x0000017bcc083e70 JavaThread "Image Fetcher 1" daemon [_thread_blocked, id=20328, stack(0x0000000561000000,0x0000000561100000)]
  0x0000017bc6105db0 JavaThread "C2 CompilerThread1" daemon [_thread_in_native, id=12184, stack(0x0000000561900000,0x0000000561a00000)]

Other Threads:
  0x0000017b80b1bc60 VMThread "VM Thread" [stack: 0x000000055f200000,0x000000055f300000] [id=12912]
  0x0000017be3b17a70 WatcherThread [stack: 0x000000055fd00000,0x000000055fe00000] [id=13132]
  0x0000017be3afb6a0 GCTaskThread "GC Thread#0" [stack: 0x000000055ed00000,0x000000055ee00000] [id=17652]
  0x0000017bcc2cae40 GCTaskThread "GC Thread#1" [stack: 0x0000000561100000,0x0000000561200000] [id=3372]
  0x0000017bcc10ff20 GCTaskThread "GC Thread#2" [stack: 0x0000000561200000,0x0000000561300000] [id=20500]
  0x0000017bcc165780 GCTaskThread "GC Thread#3" [stack: 0x0000000561300000,0x0000000561400000] [id=10296]
  0x0000017bcc165a40 GCTaskThread "GC Thread#4" [stack: 0x0000000561400000,0x0000000561500000] [id=11036]
  0x0000017bcc165d00 GCTaskThread "GC Thread#5" [stack: 0x0000000561500000,0x0000000561600000] [id=15048]
  0x0000017bcbe2c8e0 GCTaskThread "GC Thread#6" [stack: 0x0000000561600000,0x0000000561700000] [id=5724]
  0x0000017bcbe2cba0 GCTaskThread "GC Thread#7" [stack: 0x0000000561700000,0x0000000561800000] [id=27884]
  0x0000017bcc3fa120 GCTaskThread "GC Thread#8" [stack: 0x0000000561800000,0x0000000561900000] [id=15560]
  0x0000017be3b07d90 ConcurrentGCThread "G1 Main Marker" [stack: 0x000000055ee00000,0x000000055ef00000] [id=8260]
  0x0000017be3b0b1e0 ConcurrentGCThread "G1 Conc#0" [stack: 0x000000055ef00000,0x000000055f000000] [id=28184]
  0x0000017be3b6ea00 ConcurrentGCThread "G1 Refine#0" [stack: 0x000000055f000000,0x000000055f100000] [id=19164]
  0x0000017b809c20a0 ConcurrentGCThread "G1 Service" [stack: 0x000000055f100000,0x000000055f200000] [id=26076]

Threads with active compile tasks:
C2 CompilerThread0     4557 1027   !   4       sun.awt.image.PNGImageDecoder::produceImage (1917 bytes)
C2 CompilerThread1     4557 1139 % !   4       sun.awt.image.ImageRepresentation::getOpaqueRGBImage @ 54 (164 bytes)

VM state: not at safepoint (normal execution)

VM Mutex/Monitor currently owned by a thread:  ([mutex/lock_event])
[0x0000017be3aac690] Metaspace_lock - owner thread: 0x0000017bc675a610

Heap address: 0x00000000a4e00000, size: 1458 MB, Compressed Oops mode: 32-bit

CDS archive(s) mapped at: [0x0000017b81000000-0x0000017b81bd0000-0x0000017b81bd0000), size 12386304, SharedBaseAddress: 0x0000017b81000000, ArchiveRelocationMode: 1.
Compressed class space mapped at: 0x0000017b82000000-0x0000017bc2000000, reserved size: 1073741824
Narrow klass base: 0x0000017b81000000, Narrow klass shift: 0, Narrow klass range: 0x100000000

GC Precious Log:
 CPUs: 12 total, 12 available
 Memory: 5829M
 Large Page Support: Disabled
 NUMA Support: Disabled
 Compressed Oops: Enabled (32-bit)
 Heap Region Size: 1M
 Heap Min Capacity: 8M
 Heap Initial Capacity: 92M
 Heap Max Capacity: 1458M
 Pre-touch: Disabled
 Parallel Workers: 10
 Concurrent Workers: 3
 Concurrent Refinement Workers: 10
 Periodic GC: Disabled

Heap:
 garbage-first heap   total 94208K, used 40047K [0x00000000a4e00000, 0x0000000100000000)
  region size 1024K, 11 young (11264K), 3 survivors (3072K)
 Metaspace       used 8705K, committed 8896K, reserved 1114112K
  class space    used 1022K, committed 1152K, reserved 1048576K

Heap Regions: E=young(eden), S=young(survivor), O=old, HS=humongous(starts), HC=humongous(continues), CS=collection set, F=free, OA=open archive, CA=closed archive, TAMS=top-at-mark-start (previous, next)
|   0|0x00000000a4e00000, 0x00000000a4f00000, 0x00000000a4f00000|100%|HS|  |TAMS 0x00000000a4e00000, 0x00000000a4e00000| Complete 
|   1|0x00000000a4f00000, 0x00000000a5000000, 0x00000000a5000000|100%|HC|  |TAMS 0x00000000a4f00000, 0x00000000a4f00000| Complete 
|   2|0x00000000a5000000, 0x00000000a5100000, 0x00000000a5100000|100%|HS|  |TAMS 0x00000000a5000000, 0x00000000a5000000| Complete 
|   3|0x00000000a5100000, 0x00000000a5200000, 0x00000000a5200000|100%|HC|  |TAMS 0x00000000a5100000, 0x00000000a5100000| Complete 
|   4|0x00000000a5200000, 0x00000000a5300000, 0x00000000a5300000|100%|HS|  |TAMS 0x00000000a5200000, 0x00000000a5200000| Complete 
|   5|0x00000000a5300000, 0x00000000a5400000, 0x00000000a5400000|100%|HC|  |TAMS 0x00000000a5300000, 0x00000000a5300000| Complete 
|   6|0x00000000a5400000, 0x00000000a5500000, 0x00000000a5500000|100%|HS|  |TAMS 0x00000000a5400000, 0x00000000a5400000| Complete 
|   7|0x00000000a5500000, 0x00000000a5600000, 0x00000000a5600000|100%|HC|  |TAMS 0x00000000a5500000, 0x00000000a5500000| Complete 
|   8|0x00000000a5600000, 0x00000000a5700000, 0x00000000a5700000|100%|HS|  |TAMS 0x00000000a5600000, 0x00000000a5600000| Complete 
|   9|0x00000000a5700000, 0x00000000a5800000, 0x00000000a5800000|100%|HC|  |TAMS 0x00000000a5700000, 0x00000000a5700000| Complete 
|  10|0x00000000a5800000, 0x00000000a5900000, 0x00000000a5900000|100%|HS|  |TAMS 0x00000000a5800000, 0x00000000a5800000| Complete 
|  11|0x00000000a5900000, 0x00000000a5a00000, 0x00000000a5a00000|100%|HC|  |TAMS 0x00000000a5900000, 0x00000000a5900000| Complete 
|  12|0x00000000a5a00000, 0x00000000a5b00000, 0x00000000a5b00000|100%|HS|  |TAMS 0x00000000a5a00000, 0x00000000a5a00000| Complete 
|  13|0x00000000a5b00000, 0x00000000a5c00000, 0x00000000a5c00000|100%|HC|  |TAMS 0x00000000a5b00000, 0x00000000a5b00000| Complete 
|  14|0x00000000a5c00000, 0x00000000a5d00000, 0x00000000a5d00000|100%|HS|  |TAMS 0x00000000a5c00000, 0x00000000a5c00000| Complete 
|  15|0x00000000a5d00000, 0x00000000a5e00000, 0x00000000a5e00000|100%|HC|  |TAMS 0x00000000a5d00000, 0x00000000a5d00000| Complete 
|  16|0x00000000a5e00000, 0x00000000a5f00000, 0x00000000a5f00000|100%|HS|  |TAMS 0x00000000a5e00000, 0x00000000a5e00000| Complete 
|  17|0x00000000a5f00000, 0x00000000a6000000, 0x00000000a6000000|100%|HC|  |TAMS 0x00000000a5f00000, 0x00000000a5f00000| Complete 
|  18|0x00000000a6000000, 0x00000000a6100000, 0x00000000a6100000|100%| O|  |TAMS 0x00000000a6000000, 0x00000000a6000000| Untracked 
|  19|0x00000000a6100000, 0x00000000a6200000, 0x00000000a6200000|100%| O|  |TAMS 0x00000000a6100000, 0x00000000a6100000| Untracked 
|  20|0x00000000a6200000, 0x00000000a6300000, 0x00000000a6300000|100%| O|  |TAMS 0x00000000a6200000, 0x00000000a6200000| Untracked 
|  21|0x00000000a6300000, 0x00000000a6400000, 0x00000000a6400000|100%| O|  |TAMS 0x00000000a6300000, 0x00000000a6300000| Untracked 
|  22|0x00000000a6400000, 0x00000000a641bc00, 0x00000000a6500000| 10%| O|  |TAMS 0x00000000a6400000, 0x00000000a6400000| Untracked 
|  23|0x00000000a6500000, 0x00000000a6600000, 0x00000000a6600000|100%|HS|  |TAMS 0x00000000a6500000, 0x00000000a6500000| Complete 
|  24|0x00000000a6600000, 0x00000000a6700000, 0x00000000a6700000|100%|HC|  |TAMS 0x00000000a6600000, 0x00000000a6600000| Complete 
|  25|0x00000000a6700000, 0x00000000a6800000, 0x00000000a6800000|100%|HS|  |TAMS 0x00000000a6700000, 0x00000000a6700000| Complete 
|  26|0x00000000a6800000, 0x00000000a6900000, 0x00000000a6900000|100%|HC|  |TAMS 0x00000000a6800000, 0x00000000a6800000| Complete 
|  27|0x00000000a6900000, 0x00000000a6a00000, 0x00000000a6a00000|100%|HC|  |TAMS 0x00000000a6900000, 0x00000000a6900000| Complete 
|  28|0x00000000a6a00000, 0x00000000a6b00000, 0x00000000a6b00000|100%|HC|  |TAMS 0x00000000a6a00000, 0x00000000a6a00000| Complete 
|  29|0x00000000a6b00000, 0x00000000a6c00000, 0x00000000a6c00000|100%|HC|  |TAMS 0x00000000a6b00000, 0x00000000a6b00000| Complete 
|  30|0x00000000a6c00000, 0x00000000a6c00000, 0x00000000a6d00000|  0%| F|  |TAMS 0x00000000a6c00000, 0x00000000a6c00000| Untracked 
|  31|0x00000000a6d00000, 0x00000000a6d00000, 0x00000000a6e00000|  0%| F|  |TAMS 0x00000000a6d00000, 0x00000000a6d00000| Untracked 
|  32|0x00000000a6e00000, 0x00000000a6e00000, 0x00000000a6f00000|  0%| F|  |TAMS 0x00000000a6e00000, 0x00000000a6e00000| Untracked 
|  33|0x00000000a6f00000, 0x00000000a6f00000, 0x00000000a7000000|  0%| F|  |TAMS 0x00000000a6f00000, 0x00000000a6f00000| Untracked 
|  34|0x00000000a7000000, 0x00000000a7000000, 0x00000000a7100000|  0%| F|  |TAMS 0x00000000a7000000, 0x00000000a7000000| Untracked 
|  35|0x00000000a7100000, 0x00000000a7100000, 0x00000000a7200000|  0%| F|  |TAMS 0x00000000a7100000, 0x00000000a7100000| Untracked 
|  36|0x00000000a7200000, 0x00000000a7200000, 0x00000000a7300000|  0%| F|  |TAMS 0x00000000a7200000, 0x00000000a7200000| Untracked 
|  37|0x00000000a7300000, 0x00000000a7300000, 0x00000000a7400000|  0%| F|  |TAMS 0x00000000a7300000, 0x00000000a7300000| Untracked 
|  38|0x00000000a7400000, 0x00000000a7400000, 0x00000000a7500000|  0%| F|  |TAMS 0x00000000a7400000, 0x00000000a7400000| Untracked 
|  39|0x00000000a7500000, 0x00000000a7500000, 0x00000000a7600000|  0%| F|  |TAMS 0x00000000a7500000, 0x00000000a7500000| Untracked 
|  40|0x00000000a7600000, 0x00000000a7600000, 0x00000000a7700000|  0%| F|  |TAMS 0x00000000a7600000, 0x00000000a7600000| Untracked 
|  41|0x00000000a7700000, 0x00000000a7700000, 0x00000000a7800000|  0%| F|  |TAMS 0x00000000a7700000, 0x00000000a7700000| Untracked 
|  42|0x00000000a7800000, 0x00000000a7800000, 0x00000000a7900000|  0%| F|  |TAMS 0x00000000a7800000, 0x00000000a7800000| Untracked 
|  43|0x00000000a7900000, 0x00000000a7900000, 0x00000000a7a00000|  0%| F|  |TAMS 0x00000000a7900000, 0x00000000a7900000| Untracked 
|  44|0x00000000a7a00000, 0x00000000a7a00000, 0x00000000a7b00000|  0%| F|  |TAMS 0x00000000a7a00000, 0x00000000a7a00000| Untracked 
|  45|0x00000000a7b00000, 0x00000000a7b00000, 0x00000000a7c00000|  0%| F|  |TAMS 0x00000000a7b00000, 0x00000000a7b00000| Untracked 
|  46|0x00000000a7c00000, 0x00000000a7c00000, 0x00000000a7d00000|  0%| F|  |TAMS 0x00000000a7c00000, 0x00000000a7c00000| Untracked 
|  47|0x00000000a7d00000, 0x00000000a7d00000, 0x00000000a7e00000|  0%| F|  |TAMS 0x00000000a7d00000, 0x00000000a7d00000| Untracked 
|  48|0x00000000a7e00000, 0x00000000a7e00000, 0x00000000a7f00000|  0%| F|  |TAMS 0x00000000a7e00000, 0x00000000a7e00000| Untracked 
|  49|0x00000000a7f00000, 0x00000000a7f00000, 0x00000000a8000000|  0%| F|  |TAMS 0x00000000a7f00000, 0x00000000a7f00000| Untracked 
|  50|0x00000000a8000000, 0x00000000a8000000, 0x00000000a8100000|  0%| F|  |TAMS 0x00000000a8000000, 0x00000000a8000000| Untracked 
|  51|0x00000000a8100000, 0x00000000a8100000, 0x00000000a8200000|  0%| F|  |TAMS 0x00000000a8100000, 0x00000000a8100000| Untracked 
|  52|0x00000000a8200000, 0x00000000a8200000, 0x00000000a8300000|  0%| F|  |TAMS 0x00000000a8200000, 0x00000000a8200000| Untracked 
|  53|0x00000000a8300000, 0x00000000a8300000, 0x00000000a8400000|  0%| F|  |TAMS 0x00000000a8300000, 0x00000000a8300000| Untracked 
|  54|0x00000000a8400000, 0x00000000a8400000, 0x00000000a8500000|  0%| F|  |TAMS 0x00000000a8400000, 0x00000000a8400000| Untracked 
|  55|0x00000000a8500000, 0x00000000a8500000, 0x00000000a8600000|  0%| F|  |TAMS 0x00000000a8500000, 0x00000000a8500000| Untracked 
|  56|0x00000000a8600000, 0x00000000a8600000, 0x00000000a8700000|  0%| F|  |TAMS 0x00000000a8600000, 0x00000000a8600000| Untracked 
|  57|0x00000000a8700000, 0x00000000a8700000, 0x00000000a8800000|  0%| F|  |TAMS 0x00000000a8700000, 0x00000000a8700000| Untracked 
|  58|0x00000000a8800000, 0x00000000a8800000, 0x00000000a8900000|  0%| F|  |TAMS 0x00000000a8800000, 0x00000000a8800000| Untracked 
|  59|0x00000000a8900000, 0x00000000a8900000, 0x00000000a8a00000|  0%| F|  |TAMS 0x00000000a8900000, 0x00000000a8900000| Untracked 
|  60|0x00000000a8a00000, 0x00000000a8a00000, 0x00000000a8b00000|  0%| F|  |TAMS 0x00000000a8a00000, 0x00000000a8a00000| Untracked 
|  61|0x00000000a8b00000, 0x00000000a8b00000, 0x00000000a8c00000|  0%| F|  |TAMS 0x00000000a8b00000, 0x00000000a8b00000| Untracked 
|  62|0x00000000a8c00000, 0x00000000a8c00000, 0x00000000a8d00000|  0%| F|  |TAMS 0x00000000a8c00000, 0x00000000a8c00000| Untracked 
|  63|0x00000000a8d00000, 0x00000000a8d00000, 0x00000000a8e00000|  0%| F|  |TAMS 0x00000000a8d00000, 0x00000000a8d00000| Untracked 
|  64|0x00000000a8e00000, 0x00000000a8e00000, 0x00000000a8f00000|  0%| F|  |TAMS 0x00000000a8e00000, 0x00000000a8e00000| Untracked 
|  65|0x00000000a8f00000, 0x00000000a8f00000, 0x00000000a9000000|  0%| F|  |TAMS 0x00000000a8f00000, 0x00000000a8f00000| Untracked 
|  66|0x00000000a9000000, 0x00000000a9100000, 0x00000000a9100000|100%| S|CS|TAMS 0x00000000a9000000, 0x00000000a9000000| Complete 
|  67|0x00000000a9100000, 0x00000000a9200000, 0x00000000a9200000|100%| S|CS|TAMS 0x00000000a9100000, 0x00000000a9100000| Complete 
|  68|0x00000000a9200000, 0x00000000a9300000, 0x00000000a9300000|100%| S|CS|TAMS 0x00000000a9200000, 0x00000000a9200000| Complete 
|  69|0x00000000a9300000, 0x00000000a9300000, 0x00000000a9400000|  0%| F|  |TAMS 0x00000000a9300000, 0x00000000a9300000| Untracked 
|  70|0x00000000a9400000, 0x00000000a9400000, 0x00000000a9500000|  0%| F|  |TAMS 0x00000000a9400000, 0x00000000a9400000| Untracked 
|  71|0x00000000a9500000, 0x00000000a9500000, 0x00000000a9600000|  0%| F|  |TAMS 0x00000000a9500000, 0x00000000a9500000| Untracked 
|  72|0x00000000a9600000, 0x00000000a9600000, 0x00000000a9700000|  0%| F|  |TAMS 0x00000000a9600000, 0x00000000a9600000| Untracked 
|  73|0x00000000a9700000, 0x00000000a9700000, 0x00000000a9800000|  0%| F|  |TAMS 0x00000000a9700000, 0x00000000a9700000| Untracked 
|  74|0x00000000a9800000, 0x00000000a9800000, 0x00000000a9900000|  0%| F|  |TAMS 0x00000000a9800000, 0x00000000a9800000| Untracked 
|  75|0x00000000a9900000, 0x00000000a9900000, 0x00000000a9a00000|  0%| F|  |TAMS 0x00000000a9900000, 0x00000000a9900000| Untracked 
|  76|0x00000000a9a00000, 0x00000000a9a00000, 0x00000000a9b00000|  0%| F|  |TAMS 0x00000000a9a00000, 0x00000000a9a00000| Untracked 
|  77|0x00000000a9b00000, 0x00000000a9b00000, 0x00000000a9c00000|  0%| F|  |TAMS 0x00000000a9b00000, 0x00000000a9b00000| Untracked 
|  78|0x00000000a9c00000, 0x00000000a9c00000, 0x00000000a9d00000|  0%| F|  |TAMS 0x00000000a9c00000, 0x00000000a9c00000| Untracked 
|  79|0x00000000a9d00000, 0x00000000a9d00000, 0x00000000a9e00000|  0%| F|  |TAMS 0x00000000a9d00000, 0x00000000a9d00000| Untracked 
|  80|0x00000000a9e00000, 0x00000000a9e00000, 0x00000000a9f00000|  0%| F|  |TAMS 0x00000000a9e00000, 0x00000000a9e00000| Untracked 
|  81|0x00000000a9f00000, 0x00000000a9f00000, 0x00000000aa000000|  0%| F|  |TAMS 0x00000000a9f00000, 0x00000000a9f00000| Untracked 
|  82|0x00000000aa000000, 0x00000000aa000000, 0x00000000aa100000|  0%| F|  |TAMS 0x00000000aa000000, 0x00000000aa000000| Untracked 
|  83|0x00000000aa100000, 0x00000000aa100000, 0x00000000aa200000|  0%| F|  |TAMS 0x00000000aa100000, 0x00000000aa100000| Untracked 
|  84|0x00000000aa200000, 0x00000000aa2696e0, 0x00000000aa300000| 41%| E|  |TAMS 0x00000000aa200000, 0x00000000aa200000| Complete 
|  85|0x00000000aa300000, 0x00000000aa400000, 0x00000000aa400000|100%| E|CS|TAMS 0x00000000aa300000, 0x00000000aa300000| Complete 
|  86|0x00000000aa400000, 0x00000000aa500000, 0x00000000aa500000|100%| E|CS|TAMS 0x00000000aa400000, 0x00000000aa400000| Complete 
|  87|0x00000000aa500000, 0x00000000aa600000, 0x00000000aa600000|100%| E|CS|TAMS 0x00000000aa500000, 0x00000000aa500000| Complete 
|  88|0x00000000aa600000, 0x00000000aa700000, 0x00000000aa700000|100%| E|CS|TAMS 0x00000000aa600000, 0x00000000aa600000| Complete 
|  89|0x00000000aa700000, 0x00000000aa800000, 0x00000000aa800000|100%| E|CS|TAMS 0x00000000aa700000, 0x00000000aa700000| Complete 
|  90|0x00000000aa800000, 0x00000000aa900000, 0x00000000aa900000|100%| E|CS|TAMS 0x00000000aa800000, 0x00000000aa800000| Complete 
|  91|0x00000000aa900000, 0x00000000aaa00000, 0x00000000aaa00000|100%| E|CS|TAMS 0x00000000aa900000, 0x00000000aa900000| Complete 

Card table byte_map: [0x0000017bfab90000,0x0000017bfae70000] _byte_map_base: 0x0000017bfa669000

Marking Bits (Prev, Next): (CMBitMap*) 0x0000017be3afbcc0, (CMBitMap*) 0x0000017be3afbd00
 Prev Bits: [0x0000017bfb150000, 0x0000017bfc818000)
 Next Bits: [0x0000017bfc820000, 0x0000017bfdee8000)

Polling page: 0x0000017be1990000

Metaspace:

Usage:
  Non-class:      7.50 MB used.
      Class:   1022.26 KB used.
       Both:      8.50 MB used.

Virtual space:
  Non-class space:       64.00 MB reserved,       7.56 MB ( 12%) committed,  1 nodes.
      Class space:        1.00 GB reserved,       1.12 MB ( <1%) committed,  1 nodes.
             Both:        1.06 GB reserved,       8.69 MB ( <1%) committed. 

Chunk freelists:
   Non-Class:  8.20 MB
       Class:  14.72 MB
        Both:  22.92 MB

MaxMetaspaceSize: unlimited
CompressedClassSpaceSize: 1.00 GB
Initial GC threshold: 21.00 MB
Current GC threshold: 21.00 MB
CDS: on
MetaspaceReclaimPolicy: balanced
 - commit_granule_bytes: 65536.
 - commit_granule_words: 8192.
 - virtual_space_node_default_size: 8388608.
 - enlarge_chunks_in_place: 1.
 - new_chunks_are_fully_committed: 0.
 - uncommit_free_chunks: 1.
 - use_allocation_guard: 0.
 - handle_deallocations: 1.


Internal statistics:

num_allocs_failed_limit: 0.
num_arena_births: 120.
num_arena_deaths: 0.
num_vsnodes_births: 2.
num_vsnodes_deaths: 0.
num_space_committed: 139.
num_space_uncommitted: 0.
num_chunks_returned_to_freelist: 0.
num_chunks_taken_from_freelist: 174.
num_chunk_merges: 0.
num_chunk_splits: 99.
num_chunks_enlarged: 32.
num_inconsistent_stats: 0.

CodeHeap 'non-profiled nmethods': size=120000Kb used=366Kb max_used=366Kb free=119633Kb
 bounds [0x0000017bf2e30000, 0x0000017bf30a0000, 0x0000017bfa360000]
CodeHeap 'profiled nmethods': size=120000Kb used=1942Kb max_used=1942Kb free=118057Kb
 bounds [0x0000017beb360000, 0x0000017beb5d0000, 0x0000017bf2890000]
CodeHeap 'non-nmethods': size=5760Kb used=1271Kb max_used=1297Kb free=4488Kb
 bounds [0x0000017bf2890000, 0x0000017bf2b00000, 0x0000017bf2e30000]
 total_blobs=1729 nmethods=1132 adapters=510
 compilation: enabled
              stopped_count=0, restarted_count=0
 full_count=0

Compilation events (20 events):
Event: 3.471 Thread 0x0000017b80b49a60 1124   !   3       jdk.internal.ref.PhantomCleanable::remove (60 bytes)
Event: 3.472 Thread 0x0000017b80b49a60 nmethod 1124 0x0000017beb53e290 code [0x0000017beb53e440, 0x0000017beb53e858]
Event: 3.483 Thread 0x0000017b80b49a60 1125       1       javax.swing.plaf.synth.Region::isSubregion (5 bytes)
Event: 3.483 Thread 0x0000017b80b49a60 nmethod 1125 0x0000017bf2e8a490 code [0x0000017bf2e8a620, 0x0000017bf2e8a6f8]
Event: 3.483 Thread 0x0000017b80b49a60 1126       3       javax.swing.JComponent::revalidate (53 bytes)
Event: 3.484 Thread 0x0000017b80b49a60 nmethod 1126 0x0000017beb53ea10 code [0x0000017beb53eca0, 0x0000017beb53f8c8]
Event: 3.484 Thread 0x0000017b80b49a60 1127       3       java.awt.Component::updateGraphicsData (34 bytes)
Event: 3.484 Thread 0x0000017b80b49a60 nmethod 1127 0x0000017beb53fc10 code [0x0000017beb53fde0, 0x0000017beb540128]
Event: 3.484 Thread 0x0000017b80b49a60 1128       3       java.awt.Component::updateSelfGraphicsData (38 bytes)
Event: 3.485 Thread 0x0000017b80b49a60 nmethod 1128 0x0000017beb540210 code [0x0000017beb540400, 0x0000017beb540908]
Event: 3.491 Thread 0x0000017b80b49a60 1132       3       java.io.InputStream::<init> (5 bytes)
Event: 3.491 Thread 0x0000017b80b49a60 nmethod 1132 0x0000017beb540a90 code [0x0000017beb540c20, 0x0000017beb540d78]
Event: 3.491 Thread 0x0000017b80b49a60 1133  s    3       java.lang.StringBuffer::toString (59 bytes)
Event: 3.492 Thread 0x0000017b80b49a60 nmethod 1133 0x0000017beb540e10 code [0x0000017beb541000, 0x0000017beb541618]
Event: 3.498 Thread 0x0000017b80b49a60 1134       3       javax.swing.plaf.nimbus.NimbusStyle$CacheKey::equals (42 bytes)
Event: 3.499 Thread 0x0000017b80b49a60 nmethod 1134 0x0000017beb541790 code [0x0000017beb541960, 0x0000017beb541ce8]
Event: 3.499 Thread 0x0000017b80b49a60 1135       3       java.awt.Component::invalidateIfValid (12 bytes)
Event: 3.499 Thread 0x0000017b80b49a60 nmethod 1135 0x0000017beb541e10 code [0x0000017beb541fc0, 0x0000017beb542348]
Event: 3.502 Thread 0x0000017b80b49a60 1136       1       java.util.Calendar::getZone (5 bytes)
Event: 3.502 Thread 0x0000017b80b49a60 nmethod 1136 0x0000017bf2e8a790 code [0x0000017bf2e8a920, 0x0000017bf2e8a9f8]

GC Heap History (2 events):
Event: 3.465 GC heap before
{Heap before GC invocations=0 (full 0):
 garbage-first heap   total 94208K, used 40960K [0x00000000a4e00000, 0x0000000100000000)
  region size 1024K, 23 young (23552K), 0 survivors (0K)
 Metaspace       used 8637K, committed 8832K, reserved 1114112K
  class space    used 1010K, committed 1088K, reserved 1048576K
}
Event: 3.470 GC heap after
{Heap after GC invocations=1 (full 0):
 garbage-first heap   total 94208K, used 25711K [0x00000000a4e00000, 0x0000000100000000)
  region size 1024K, 3 young (3072K), 3 survivors (3072K)
 Metaspace       used 8637K, committed 8832K, reserved 1114112K
  class space    used 1010K, committed 1088K, reserved 1048576K
}

Deoptimization events (20 events):
Event: 3.451 Thread 0x0000017bcbf6a900 DEOPT PACKING pc=0x0000017beb5274ab sp=0x0000000560ffed10
Event: 3.451 Thread 0x0000017bcbf6a900 DEOPT UNPACKING pc=0x0000017bf28e2b43 sp=0x0000000560ffe1b0 mode 0
Event: 3.455 Thread 0x0000017bcbf6a900 DEOPT PACKING pc=0x0000017beb5274ab sp=0x0000000560ffef20
Event: 3.455 Thread 0x0000017bcbf6a900 DEOPT UNPACKING pc=0x0000017bf28e2b43 sp=0x0000000560ffe3c0 mode 0
Event: 3.457 Thread 0x0000017bcbf6a900 DEOPT PACKING pc=0x0000017beb5274ab sp=0x0000000560ffed10
Event: 3.457 Thread 0x0000017bcbf6a900 DEOPT UNPACKING pc=0x0000017bf28e2b43 sp=0x0000000560ffe1b0 mode 0
Event: 3.463 Thread 0x0000017bcc083e70 DEOPT PACKING pc=0x0000017beb5274ab sp=0x00000005610fed70
Event: 3.463 Thread 0x0000017bcc083e70 DEOPT UNPACKING pc=0x0000017bf28e2b43 sp=0x00000005610fe210 mode 0
Event: 3.472 Thread 0x0000017bcc083e70 DEOPT PACKING pc=0x0000017beb5274ab sp=0x00000005610feb60
Event: 3.472 Thread 0x0000017bcc083e70 DEOPT UNPACKING pc=0x0000017bf28e2b43 sp=0x00000005610fe000 mode 0
Event: 3.476 Thread 0x0000017bcc083e70 DEOPT PACKING pc=0x0000017beb5274ab sp=0x00000005610fed70
Event: 3.476 Thread 0x0000017bcc083e70 DEOPT UNPACKING pc=0x0000017bf28e2b43 sp=0x00000005610fe210 mode 0
Event: 3.480 Thread 0x0000017bcc083e70 DEOPT PACKING pc=0x0000017beb5274ab sp=0x00000005610feb60
Event: 3.480 Thread 0x0000017bcc083e70 DEOPT UNPACKING pc=0x0000017bf28e2b43 sp=0x00000005610fe000 mode 0
Event: 3.485 Thread 0x0000017bcbf6a900 DEOPT PACKING pc=0x0000017beb5274ab sp=0x0000000560ffef20
Event: 3.485 Thread 0x0000017bcbf6a900 DEOPT UNPACKING pc=0x0000017bf28e2b43 sp=0x0000000560ffe3c0 mode 0
Event: 3.492 Thread 0x0000017bcc083e70 DEOPT PACKING pc=0x0000017beb5274ab sp=0x00000005610fed70
Event: 3.492 Thread 0x0000017bcc083e70 DEOPT UNPACKING pc=0x0000017bf28e2b43 sp=0x00000005610fe210 mode 0
Event: 3.503 Thread 0x0000017bcbf6a900 DEOPT PACKING pc=0x0000017beb5274ab sp=0x0000000560ffef20
Event: 3.503 Thread 0x0000017bcbf6a900 DEOPT UNPACKING pc=0x0000017bf28e2b43 sp=0x0000000560ffe3c0 mode 0

Classes unloaded (0 events):
No events

Classes redefined (0 events):
No events

Internal exceptions (20 events):
Event: 0.469 Thread 0x0000017be3ab0a40 Exception <a 'java/lang/ClassNotFoundException'{0x00000000aa0335a0}: EditorPane> (0x00000000aa0335a0) 
thrown [s\open\src\hotspot\share\classfile\systemDictionary.cpp, line 256]
Event: 0.469 Thread 0x0000017be3ab0a40 Exception <a 'java/lang/ClassNotFoundException'{0x00000000aa033f00}: ToolBar> (0x00000000aa033f00) 
thrown [s\open\src\hotspot\share\classfile\systemDictionary.cpp, line 256]
Event: 0.470 Thread 0x0000017be3ab0a40 Exception <a 'java/lang/ClassNotFoundException'{0x00000000aa0343f8}: ToolBar> (0x00000000aa0343f8) 
thrown [s\open\src\hotspot\share\classfile\systemDictionary.cpp, line 256]
Event: 0.470 Thread 0x0000017be3ab0a40 Exception <a 'java/lang/ClassNotFoundException'{0x00000000aa034758}: Button> (0x00000000aa034758) 
thrown [s\open\src\hotspot\share\classfile\systemDictionary.cpp, line 256]
Event: 0.470 Thread 0x0000017be3ab0a40 Exception <a 'java/lang/ClassNotFoundException'{0x00000000aa034c20}: ToolBar> (0x00000000aa034c20) 
thrown [s\open\src\hotspot\share\classfile\systemDictionary.cpp, line 256]
Event: 0.470 Thread 0x0000017be3ab0a40 Exception <a 'java/lang/ClassNotFoundException'{0x00000000aa034f90}: ToggleButton> (0x00000000aa034f90) 
thrown [s\open\src\hotspot\share\classfile\systemDictionary.cpp, line 256]
Event: 0.470 Thread 0x0000017be3ab0a40 Exception <a 'java/lang/ClassNotFoundException'{0x00000000aa0353d0}: javax/swing/JToolBarSeparator> (0x00000000aa0353d0) 
thrown [s\open\src\hotspot\share\classfile\systemDictionary.cpp, line 256]
Event: 0.470 Thread 0x0000017be3ab0a40 Exception <a 'java/lang/ClassNotFoundException'{0x00000000aa0356d8}: ToolBarSeparator> (0x00000000aa0356d8) 
thrown [s\open\src\hotspot\share\classfile\systemDictionary.cpp, line 256]
Event: 0.470 Thread 0x0000017be3ab0a40 Exception <a 'java/lang/ClassNotFoundException'{0x00000000aa035bf0}: ToolTip> (0x00000000aa035bf0) 
thrown [s\open\src\hotspot\share\classfile\systemDictionary.cpp, line 256]
Event: 0.470 Thread 0x0000017be3ab0a40 Exception <a 'java/lang/ClassNotFoundException'{0x00000000aa036540}: Tree> (0x00000000aa036540) 
thrown [s\open\src\hotspot\share\classfile\systemDictionary.cpp, line 256]
Event: 0.470 Thread 0x0000017be3ab0a40 Exception <a 'java/lang/ClassNotFoundException'{0x00000000aa036a38}: Tree> (0x00000000aa036a38) 
thrown [s\open\src\hotspot\share\classfile\systemDictionary.cpp, line 256]
Event: 0.470 Thread 0x0000017be3ab0a40 Exception <a 'java/lang/ClassNotFoundException'{0x00000000aa036da8}: javax/swing/JTreeCell> (0x00000000aa036da8) 
thrown [s\open\src\hotspot\share\classfile\systemDictionary.cpp, line 256]
Event: 0.470 Thread 0x0000017be3ab0a40 Exception <a 'java/lang/ClassNotFoundException'{0x00000000aa0370a8}: TreeCell> (0x00000000aa0370a8) 
thrown [s\open\src\hotspot\share\classfile\systemDictionary.cpp, line 256]
Event: 0.471 Thread 0x0000017be3ab0a40 Exception <a 'java/lang/ClassNotFoundException'{0x00000000aa037868}: RootPane> (0x00000000aa037868) 
thrown [s\open\src\hotspot\share\classfile\systemDictionary.cpp, line 256]
Event: 0.474 Thread 0x0000017be3ab0a40 Exception <a 'java/lang/ClassNotFoundException'{0x00000000aa03a6b8}: com/sun/swing/internal/plaf/metal/resources/spi/metalProvider> (0x00000000aa03a6b8) 
thrown [s\open\src\hotspot\share\classfile\systemDictionary.cpp, line 256]
Event: 0.475 Thread 0x0000017be3ab0a40 Exception <a 'java/lang/ClassNotFoundException'{0x00000000aa03e2b8}: com/sun/swing/internal/plaf/basic/resources/spi/basicProvider> (0x00000000aa03e2b8) 
thrown [s\open\src\hotspot\share\classfile\systemDictionary.cpp, line 256]
Event: 1.926 Thread 0x0000017bc675a610 Exception <a 'java/lang/ClassNotFoundException'{0x00000000a9f03d48}: com/sun/swing/internal/plaf/synth/resources/spi/synthProvider> (0x00000000a9f03d48) 
thrown [s\open\src\hotspot\share\classfile\systemDictionary.cpp, line 256]
Event: 1.960 Thread 0x0000017bc632d6c0 Exception <a 'java/lang/NoSuchMethodError'{0x00000000aa2fb7c8}: 'void java.lang.invoke.DirectMethodHandle$Holder.invokeVirtual(java.lang.Object, java.lang.Object)'> (0x00000000aa2fb7c8) 
thrown [s\open\src\hotspot\share\interpreter\linkResolver.cpp, line 759]
Event: 1.990 Thread 0x0000017bc675a610 Exception <a 'java/lang/NoSuchMethodError'{0x00000000a9f62a88}: 'void java.lang.invoke.DirectMethodHandle$Holder.invokeStaticInit(java.lang.Object)'> (0x00000000a9f62a88) 
thrown [s\open\src\hotspot\share\interpreter\linkResolver.cpp, line 759]
Event: 2.079 Thread 0x0000017bcbf6a900 Exception <a 'java/lang/NoSuchMethodError'{0x00000000a9d6c138}: 'java.lang.Object java.lang.invoke.DirectMethodHandle$Holder.newInvokeSpecial(java.lang.Object, java.lang.Object, java.lang.Object, int, int, int, int, int)'> (0x00000000a9d6c138) 
thrown [s\open\src\hotspot\share\interpreter\linkResolver.cpp, line 759]

VM Operations (16 events):
Event: 0.138 Executing VM operation: HandshakeAllThreads
Event: 0.138 Executing VM operation: HandshakeAllThreads done
Event: 0.447 Executing VM operation: HandshakeAllThreads
Event: 0.447 Executing VM operation: HandshakeAllThreads done
Event: 1.460 Executing VM operation: Cleanup
Event: 1.460 Executing VM operation: Cleanup done
Event: 1.971 Executing VM operation: HandshakeAllThreads
Event: 1.971 Executing VM operation: HandshakeAllThreads done
Event: 2.189 Executing VM operation: HandshakeAllThreads
Event: 2.189 Executing VM operation: HandshakeAllThreads done
Event: 3.191 Executing VM operation: Cleanup
Event: 3.255 Executing VM operation: Cleanup done
Event: 3.465 Executing VM operation: G1CollectForAllocation
Event: 3.470 Executing VM operation: G1CollectForAllocation done
Event: 4.481 Executing VM operation: Cleanup
Event: 4.481 Executing VM operation: Cleanup done

Events (20 events):
Event: 3.277 loading class java/awt/event/InputMethodListener
Event: 3.277 loading class java/awt/event/InputMethodListener done
Event: 3.277 loading class java/awt/event/HierarchyListener
Event: 3.277 loading class java/awt/event/HierarchyListener done
Event: 3.277 loading class java/awt/event/HierarchyBoundsListener
Event: 3.277 loading class java/awt/event/HierarchyBoundsListener done
Event: 3.277 loading class java/awt/event/MouseWheelListener
Event: 3.277 loading class java/awt/event/MouseWheelListener done
Event: 3.277 loading class java/awt/AWTEventMulticaster done
Event: 3.277 loading class javax/swing/event/AncestorListener
Event: 3.277 loading class javax/swing/event/AncestorListener done
Event: 3.277 loading class java/beans/VetoableChangeListener
Event: 3.277 loading class java/beans/VetoableChangeListener done
Event: 3.287 Thread 0x0000017bcc083e70 Thread added: 0x0000017bcc083e70
Event: 3.363 loading class java/awt/event/MouseAdapter
Event: 3.363 loading class java/awt/event/MouseAdapter done
Event: 3.498 loading class javax/swing/Box
Event: 3.498 loading class javax/swing/Box done
Event: 3.498 loading class javax/swing/Box$Filler
Event: 3.499 loading class javax/swing/Box$Filler done


Dynamic libraries:
0x00007ff6d0b20000 - 0x00007ff6d0b30000 	C:\Program Files\Java\jdk-17\bin\java.exe
0x00007ffc702e0000 - 0x00007ffc70543000 	C:\WINDOWS\SYSTEM32\ntdll.dll
0x00007ffc6f040000 - 0x00007ffc6f107000 	C:\WINDOWS\System32\KERNEL32.DLL
0x00007ffc6d940000 - 0x00007ffc6dd07000 	C:\WINDOWS\System32\KERNELBASE.dll
0x00007ffc6d7f0000 - 0x00007ffc6d93c000 	C:\WINDOWS\System32\ucrtbase.dll
0x00007ffc64a30000 - 0x00007ffc64a4b000 	C:\Program Files\Java\jdk-17\bin\VCRUNTIME140.dll
0x00007ffc636b0000 - 0x00007ffc636c9000 	C:\Program Files\Java\jdk-17\bin\jli.dll
0x00007ffc6e480000 - 0x00007ffc6e534000 	C:\WINDOWS\System32\ADVAPI32.dll
0x00007ffc6eb50000 - 0x00007ffc6ebf9000 	C:\WINDOWS\System32\msvcrt.dll
0x00007ffc6f150000 - 0x00007ffc6f1f6000 	C:\WINDOWS\System32\sechost.dll
0x00007ffc6f5b0000 - 0x00007ffc6f6c6000 	C:\WINDOWS\System32\RPCRT4.dll
0x00007ffc700d0000 - 0x00007ffc70299000 	C:\WINDOWS\System32\USER32.dll
0x00007ffc6de40000 - 0x00007ffc6de67000 	C:\WINDOWS\System32\win32u.dll
0x00007ffc4c2a0000 - 0x00007ffc4c530000 	C:\WINDOWS\WinSxS\amd64_microsoft.windows.common-controls_6595b64144ccf1df_6.0.26100.3037_none_3e09262ce333c378\COMCTL32.dll
0x00007ffc6e690000 - 0x00007ffc6e6ba000 	C:\WINDOWS\System32\GDI32.dll
0x00007ffc6de70000 - 0x00007ffc6df9b000 	C:\WINDOWS\System32\gdi32full.dll
0x00007ffc6d680000 - 0x00007ffc6d723000 	C:\WINDOWS\System32\msvcp_win.dll
0x00007ffc646e0000 - 0x00007ffc646eb000 	C:\WINDOWS\SYSTEM32\VERSION.dll
0x00007ffc6e120000 - 0x00007ffc6e14f000 	C:\WINDOWS\System32\IMM32.DLL
0x00007ffc651d0000 - 0x00007ffc651dc000 	C:\Program Files\Java\jdk-17\bin\vcruntime140_1.dll
0x00007ffc2d010000 - 0x00007ffc2d09e000 	C:\Program Files\Java\jdk-17\bin\msvcp140.dll
0x00007ffbf7d10000 - 0x00007ffbf88f0000 	C:\Program Files\Java\jdk-17\bin\server\jvm.dll
0x00007ffc6f130000 - 0x00007ffc6f138000 	C:\WINDOWS\System32\PSAPI.DLL
0x00007ffc3e410000 - 0x00007ffc3e41a000 	C:\WINDOWS\SYSTEM32\WSOCK32.dll
0x00007ffc550d0000 - 0x00007ffc55106000 	C:\WINDOWS\SYSTEM32\WINMM.dll
0x00007ffc6e610000 - 0x00007ffc6e684000 	C:\WINDOWS\System32\WS2_32.dll
0x00007ffc6c4b0000 - 0x00007ffc6c4ca000 	C:\WINDOWS\SYSTEM32\kernel.appcore.dll
0x00007ffc64c10000 - 0x00007ffc64c1a000 	C:\Program Files\Java\jdk-17\bin\jimage.dll
0x00007ffc6af50000 - 0x00007ffc6b191000 	C:\WINDOWS\SYSTEM32\DBGHELP.DLL
0x00007ffc6ecb0000 - 0x00007ffc6f02e000 	C:\WINDOWS\System32\combase.dll
0x00007ffc6f370000 - 0x00007ffc6f446000 	C:\WINDOWS\System32\OLEAUT32.dll
0x00007ffc49130000 - 0x00007ffc49169000 	C:\WINDOWS\SYSTEM32\dbgcore.DLL
0x00007ffc6dda0000 - 0x00007ffc6de39000 	C:\WINDOWS\System32\bcryptPrimitives.dll
0x00007ffc60d00000 - 0x00007ffc60d25000 	C:\Program Files\Java\jdk-17\bin\java.dll
0x00007ffc2d0a0000 - 0x00007ffc2d177000 	C:\Program Files\Java\jdk-17\bin\jsvml.dll
0x00007ffc6f9c0000 - 0x00007ffc700c4000 	C:\WINDOWS\System32\SHELL32.dll
0x00007ffc6b3a0000 - 0x00007ffc6bbd7000 	C:\WINDOWS\SYSTEM32\windows.storage.dll
0x00007ffc6e390000 - 0x00007ffc6e479000 	C:\WINDOWS\System32\SHCORE.dll
0x00007ffc6e330000 - 0x00007ffc6e38d000 	C:\WINDOWS\System32\shlwapi.dll
0x00007ffc6d590000 - 0x00007ffc6d5be000 	C:\WINDOWS\SYSTEM32\profapi.dll
0x00007ffc649d0000 - 0x00007ffc649e9000 	C:\Program Files\Java\jdk-17\bin\net.dll
0x00007ffc65bb0000 - 0x00007ffc65cce000 	C:\WINDOWS\SYSTEM32\WINHTTP.dll
0x00007ffc6c9c0000 - 0x00007ffc6ca2a000 	C:\WINDOWS\system32\mswsock.dll
0x00007ffc62d10000 - 0x00007ffc62d26000 	C:\Program Files\Java\jdk-17\bin\nio.dll
0x00007ffc61e60000 - 0x00007ffc61e78000 	C:\Program Files\Java\jdk-17\bin\zip.dll
0x00007ffc2bee0000 - 0x00007ffc2c071000 	C:\Program Files\Java\jdk-17\bin\awt.dll
0x00007ffc6a270000 - 0x00007ffc6a30c000 	C:\WINDOWS\SYSTEM32\apphelp.dll
0x00007ffc6a390000 - 0x00007ffc6a43d000 	C:\WINDOWS\system32\uxtheme.dll
0x00007ffc2e950000 - 0x00007ffc2ea83000 	C:\ProgramData\A-Volute\A-Volute.Nahimic\Modules\Scheduled\x64\AudioDevProps2.dll
0x00007ffc6f7f0000 - 0x00007ffc6f985000 	C:\WINDOWS\System32\ole32.dll
0x00007ffc6f450000 - 0x00007ffc6f5ac000 	C:\WINDOWS\System32\MSCTF.dll
0x00007ffc6a8d0000 - 0x00007ffc6a8fe000 	C:\WINDOWS\system32\DWMAPI.DLL
0x00007ffc2c460000 - 0x00007ffc2c4e7000 	C:\Program Files\Java\jdk-17\bin\freetype.dll
0x00007ffc2bd80000 - 0x00007ffc2be61000 	C:\Program Files\Java\jdk-17\bin\fontmanager.dll
0x00007ffc2eec0000 - 0x00007ffc2efcc000 	C:\WINDOWS\system32\opengl32.dll
0x00007ffc399d0000 - 0x00007ffc399fd000 	C:\WINDOWS\SYSTEM32\GLU32.dll
0x00007ffc6a930000 - 0x00007ffc6a977000 	C:\WINDOWS\SYSTEM32\dxcore.dll
0x00007ffbf46b0000 - 0x00007ffbf485c000 	C:\WINDOWS\system32\d3d9.dll
0x00007ffc35220000 - 0x00007ffc35240000 	C:\WINDOWS\System32\DriverStore\FileRepository\u0408849.inf_amd64_53e030d4d9290593\B408642\atidx9loader64.dll
0x00007ffb9eef0000 - 0x00007ffba2734000 	C:\WINDOWS\System32\DriverStore\FileRepository\u0408849.inf_amd64_53e030d4d9290593\B408642\AMDXN64.DLL
0x00007ffc6e6c0000 - 0x00007ffc6eb46000 	C:\WINDOWS\System32\SETUPAPI.dll
0x00007ffc6a780000 - 0x00007ffc6a8ac000 	C:\WINDOWS\SYSTEM32\dxgi.dll
0x00007ffc6a720000 - 0x00007ffc6a77c000 	C:\WINDOWS\SYSTEM32\directxdatabasehelper.dll
0x00007ffc6d200000 - 0x00007ffc6d25f000 	C:\WINDOWS\SYSTEM32\cfgmgr32.dll
0x00007ffc6cea0000 - 0x00007ffc6cec6000 	C:\WINDOWS\SYSTEM32\BCrypt.dll
0x00007ffc54cf0000 - 0x00007ffc54d27000 	C:\WINDOWS\System32\DriverStore\FileRepository\u0408849.inf_amd64_53e030d4d9290593\B408642\amdihk64.dll

dbghelp: loaded successfully - version: 4.0.5 - missing functions: none
symbol engine: initialized successfully - sym options: 0x614 - pdb path: .;C:\Program Files\Java\jdk-17\bin;C:\WINDOWS\SYSTEM32;C:\WINDOWS\WinSxS\amd64_microsoft.windows.common-controls_6595b64144ccf1df_6.0.26100.3037_none_3e09262ce333c378;C:\Program Files\Java\jdk-17\bin\server;C:\ProgramData\A-Volute\A-Volute.Nahimic\Modules\Scheduled\x64;C:\WINDOWS\System32\DriverStore\FileRepository\u0408849.inf_amd64_53e030d4d9290593\B408642

VM Arguments:
java_command: com.swing.ProfessionalSidebarForm
java_class_path (initial): C:\Users\PC\Documents\NetBeansProjects\du_an_tot_nghiep\target\classes;C:\Users\PC\.m2\repository\com\formdev\flatlaf\3.2.1\flatlaf-3.2.1.jar;C:\Users\PC\.m2\repository\com\formdev\flatlaf-extras\3.2.1\flatlaf-extras-3.2.1.jar;C:\Users\PC\.m2\repository\com\github\weisj\jsvg\1.1.0\jsvg-1.1.0.jar;C:\Users\PC\.m2\repository\com\formdev\flatlaf-fonts-roboto\2.137\flatlaf-fonts-roboto-2.137.jar;C:\Users\PC\.m2\repository\com\miglayout\miglayout-swing\11.1\miglayout-swing-11.1.jar;C:\Users\PC\.m2\repository\com\miglayout\miglayout-core\11.1\miglayout-core-11.1.jar;C:\Users\PC\.m2\repository\com\microsoft\sqlserver\mssql-jdbc\12.8.1.jre8\mssql-jdbc-12.8.1.jre8.jar;C:\Users\PC\.m2\repository\com\google\auth\google-auth-library-oauth2-http\0.26.0\google-auth-library-oauth2-http-0.26.0.jar;C:\Users\PC\.m2\repository\com\google\auto\value\auto-value-annotations\1.8.1\auto-value-annotations-1.8.1.jar;C:\Users\PC\.m2\repository\com\google\code\findbugs\jsr305\3.0.2\jsr305-3.0.2.jar;C:\Users\PC\.m2\repository\com\google\auth\google-auth-library-credentials\0.26.0\google-auth-library-credentials-0.26.0.jar;C:\Users\PC\.m2\repository\com\google\http-client\google-http-client\1.39.2\google-http-client-1.39.2.jar;C:\Users\PC\.m2\repository\com\google\j2objc\j2objc-annotations\1.3\j2objc-annotations-1.3.jar;C:\Users\PC\.m2\repository\io\opencensus\opencensus-api\0.28.0\opencensus-api-0.28.0.jar;C:\Users\PC\.m2\repository\io\grpc\grpc-context\1.27.2\grpc-context-1.27.2.jar;C:\Users\PC\.m2\repository\io\opencensus\opencensus-contrib-http-util\0.28.0\opencensus-contrib-http-util-0.28.0.jar;C:\Users\PC\.m2\repository\com\google\http-client\google-http-client-gson\1.39.2\google-http-client-gson-1.39.2.jar;C:\Users\PC\.m2\repository\com\google\code\gson\gson\2.8.6\gson-2.8.6.jar;C:\Users\PC\.m2\repository\com\google\guava\guava\30.1.1-android\guava-30.1.1-android.jar;C:\Users\PC\.m2\repository\com\google\guava\failureaccess\1.0.1\failureaccess-1.0.1.jar;C:\User
Launcher Type: SUN_STANDARD

[Global flags]
     intx CICompilerCount                          = 4                                         {product} {ergonomic}
     uint ConcGCThreads                            = 3                                         {product} {ergonomic}
     uint G1ConcRefinementThreads                  = 10                                        {product} {ergonomic}
   size_t G1HeapRegionSize                         = 1048576                                   {product} {ergonomic}
    uintx GCDrainStackTargetSize                   = 64                                        {product} {ergonomic}
   size_t InitialHeapSize                          = 96468992                                  {product} {ergonomic}
   size_t MarkStackSize                            = 4194304                                   {product} {ergonomic}
   size_t MaxHeapSize                              = 1528823808                                {product} {ergonomic}
   size_t MaxNewSize                               = 916455424                                 {product} {ergonomic}
   size_t MinHeapDeltaBytes                        = 1048576                                   {product} {ergonomic}
   size_t MinHeapSize                              = 8388608                                   {product} {ergonomic}
    uintx NonNMethodCodeHeapSize                   = 5839372                                {pd product} {ergonomic}
    uintx NonProfiledCodeHeapSize                  = 122909434                              {pd product} {ergonomic}
    uintx ProfiledCodeHeapSize                     = 122909434                              {pd product} {ergonomic}
    uintx ReservedCodeCacheSize                    = 251658240                              {pd product} {ergonomic}
     bool SegmentedCodeCache                       = true                                      {product} {ergonomic}
   size_t SoftMaxHeapSize                          = 1528823808                             {manageable} {ergonomic}
     bool UseCompressedClassPointers               = true                           {product lp64_product} {ergonomic}
     bool UseCompressedOops                        = true                           {product lp64_product} {ergonomic}
     bool UseG1GC                                  = true                                      {product} {ergonomic}
     bool UseLargePagesIndividualAllocation        = false                                  {pd product} {ergonomic}

Logging:
Log output configuration:
 #0: stdout all=warning uptime,level,tags
 #1: stderr all=off uptime,level,tags

Environment Variables:
JAVA_HOME=C:\Program Files\Java\jdk-17
PATH=C:\Program Files\Microsoft MPI\Bin\;C:\Program Files\Common Files\Oracle\Java\javapath;C:\Program Files (x86)\Common Files\Intel\Shared Libraries\redist\intel64\compiler;C:\Windows\system32;C:\Windows;C:\Windows\System32\Wbem;C:\Windows\System32\WindowsPowerShell\v1.0\;C:\Windows\System32\OpenSSH\;C:\Program Files\NVIDIA Corporation\NVIDIA NvDLISR;C:\WINDOWS\system32;C:\WINDOWS;C:\WINDOWS\System32\Wbem;C:\WINDOWS\System32\WindowsPowerShell\v1.0\;C:\WINDOWS\System32\OpenSSH\;C:\Program Files (x86)\Windows Kits\10\Windows Performance Toolkit\;C:\Program Files\dotnet\;C:\MinGW\bin;C:\Program Files (x86)\Microsoft SQL Server\160\Tools\Binn\;C:\Program Files\Microsoft SQL Server\160\Tools\Binn\;C:\Program Files\Microsoft SQL Server\Client SDK\ODBC\170\Tools\Binn\;C:\Program Files\Microsoft SQL Server\160\DTS\Binn\;C:\Program Files (x86)\Microsoft SQL Server\160\DTS\Binn\;D:\node.js\;C:\Users\PC\AppData\Local\Microsoft\WindowsApps;C:\Users\PC\AppData\Local\Programs\Microsoft VS Code\bin;C:\Users\PC\.dotnet\tools;C:\Users\PC\AppData\Roaming\npm;D:\apache-maven-3.9.9-bin\apache-maven-3.9.9\bin;
USERNAME=PC
OS=Windows_NT
PROCESSOR_IDENTIFIER=AMD64 Family 25 Model 68 Stepping 1, AuthenticAMD



---------------  S Y S T E M  ---------------

OS:
 Windows 11 , 64 bit Build 26100 (10.0.26100.3037)
OS uptime: 1 days 14:01 hours

CPU: total 12 (initial active 12) (12 cores per cpu, 2 threads per core) family 25 model 68 stepping 1 microcode 0xa404101, cx8, cmov, fxsr, ht, mmx, 3dnowpref, sse, sse2, sse3, ssse3, sse4a, sse4.1, sse4.2, popcnt, lzcnt, tsc, tscinvbit, avx, avx2, aes, clmul, bmi1, bmi2, adx, sha, fma, vzeroupper, clflush, clflushopt

Memory: 4k page, system-wide physical 5829M (471M free)
TotalPageFile size 24261M (AvailPageFile size 37M)
current process WorkingSet (physical memory assigned to process): 143M, peak: 143M
current process commit charge ("private bytes"): 234M, peak: 235M

vm_info: Java HotSpot(TM) 64-Bit Server VM (17.0.11+7-LTS-207) for windows-amd64 JRE (17.0.11+7-LTS-207), built on Mar 11 2024 19:01:50 by "mach5one" with MS VC++ 17.6 (VS2022)

END.
