#
# There is insufficient memory for the Java Runtime Environment to continue.
# Native memory allocation (malloc) failed to allocate 1568352 bytes for Chunk::new
# Possible reasons:
#   The system is out of physical RAM or swap space
#   The process is running with CompressedOops enabled, and the Java Heap may be blocking the growth of the native heap
# Possible solutions:
#   Reduce memory load on the system
#   Increase physical memory or swap space
#   Check if swap backing store is full
#   Decrease Java heap size (-Xmx/-Xms)
#   Decrease number of Java threads
#   Decrease Java thread stack sizes (-Xss)
#   Set larger code cache with -XX:ReservedCodeCacheSize=
#   JVM is running with Unscaled Compressed Oops mode in which the Java heap is
#     placed in the first 4GB address space. The Java Heap base address is the
#     maximum limit for the native heap growth. Please use -XX:HeapBaseMinAddress
#     to set the Java Heap base and to place the Java Heap above 4GB virtual address.
# This output file may be truncated or incomplete.
#
#  Out of Memory Error (arena.cpp:189), pid=22664, tid=6188
#
# JRE version: Java(TM) SE Runtime Environment (17.0.11+7) (build 17.0.11+7-LTS-207)
# Java VM: Java HotSpot(TM) 64-Bit Server VM (17.0.11+7-LTS-207, mixed mode, sharing, tiered, compressed oops, compressed class ptrs, g1 gc, windows-amd64)
# No core dump will be written. Minidumps are not enabled by default on client versions of Windows
#

---------------  S U M M A R Y ------------

Command Line: -Dclassworlds.conf=C:\Program Files\NetBeans-21\netbeans\java\maven\bin\m2.conf -Dmaven.home=C:\Program Files\NetBeans-21\netbeans\java\maven -Dlibrary.jansi.path=C:\Program Files\NetBeans-21\netbeans\java\maven\lib\jansi-native -Dmaven.multiModuleProjectDirectory=C:\Users\PC\Documents\NetBeansProjects\du_an_tot_nghiep org.codehaus.plexus.classworlds.launcher.Launcher -Dexec.vmArgs= -Dexec.args=${exec.vmArgs} -classpath %classpath ${exec.mainClass} ${exec.appArgs} -Dexec.executable=C:\Program Files\Java\jdk-17\bin\java.exe -Dexec.mainClass=com.text.text_swing.ExpandableLinePanel -Dexec.classpathScope=runtime -Dexec.appArgs= -Dmaven.ext.class.path=C:\Program Files\NetBeans-21\netbeans\java\maven-nblib\netbeans-eventspy.jar --no-transfer-progress process-classes org.codehaus.mojo:exec-maven-plugin:3.1.0:exec

Host: AMD Ryzen 5 6600H with Radeon Graphics         , 12 cores, 5G,  Windows 11 , 64 bit Build 26100 (10.0.26100.3037)
Time: Tue Mar 11 22:54:50 2025 SE Asia Standard Time elapsed time: 8.840314 seconds (0d 0h 0m 8s)

---------------  T H R E A D  ---------------

Current thread (0x000002a05b272f50):  JavaThread "C2 CompilerThread1" daemon [_thread_in_native, id=6188, stack(0x000000a0bc800000,0x000000a0bc900000)]


Current CompileTask:
C2:   8840 7386       4       com.sun.tools.javac.code.Types::union (134 bytes)

Stack: [0x000000a0bc800000,0x000000a0bc900000]
Native frames: (J=compiled Java code, j=interpreted, Vv=VM code, C=native code)
V  [jvm.dll+0x679cca]
V  [jvm.dll+0x7da13d]
V  [jvm.dll+0x7dba83]
V  [jvm.dll+0x7dc0f3]
V  [jvm.dll+0x2449af]
V  [jvm.dll+0xab83b]
V  [jvm.dll+0xabe1c]
V  [jvm.dll+0x3615ae]
V  [jvm.dll+0x32bd61]
V  [jvm.dll+0x32b1fa]
V  [jvm.dll+0x2161df]
V  [jvm.dll+0x21560f]
V  [jvm.dll+0x1a2040]
V  [jvm.dll+0x225a2b]
V  [jvm.dll+0x223bcb]
V  [jvm.dll+0x7903ec]
V  [jvm.dll+0x78a85a]
V  [jvm.dll+0x678bb5]
C  [ucrtbase.dll+0x37b0]
C  [KERNEL32.DLL+0x2e8d7]
C  [ntdll.dll+0xbbf2c]


---------------  P R O C E S S  ---------------

Threads class SMR info:
_java_thread_list=0x000002a05d97af70, length=13, elements={
0x000002a078527450, 0x000002a0155a6a10, 0x000002a0155a74e0, 0x000002a0155bdcb0,
0x000002a0155c0690, 0x000002a0155c2f70, 0x000002a0155c3840, 0x000002a0155cfa00,
0x000002a0155d03c0, 0x000002a0155d0cd0, 0x000002a0158482c0, 0x000002a015860a50,
0x000002a05b272f50
}

Java Threads: ( => current thread )
  0x000002a078527450 JavaThread "main" [_thread_in_Java, id=14556, stack(0x000000a0baa00000,0x000000a0bab00000)]
  0x000002a0155a6a10 JavaThread "Reference Handler" daemon [_thread_blocked, id=28944, stack(0x000000a0bb100000,0x000000a0bb200000)]
  0x000002a0155a74e0 JavaThread "Finalizer" daemon [_thread_blocked, id=4968, stack(0x000000a0bb200000,0x000000a0bb300000)]
  0x000002a0155bdcb0 JavaThread "Signal Dispatcher" daemon [_thread_blocked, id=25384, stack(0x000000a0bb300000,0x000000a0bb400000)]
  0x000002a0155c0690 JavaThread "Attach Listener" daemon [_thread_blocked, id=1412, stack(0x000000a0bb400000,0x000000a0bb500000)]
  0x000002a0155c2f70 JavaThread "Service Thread" daemon [_thread_blocked, id=25932, stack(0x000000a0bb500000,0x000000a0bb600000)]
  0x000002a0155c3840 JavaThread "Monitor Deflation Thread" daemon [_thread_blocked, id=9320, stack(0x000000a0bb600000,0x000000a0bb700000)]
  0x000002a0155cfa00 JavaThread "C2 CompilerThread0" daemon [_thread_in_native, id=14832, stack(0x000000a0bb700000,0x000000a0bb800000)]
  0x000002a0155d03c0 JavaThread "C1 CompilerThread0" daemon [_thread_in_native, id=7696, stack(0x000000a0bb800000,0x000000a0bb900000)]
  0x000002a0155d0cd0 JavaThread "Sweeper thread" daemon [_thread_blocked, id=21228, stack(0x000000a0bb900000,0x000000a0bba00000)]
  0x000002a0158482c0 JavaThread "Notification Thread" daemon [_thread_blocked, id=10760, stack(0x000000a0bba00000,0x000000a0bbb00000)]
  0x000002a015860a50 JavaThread "Common-Cleaner" daemon [_thread_blocked, id=5568, stack(0x000000a0bbc00000,0x000000a0bbd00000)]
=>0x000002a05b272f50 JavaThread "C2 CompilerThread1" daemon [_thread_in_native, id=6188, stack(0x000000a0bc800000,0x000000a0bc900000)]

Other Threads:
  0x000002a015597480 VMThread "VM Thread" [stack: 0x000000a0bb000000,0x000000a0bb100000] [id=22596]
  0x000002a0158507b0 WatcherThread [stack: 0x000000a0bbb00000,0x000000a0bbc00000] [id=11612]
  0x000002a078572c10 GCTaskThread "GC Thread#0" [stack: 0x000000a0bab00000,0x000000a0bac00000] [id=16296]
  0x000002a01591cfc0 GCTaskThread "GC Thread#1" [stack: 0x000000a0bbf00000,0x000000a0bc000000] [id=7324]
  0x000002a05b740960 GCTaskThread "GC Thread#2" [stack: 0x000000a0bc000000,0x000000a0bc100000] [id=26112]
  0x000002a05c03bcc0 GCTaskThread "GC Thread#3" [stack: 0x000000a0bc100000,0x000000a0bc200000] [id=5268]
  0x000002a05b204fb0 GCTaskThread "GC Thread#4" [stack: 0x000000a0bc200000,0x000000a0bc300000] [id=14884]
  0x000002a05b510610 GCTaskThread "GC Thread#5" [stack: 0x000000a0bc300000,0x000000a0bc400000] [id=8404]
  0x000002a05b560990 GCTaskThread "GC Thread#6" [stack: 0x000000a0bc400000,0x000000a0bc500000] [id=22692]
  0x000002a05b560c50 GCTaskThread "GC Thread#7" [stack: 0x000000a0bc500000,0x000000a0bc600000] [id=5900]
  0x000002a05bb7b630 GCTaskThread "GC Thread#8" [stack: 0x000000a0bc600000,0x000000a0bc700000] [id=16268]
  0x000002a05b584f60 GCTaskThread "GC Thread#9" [stack: 0x000000a0bc700000,0x000000a0bc800000] [id=9860]
  0x000002a07857fd80 ConcurrentGCThread "G1 Main Marker" [stack: 0x000000a0bac00000,0x000000a0bad00000] [id=8536]
  0x000002a078580e40 ConcurrentGCThread "G1 Conc#0" [stack: 0x000000a0bad00000,0x000000a0bae00000] [id=17476]
  0x000002a05c7cb500 ConcurrentGCThread "G1 Conc#1" [stack: 0x000000a0bbd00000,0x000000a0bbe00000] [id=20520]
  0x000002a05c499030 ConcurrentGCThread "G1 Conc#2" [stack: 0x000000a0bbe00000,0x000000a0bbf00000] [id=10316]
  0x000002a0785ed880 ConcurrentGCThread "G1 Refine#0" [stack: 0x000000a0bae00000,0x000000a0baf00000] [id=4584]
  0x000002a05d122cb0 ConcurrentGCThread "G1 Refine#1" [stack: 0x000000a0bc900000,0x000000a0bca00000] [id=2688]
  0x000002a05d6bc930 ConcurrentGCThread "G1 Refine#2" [stack: 0x000000a0bca00000,0x000000a0bcb00000] [id=12264]
  0x000002a05d6bd200 ConcurrentGCThread "G1 Refine#3" [stack: 0x000000a0bcb00000,0x000000a0bcc00000] [id=26092]
  0x000002a0785ee1c0 ConcurrentGCThread "G1 Service" [stack: 0x000000a0baf00000,0x000000a0bb000000] [id=22856]

Threads with active compile tasks:
C2 CompilerThread0     8889 7625 %     4       com.sun.tools.javac.tree.TreeScanner::scan @ 6 (33 bytes)
C1 CompilerThread0     8889 7647   !   2       com.sun.tools.javac.comp.Attr::visitMethodDef (2243 bytes)
C2 CompilerThread1     8889 7386       4       com.sun.tools.javac.code.Types::union (134 bytes)

VM state: not at safepoint (normal execution)

VM Mutex/Monitor currently owned by a thread: None

Heap address: 0x00000000a4e00000, size: 1458 MB, Compressed Oops mode: 32-bit

CDS archive(s) mapped at: [0x000002a016000000-0x000002a016bd0000-0x000002a016bd0000), size 12386304, SharedBaseAddress: 0x000002a016000000, ArchiveRelocationMode: 1.
Compressed class space mapped at: 0x000002a017000000-0x000002a057000000, reserved size: 1073741824
Narrow klass base: 0x000002a016000000, Narrow klass shift: 0, Narrow klass range: 0x100000000

GC Precious Log:
 CPUs: 12 total, 12 available
 Memory: 5829M
 Large Page Support: Disabled
 NUMA Support: Disabled
 Compressed Oops: Enabled (32-bit)
 Heap Region Size: 1M
 Heap Min Capacity: 8M
 Heap Initial Capacity: 92M
 Heap Max Capacity: 1458M
 Pre-touch: Disabled
 Parallel Workers: 10
 Concurrent Workers: 3
 Concurrent Refinement Workers: 10
 Periodic GC: Disabled

Heap:
 garbage-first heap   total 123904K, used 75001K [0x00000000a4e00000, 0x0000000100000000)
  region size 1024K, 33 young (33792K), 5 survivors (5120K)
 Metaspace       used 28593K, committed 28928K, reserved 1114112K
  class space    used 3191K, committed 3328K, reserved 1048576K

Heap Regions: E=young(eden), S=young(survivor), O=old, HS=humongous(starts), HC=humongous(continues), CS=collection set, F=free, OA=open archive, CA=closed archive, TAMS=top-at-mark-start (previous, next)
|   0|0x00000000a4e00000, 0x00000000a4f00000, 0x00000000a4f00000|100%| O|  |TAMS 0x00000000a4f00000, 0x00000000a4f00000| Untracked 
|   1|0x00000000a4f00000, 0x00000000a5000000, 0x00000000a5000000|100%| O|  |TAMS 0x00000000a5000000, 0x00000000a5000000| Untracked 
|   2|0x00000000a5000000, 0x00000000a5100000, 0x00000000a5100000|100%| O|  |TAMS 0x00000000a5100000, 0x00000000a5100000| Untracked 
|   3|0x00000000a5100000, 0x00000000a5200000, 0x00000000a5200000|100%| O|  |TAMS 0x00000000a5200000, 0x00000000a5200000| Untracked 
|   4|0x00000000a5200000, 0x00000000a5300000, 0x00000000a5300000|100%| O|  |TAMS 0x00000000a5300000, 0x00000000a5300000| Untracked 
|   5|0x00000000a5300000, 0x00000000a5400000, 0x00000000a5400000|100%| O|  |TAMS 0x00000000a5400000, 0x00000000a5400000| Untracked 
|   6|0x00000000a5400000, 0x00000000a5500000, 0x00000000a5500000|100%| O|  |TAMS 0x00000000a5500000, 0x00000000a5500000| Untracked 
|   7|0x00000000a5500000, 0x00000000a5600000, 0x00000000a5600000|100%| O|  |TAMS 0x00000000a5600000, 0x00000000a5600000| Untracked 
|   8|0x00000000a5600000, 0x00000000a5700000, 0x00000000a5700000|100%| O|  |TAMS 0x00000000a5700000, 0x00000000a5700000| Untracked 
|   9|0x00000000a5700000, 0x00000000a5800000, 0x00000000a5800000|100%| O|  |TAMS 0x00000000a5800000, 0x00000000a5800000| Untracked 
|  10|0x00000000a5800000, 0x00000000a5900000, 0x00000000a5900000|100%| O|  |TAMS 0x00000000a5900000, 0x00000000a5900000| Untracked 
|  11|0x00000000a5900000, 0x00000000a5a00000, 0x00000000a5a00000|100%| O|  |TAMS 0x00000000a5a00000, 0x00000000a5a00000| Untracked 
|  12|0x00000000a5a00000, 0x00000000a5b00000, 0x00000000a5b00000|100%| O|  |TAMS 0x00000000a5b00000, 0x00000000a5b00000| Untracked 
|  13|0x00000000a5b00000, 0x00000000a5c00000, 0x00000000a5c00000|100%| O|  |TAMS 0x00000000a5c00000, 0x00000000a5c00000| Untracked 
|  14|0x00000000a5c00000, 0x00000000a5d00000, 0x00000000a5d00000|100%| O|  |TAMS 0x00000000a5d00000, 0x00000000a5d00000| Untracked 
|  15|0x00000000a5d00000, 0x00000000a5e00000, 0x00000000a5e00000|100%| O|  |TAMS 0x00000000a5e00000, 0x00000000a5e00000| Untracked 
|  16|0x00000000a5e00000, 0x00000000a5f00000, 0x00000000a5f00000|100%| O|  |TAMS 0x00000000a5f00000, 0x00000000a5f00000| Untracked 
|  17|0x00000000a5f00000, 0x00000000a6000000, 0x00000000a6000000|100%| O|  |TAMS 0x00000000a6000000, 0x00000000a6000000| Untracked 
|  18|0x00000000a6000000, 0x00000000a6100000, 0x00000000a6100000|100%| O|  |TAMS 0x00000000a6100000, 0x00000000a6100000| Untracked 
|  19|0x00000000a6100000, 0x00000000a6200000, 0x00000000a6200000|100%| O|  |TAMS 0x00000000a6200000, 0x00000000a6200000| Untracked 
|  20|0x00000000a6200000, 0x00000000a6300000, 0x00000000a6300000|100%| O|  |TAMS 0x00000000a6300000, 0x00000000a6300000| Untracked 
|  21|0x00000000a6300000, 0x00000000a6400000, 0x00000000a6400000|100%| O|  |TAMS 0x00000000a6400000, 0x00000000a6400000| Untracked 
|  22|0x00000000a6400000, 0x00000000a6500000, 0x00000000a6500000|100%| O|  |TAMS 0x00000000a6500000, 0x00000000a6500000| Untracked 
|  23|0x00000000a6500000, 0x00000000a6600000, 0x00000000a6600000|100%| O|  |TAMS 0x00000000a6600000, 0x00000000a6600000| Untracked 
|  24|0x00000000a6600000, 0x00000000a6700000, 0x00000000a6700000|100%| O|  |TAMS 0x00000000a6700000, 0x00000000a6700000| Untracked 
|  25|0x00000000a6700000, 0x00000000a6800000, 0x00000000a6800000|100%| O|  |TAMS 0x00000000a6800000, 0x00000000a6800000| Untracked 
|  26|0x00000000a6800000, 0x00000000a6900000, 0x00000000a6900000|100%| O|  |TAMS 0x00000000a6900000, 0x00000000a6900000| Untracked 
|  27|0x00000000a6900000, 0x00000000a6a00000, 0x00000000a6a00000|100%| O|  |TAMS 0x00000000a69c6000, 0x00000000a6a00000| Untracked 
|  28|0x00000000a6a00000, 0x00000000a6b00000, 0x00000000a6b00000|100%| O|  |TAMS 0x00000000a6a00000, 0x00000000a6b00000| Untracked 
|  29|0x00000000a6b00000, 0x00000000a6c00000, 0x00000000a6c00000|100%| O|  |TAMS 0x00000000a6b00000, 0x00000000a6c00000| Untracked 
|  30|0x00000000a6c00000, 0x00000000a6d00000, 0x00000000a6d00000|100%| O|  |TAMS 0x00000000a6c00000, 0x00000000a6d00000| Untracked 
|  31|0x00000000a6d00000, 0x00000000a6d00000, 0x00000000a6e00000|  0%| F|  |TAMS 0x00000000a6d00000, 0x00000000a6d00000| Untracked 
|  32|0x00000000a6e00000, 0x00000000a6f00000, 0x00000000a6f00000|100%| O|  |TAMS 0x00000000a6e00000, 0x00000000a6f00000| Untracked 
|  33|0x00000000a6f00000, 0x00000000a7000000, 0x00000000a7000000|100%| O|  |TAMS 0x00000000a6f00000, 0x00000000a7000000| Untracked 
|  34|0x00000000a7000000, 0x00000000a7100000, 0x00000000a7100000|100%| O|  |TAMS 0x00000000a7000000, 0x00000000a707a400| Untracked 
|  35|0x00000000a7100000, 0x00000000a7200000, 0x00000000a7200000|100%| O|  |TAMS 0x00000000a7100000, 0x00000000a7100000| Untracked 
|  36|0x00000000a7200000, 0x00000000a729b800, 0x00000000a7300000| 60%| O|  |TAMS 0x00000000a7200000, 0x00000000a7200000| Untracked 
|  37|0x00000000a7300000, 0x00000000a7400000, 0x00000000a7400000|100%|HS|  |TAMS 0x00000000a7300000, 0x00000000a7300000| Complete 
|  38|0x00000000a7400000, 0x00000000a7500000, 0x00000000a7500000|100%|HC|  |TAMS 0x00000000a7400000, 0x00000000a7400000| Complete 
|  39|0x00000000a7500000, 0x00000000a7500000, 0x00000000a7600000|  0%| F|  |TAMS 0x00000000a7500000, 0x00000000a7500000| Untracked 
|  40|0x00000000a7600000, 0x00000000a7600000, 0x00000000a7700000|  0%| F|  |TAMS 0x00000000a7600000, 0x00000000a7600000| Untracked 
|  41|0x00000000a7700000, 0x00000000a7700000, 0x00000000a7800000|  0%| F|  |TAMS 0x00000000a7700000, 0x00000000a7700000| Untracked 
|  42|0x00000000a7800000, 0x00000000a7800000, 0x00000000a7900000|  0%| F|  |TAMS 0x00000000a7800000, 0x00000000a7800000| Untracked 
|  43|0x00000000a7900000, 0x00000000a7900000, 0x00000000a7a00000|  0%| F|  |TAMS 0x00000000a7900000, 0x00000000a7900000| Untracked 
|  44|0x00000000a7a00000, 0x00000000a7a00000, 0x00000000a7b00000|  0%| F|  |TAMS 0x00000000a7a00000, 0x00000000a7a00000| Untracked 
|  45|0x00000000a7b00000, 0x00000000a7b00000, 0x00000000a7c00000|  0%| F|  |TAMS 0x00000000a7b00000, 0x00000000a7b00000| Untracked 
|  46|0x00000000a7c00000, 0x00000000a7c00000, 0x00000000a7d00000|  0%| F|  |TAMS 0x00000000a7c00000, 0x00000000a7c00000| Untracked 
|  47|0x00000000a7d00000, 0x00000000a7d00000, 0x00000000a7e00000|  0%| F|  |TAMS 0x00000000a7d00000, 0x00000000a7d00000| Untracked 
|  48|0x00000000a7e00000, 0x00000000a7e00000, 0x00000000a7f00000|  0%| F|  |TAMS 0x00000000a7e00000, 0x00000000a7e00000| Untracked 
|  49|0x00000000a7f00000, 0x00000000a7f00000, 0x00000000a8000000|  0%| F|  |TAMS 0x00000000a7f00000, 0x00000000a7f00000| Untracked 
|  50|0x00000000a8000000, 0x00000000a8000000, 0x00000000a8100000|  0%| F|  |TAMS 0x00000000a8000000, 0x00000000a8000000| Untracked 
|  51|0x00000000a8100000, 0x00000000a8100000, 0x00000000a8200000|  0%| F|  |TAMS 0x00000000a8100000, 0x00000000a8100000| Untracked 
|  52|0x00000000a8200000, 0x00000000a8200000, 0x00000000a8300000|  0%| F|  |TAMS 0x00000000a8200000, 0x00000000a8200000| Untracked 
|  53|0x00000000a8300000, 0x00000000a8300000, 0x00000000a8400000|  0%| F|  |TAMS 0x00000000a8300000, 0x00000000a8300000| Untracked 
|  54|0x00000000a8400000, 0x00000000a8400000, 0x00000000a8500000|  0%| F|  |TAMS 0x00000000a8400000, 0x00000000a8400000| Untracked 
|  55|0x00000000a8500000, 0x00000000a8500000, 0x00000000a8600000|  0%| F|  |TAMS 0x00000000a8500000, 0x00000000a8500000| Untracked 
|  56|0x00000000a8600000, 0x00000000a8600000, 0x00000000a8700000|  0%| F|  |TAMS 0x00000000a8600000, 0x00000000a8600000| Untracked 
|  57|0x00000000a8700000, 0x00000000a8700000, 0x00000000a8800000|  0%| F|  |TAMS 0x00000000a8700000, 0x00000000a8700000| Untracked 
|  58|0x00000000a8800000, 0x00000000a8800000, 0x00000000a8900000|  0%| F|  |TAMS 0x00000000a8800000, 0x00000000a8800000| Untracked 
|  59|0x00000000a8900000, 0x00000000a8900000, 0x00000000a8a00000|  0%| F|  |TAMS 0x00000000a8900000, 0x00000000a8900000| Untracked 
|  60|0x00000000a8a00000, 0x00000000a8a00000, 0x00000000a8b00000|  0%| F|  |TAMS 0x00000000a8a00000, 0x00000000a8a00000| Untracked 
|  61|0x00000000a8b00000, 0x00000000a8b00000, 0x00000000a8c00000|  0%| F|  |TAMS 0x00000000a8b00000, 0x00000000a8b00000| Untracked 
|  62|0x00000000a8c00000, 0x00000000a8c00000, 0x00000000a8d00000|  0%| F|  |TAMS 0x00000000a8c00000, 0x00000000a8c00000| Untracked 
|  63|0x00000000a8d00000, 0x00000000a8d00000, 0x00000000a8e00000|  0%| F|  |TAMS 0x00000000a8d00000, 0x00000000a8d00000| Untracked 
|  64|0x00000000a8e00000, 0x00000000a8e00000, 0x00000000a8f00000|  0%| F|  |TAMS 0x00000000a8e00000, 0x00000000a8e00000| Untracked 
|  65|0x00000000a8f00000, 0x00000000a8f00000, 0x00000000a9000000|  0%| F|  |TAMS 0x00000000a8f00000, 0x00000000a8f00000| Untracked 
|  66|0x00000000a9000000, 0x00000000a9000000, 0x00000000a9100000|  0%| F|  |TAMS 0x00000000a9000000, 0x00000000a9000000| Untracked 
|  67|0x00000000a9100000, 0x00000000a9100000, 0x00000000a9200000|  0%| F|  |TAMS 0x00000000a9100000, 0x00000000a9100000| Untracked 
|  68|0x00000000a9200000, 0x00000000a9200000, 0x00000000a9300000|  0%| F|  |TAMS 0x00000000a9200000, 0x00000000a9200000| Untracked 
|  69|0x00000000a9300000, 0x00000000a9300000, 0x00000000a9400000|  0%| F|  |TAMS 0x00000000a9300000, 0x00000000a9300000| Untracked 
|  70|0x00000000a9400000, 0x00000000a94a2c00, 0x00000000a9500000| 63%| S|CS|TAMS 0x00000000a9400000, 0x00000000a9400000| Complete 
|  71|0x00000000a9500000, 0x00000000a9600000, 0x00000000a9600000|100%| S|CS|TAMS 0x00000000a9500000, 0x00000000a9500000| Complete 
|  72|0x00000000a9600000, 0x00000000a9700000, 0x00000000a9700000|100%| S|CS|TAMS 0x00000000a9600000, 0x00000000a9600000| Complete 
|  73|0x00000000a9700000, 0x00000000a9800000, 0x00000000a9800000|100%| S|CS|TAMS 0x00000000a9700000, 0x00000000a9700000| Complete 
|  74|0x00000000a9800000, 0x00000000a9900000, 0x00000000a9900000|100%| S|CS|TAMS 0x00000000a9800000, 0x00000000a9800000| Complete 
|  75|0x00000000a9900000, 0x00000000a9900000, 0x00000000a9a00000|  0%| F|  |TAMS 0x00000000a9900000, 0x00000000a9900000| Untracked 
|  76|0x00000000a9a00000, 0x00000000a9a00000, 0x00000000a9b00000|  0%| F|  |TAMS 0x00000000a9a00000, 0x00000000a9a00000| Untracked 
|  77|0x00000000a9b00000, 0x00000000a9b00000, 0x00000000a9c00000|  0%| F|  |TAMS 0x00000000a9b00000, 0x00000000a9b00000| Untracked 
|  78|0x00000000a9c00000, 0x00000000a9c00000, 0x00000000a9d00000|  0%| F|  |TAMS 0x00000000a9c00000, 0x00000000a9c00000| Untracked 
|  79|0x00000000a9d00000, 0x00000000a9d00000, 0x00000000a9e00000|  0%| F|  |TAMS 0x00000000a9d00000, 0x00000000a9d00000| Untracked 
|  80|0x00000000a9e00000, 0x00000000a9e00000, 0x00000000a9f00000|  0%| F|  |TAMS 0x00000000a9e00000, 0x00000000a9e00000| Untracked 
|  81|0x00000000a9f00000, 0x00000000a9f00000, 0x00000000aa000000|  0%| F|  |TAMS 0x00000000a9f00000, 0x00000000a9f00000| Untracked 
|  82|0x00000000aa000000, 0x00000000aa000000, 0x00000000aa100000|  0%| F|  |TAMS 0x00000000aa000000, 0x00000000aa000000| Untracked 
|  83|0x00000000aa100000, 0x00000000aa100000, 0x00000000aa200000|  0%| F|  |TAMS 0x00000000aa100000, 0x00000000aa100000| Untracked 
|  84|0x00000000aa200000, 0x00000000aa200000, 0x00000000aa300000|  0%| F|  |TAMS 0x00000000aa200000, 0x00000000aa200000| Untracked 
|  85|0x00000000aa300000, 0x00000000aa300000, 0x00000000aa400000|  0%| F|  |TAMS 0x00000000aa300000, 0x00000000aa300000| Untracked 
|  86|0x00000000aa400000, 0x00000000aa400000, 0x00000000aa500000|  0%| F|  |TAMS 0x00000000aa400000, 0x00000000aa400000| Untracked 
|  87|0x00000000aa500000, 0x00000000aa500000, 0x00000000aa600000|  0%| F|  |TAMS 0x00000000aa500000, 0x00000000aa500000| Untracked 
|  88|0x00000000aa600000, 0x00000000aa600000, 0x00000000aa700000|  0%| F|  |TAMS 0x00000000aa600000, 0x00000000aa600000| Untracked 
|  89|0x00000000aa700000, 0x00000000aa800000, 0x00000000aa800000|100%| E|  |TAMS 0x00000000aa700000, 0x00000000aa700000| Complete 
|  90|0x00000000aa800000, 0x00000000aa900000, 0x00000000aa900000|100%| E|CS|TAMS 0x00000000aa800000, 0x00000000aa800000| Complete 
|  91|0x00000000aa900000, 0x00000000aaa00000, 0x00000000aaa00000|100%| E|CS|TAMS 0x00000000aa900000, 0x00000000aa900000| Complete 
|  92|0x00000000aaa00000, 0x00000000aab00000, 0x00000000aab00000|100%| E|CS|TAMS 0x00000000aaa00000, 0x00000000aaa00000| Complete 
|  93|0x00000000aab00000, 0x00000000aac00000, 0x00000000aac00000|100%| E|CS|TAMS 0x00000000aab00000, 0x00000000aab00000| Complete 
|  94|0x00000000aac00000, 0x00000000aad00000, 0x00000000aad00000|100%| E|CS|TAMS 0x00000000aac00000, 0x00000000aac00000| Complete 
|  95|0x00000000aad00000, 0x00000000aae00000, 0x00000000aae00000|100%| E|CS|TAMS 0x00000000aad00000, 0x00000000aad00000| Complete 
|  96|0x00000000aae00000, 0x00000000aaf00000, 0x00000000aaf00000|100%| E|CS|TAMS 0x00000000aae00000, 0x00000000aae00000| Complete 
|  97|0x00000000aaf00000, 0x00000000ab000000, 0x00000000ab000000|100%| E|CS|TAMS 0x00000000aaf00000, 0x00000000aaf00000| Complete 
|  98|0x00000000ab000000, 0x00000000ab100000, 0x00000000ab100000|100%| E|CS|TAMS 0x00000000ab000000, 0x00000000ab000000| Complete 
|  99|0x00000000ab100000, 0x00000000ab200000, 0x00000000ab200000|100%| E|CS|TAMS 0x00000000ab100000, 0x00000000ab100000| Complete 
| 100|0x00000000ab200000, 0x00000000ab300000, 0x00000000ab300000|100%| E|CS|TAMS 0x00000000ab200000, 0x00000000ab200000| Complete 
| 101|0x00000000ab300000, 0x00000000ab400000, 0x00000000ab400000|100%| E|CS|TAMS 0x00000000ab300000, 0x00000000ab300000| Complete 
| 102|0x00000000ab400000, 0x00000000ab500000, 0x00000000ab500000|100%| E|CS|TAMS 0x00000000ab400000, 0x00000000ab400000| Complete 
| 103|0x00000000ab500000, 0x00000000ab600000, 0x00000000ab600000|100%| E|CS|TAMS 0x00000000ab500000, 0x00000000ab500000| Complete 
| 104|0x00000000ab600000, 0x00000000ab700000, 0x00000000ab700000|100%| E|CS|TAMS 0x00000000ab600000, 0x00000000ab600000| Complete 
| 105|0x00000000ab700000, 0x00000000ab800000, 0x00000000ab800000|100%| E|CS|TAMS 0x00000000ab700000, 0x00000000ab700000| Complete 
| 106|0x00000000ab800000, 0x00000000ab900000, 0x00000000ab900000|100%| E|CS|TAMS 0x00000000ab800000, 0x00000000ab800000| Complete 
| 107|0x00000000ab900000, 0x00000000aba00000, 0x00000000aba00000|100%| E|CS|TAMS 0x00000000ab900000, 0x00000000ab900000| Complete 
| 108|0x00000000aba00000, 0x00000000abb00000, 0x00000000abb00000|100%| E|CS|TAMS 0x00000000aba00000, 0x00000000aba00000| Complete 
| 109|0x00000000abb00000, 0x00000000abc00000, 0x00000000abc00000|100%| E|CS|TAMS 0x00000000abb00000, 0x00000000abb00000| Complete 
| 110|0x00000000abc00000, 0x00000000abd00000, 0x00000000abd00000|100%| E|CS|TAMS 0x00000000abc00000, 0x00000000abc00000| Complete 
| 111|0x00000000abd00000, 0x00000000abe00000, 0x00000000abe00000|100%| E|CS|TAMS 0x00000000abd00000, 0x00000000abd00000| Complete 
| 112|0x00000000abe00000, 0x00000000abf00000, 0x00000000abf00000|100%| E|CS|TAMS 0x00000000abe00000, 0x00000000abe00000| Complete 
| 113|0x00000000abf00000, 0x00000000ac000000, 0x00000000ac000000|100%| E|CS|TAMS 0x00000000abf00000, 0x00000000abf00000| Complete 
| 114|0x00000000ac000000, 0x00000000ac100000, 0x00000000ac100000|100%| E|CS|TAMS 0x00000000ac000000, 0x00000000ac000000| Complete 
| 115|0x00000000ac100000, 0x00000000ac200000, 0x00000000ac200000|100%| E|CS|TAMS 0x00000000ac100000, 0x00000000ac100000| Complete 
| 116|0x00000000ac200000, 0x00000000ac300000, 0x00000000ac300000|100%| E|CS|TAMS 0x00000000ac200000, 0x00000000ac200000| Complete 
|1454|0x00000000ffc00000, 0x00000000ffd00000, 0x00000000ffd00000|100%| O|  |TAMS 0x00000000ffd00000, 0x00000000ffd00000| Untracked 
|1455|0x00000000ffd00000, 0x00000000ffe00000, 0x00000000ffe00000|100%| O|  |TAMS 0x00000000ffe00000, 0x00000000ffe00000| Untracked 
|1456|0x00000000ffe00000, 0x00000000fff00000, 0x00000000fff00000|100%| O|  |TAMS 0x00000000fff00000, 0x00000000fff00000| Untracked 
|1457|0x00000000fff00000, 0x0000000100000000, 0x0000000100000000|100%| O|  |TAMS 0x0000000100000000, 0x0000000100000000| Untracked 

Card table byte_map: [0x000002a00f610000,0x000002a00f8f0000] _byte_map_base: 0x000002a00f0e9000

Marking Bits (Prev, Next): (CMBitMap*) 0x000002a078573140, (CMBitMap*) 0x000002a078573180
 Prev Bits: [0x000002a00fbd0000, 0x000002a011298000)
 Next Bits: [0x000002a0112a0000, 0x000002a012968000)

Polling page: 0x000002a077c00000

Metaspace:

Usage:
  Non-class:     24.81 MB used.
      Class:      3.12 MB used.
       Both:     27.92 MB used.

Virtual space:
  Non-class space:       64.00 MB reserved,      25.00 MB ( 39%) committed,  1 nodes.
      Class space:        1.00 GB reserved,       3.25 MB ( <1%) committed,  1 nodes.
             Both:        1.06 GB reserved,      28.25 MB (  3%) committed. 

Chunk freelists:
   Non-Class:  7.03 MB
       Class:  12.70 MB
        Both:  19.73 MB

MaxMetaspaceSize: unlimited
CompressedClassSpaceSize: 1.00 GB
Initial GC threshold: 21.00 MB
Current GC threshold: 42.50 MB
CDS: on
MetaspaceReclaimPolicy: balanced
 - commit_granule_bytes: 65536.
 - commit_granule_words: 8192.
 - virtual_space_node_default_size: 8388608.
 - enlarge_chunks_in_place: 1.
 - new_chunks_are_fully_committed: 0.
 - uncommit_free_chunks: 1.
 - use_allocation_guard: 0.
 - handle_deallocations: 1.


Internal statistics:

num_allocs_failed_limit: 3.
num_arena_births: 172.
num_arena_deaths: 0.
num_vsnodes_births: 2.
num_vsnodes_deaths: 0.
num_space_committed: 452.
num_space_uncommitted: 0.
num_chunks_returned_to_freelist: 3.
num_chunks_taken_from_freelist: 1167.
num_chunk_merges: 3.
num_chunk_splits: 846.
num_chunks_enlarged: 695.
num_inconsistent_stats: 0.

CodeHeap 'non-profiled nmethods': size=120000Kb used=3155Kb max_used=3155Kb free=116844Kb
 bounds [0x000002a007ad0000, 0x000002a007df0000, 0x000002a00f000000]
CodeHeap 'profiled nmethods': size=120000Kb used=14886Kb max_used=14886Kb free=105113Kb
 bounds [0x000002a000000000, 0x000002a000e90000, 0x000002a007530000]
CodeHeap 'non-nmethods': size=5760Kb used=1202Kb max_used=1257Kb free=4557Kb
 bounds [0x000002a007530000, 0x000002a0077a0000, 0x000002a007ad0000]
 total_blobs=7235 nmethods=6731 adapters=415
 compilation: enabled
              stopped_count=0, restarted_count=0
 full_count=0

Compilation events (20 events):
Event: 7.809 Thread 0x000002a0155d03c0 nmethod 7585 0x000002a000e48710 code [0x000002a000e48c80, 0x000002a000e4b4b8]
Event: 7.811 Thread 0x000002a0155d03c0 7586       2       com.sun.tools.javac.comp.InferenceContext$$Lambda$371/0x000002a017326b38::test (8 bytes)
Event: 7.812 Thread 0x000002a0155d03c0 nmethod 7586 0x000002a000e4c090 code [0x000002a000e4c220, 0x000002a000e4c398]
Event: 7.812 Thread 0x000002a0155d03c0 7587       2       com.sun.tools.javac.comp.InferenceContext::lambda$restvars$0 (13 bytes)
Event: 7.812 Thread 0x000002a0155d03c0 nmethod 7587 0x000002a000e4c490 code [0x000002a000e4c620, 0x000002a000e4c718]
Event: 7.812 Thread 0x000002a0155d03c0 7588       2       com.sun.tools.javac.code.Type$ClassType::contains (72 bytes)
Event: 7.812 Thread 0x000002a0155d03c0 nmethod 7588 0x000002a000e4c810 code [0x000002a000e4ca60, 0x000002a000e4cfc8]
Event: 7.812 Thread 0x000002a0155d03c0 7590       2       java.util.EnumMap$EntryIterator$Entry::checkIndexForEntryUse (18 bytes)
Event: 7.812 Thread 0x000002a0155d03c0 nmethod 7590 0x000002a000e4d310 code [0x000002a000e4d4c0, 0x000002a000e4d688]
Event: 7.812 Thread 0x000002a0155d03c0 7589       1       com.sun.tools.javac.code.Type$TypeVar::getLowerBound (5 bytes)
Event: 7.813 Thread 0x000002a0155d03c0 nmethod 7589 0x000002a007dd4f10 code [0x000002a007dd50a0, 0x000002a007dd5178]
Event: 7.813 Thread 0x000002a0155d03c0 7591       3       com.sun.tools.javac.comp.Attr::visitLiteral (32 bytes)
Event: 7.813 Thread 0x000002a0155d03c0 nmethod 7591 0x000002a000e4d790 code [0x000002a000e4d960, 0x000002a000e4dd18]
Event: 7.814 Thread 0x000002a0155d03c0 7592       2       com.sun.tools.javac.comp.Operators::unaryPromotion (58 bytes)
Event: 7.814 Thread 0x000002a0155d03c0 nmethod 7592 0x000002a000e4df10 code [0x000002a000e4e0e0, 0x000002a000e4e328]
Event: 7.816 Thread 0x000002a0155d03c0 7593       2       com.sun.tools.javac.comp.InferenceContext::filterVars (72 bytes)
Event: 7.816 Thread 0x000002a0155d03c0 nmethod 7593 0x000002a000e4e510 code [0x000002a000e4e700, 0x000002a000e4ebb8]
Event: 7.818 Thread 0x000002a0155d03c0 7594       2       com.sun.tools.javac.code.Type$UndetVar::addBound (160 bytes)
Event: 7.819 Thread 0x000002a0155d03c0 nmethod 7594 0x000002a000e4ee10 code [0x000002a000e4f0a0, 0x000002a000e4f9c8]
Event: 7.819 Thread 0x000002a0155d03c0 7596       3       com.sun.tools.javac.util.ListBuffer::iterator (9 bytes)

GC Heap History (20 events):
Event: 4.056 GC heap before
{Heap before GC invocations=3 (full 0):
 garbage-first heap   total 94208K, used 59913K [0x00000000a4e00000, 0x0000000100000000)
  region size 1024K, 55 young (56320K), 6 survivors (6144K)
 Metaspace       used 16794K, committed 16960K, reserved 1114112K
  class space    used 1945K, committed 2048K, reserved 1048576K
}
Event: 4.071 GC heap after
{Heap after GC invocations=4 (full 0):
 garbage-first heap   total 94208K, used 12073K [0x00000000a4e00000, 0x0000000100000000)
  region size 1024K, 3 young (3072K), 3 survivors (3072K)
 Metaspace       used 16794K, committed 16960K, reserved 1114112K
  class space    used 1945K, committed 2048K, reserved 1048576K
}
Event: 5.031 GC heap before
{Heap before GC invocations=4 (full 0):
 garbage-first heap   total 94208K, used 28457K [0x00000000a4e00000, 0x0000000100000000)
  region size 1024K, 20 young (20480K), 3 survivors (3072K)
 Metaspace       used 21245K, committed 21504K, reserved 1114112K
  class space    used 2492K, committed 2624K, reserved 1048576K
}
Event: 5.039 GC heap after
{Heap after GC invocations=5 (full 0):
 garbage-first heap   total 94208K, used 13520K [0x00000000a4e00000, 0x0000000100000000)
  region size 1024K, 4 young (4096K), 4 survivors (4096K)
 Metaspace       used 21245K, committed 21504K, reserved 1114112K
  class space    used 2492K, committed 2624K, reserved 1048576K
}
Event: 5.755 GC heap before
{Heap before GC invocations=6 (full 0):
 garbage-first heap   total 51200K, used 40144K [0x00000000a4e00000, 0x0000000100000000)
  region size 1024K, 30 young (30720K), 4 survivors (4096K)
 Metaspace       used 25109K, committed 25472K, reserved 1114112K
  class space    used 2886K, committed 3072K, reserved 1048576K
}
Event: 5.776 GC heap after
{Heap after GC invocations=7 (full 0):
 garbage-first heap   total 55296K, used 23625K [0x00000000a4e00000, 0x0000000100000000)
  region size 1024K, 4 young (4096K), 4 survivors (4096K)
 Metaspace       used 25109K, committed 25472K, reserved 1114112K
  class space    used 2886K, committed 3072K, reserved 1048576K
}
Event: 5.806 GC heap before
{Heap before GC invocations=7 (full 0):
 garbage-first heap   total 55296K, used 23625K [0x00000000a4e00000, 0x0000000100000000)
  region size 1024K, 5 young (5120K), 4 survivors (4096K)
 Metaspace       used 25111K, committed 25472K, reserved 1114112K
  class space    used 2886K, committed 3072K, reserved 1048576K
}
Event: 5.811 GC heap after
{Heap after GC invocations=8 (full 0):
 garbage-first heap   total 66560K, used 24614K [0x00000000a4e00000, 0x0000000100000000)
  region size 1024K, 1 young (1024K), 1 survivors (1024K)
 Metaspace       used 25111K, committed 25472K, reserved 1114112K
  class space    used 2886K, committed 3072K, reserved 1048576K
}
Event: 6.092 GC heap before
{Heap before GC invocations=8 (full 0):
 garbage-first heap   total 66560K, used 45094K [0x00000000a4e00000, 0x0000000100000000)
  region size 1024K, 22 young (22528K), 1 survivors (1024K)
 Metaspace       used 25323K, committed 25664K, reserved 1114112K
  class space    used 2910K, committed 3072K, reserved 1048576K
}
Event: 6.098 GC heap after
{Heap after GC invocations=9 (full 0):
 garbage-first heap   total 66560K, used 31744K [0x00000000a4e00000, 0x0000000100000000)
  region size 1024K, 3 young (3072K), 3 survivors (3072K)
 Metaspace       used 25323K, committed 25664K, reserved 1114112K
  class space    used 2910K, committed 3072K, reserved 1048576K
}
Event: 6.222 GC heap before
{Heap before GC invocations=9 (full 0):
 garbage-first heap   total 66560K, used 47104K [0x00000000a4e00000, 0x0000000100000000)
  region size 1024K, 19 young (19456K), 3 survivors (3072K)
 Metaspace       used 25654K, committed 25920K, reserved 1114112K
  class space    used 2950K, committed 3072K, reserved 1048576K
}
Event: 6.232 GC heap after
{Heap after GC invocations=10 (full 0):
 garbage-first heap   total 66560K, used 35608K [0x00000000a4e00000, 0x0000000100000000)
  region size 1024K, 3 young (3072K), 3 survivors (3072K)
 Metaspace       used 25654K, committed 25920K, reserved 1114112K
  class space    used 2950K, committed 3072K, reserved 1048576K
}
Event: 6.322 GC heap before
{Heap before GC invocations=10 (full 0):
 garbage-first heap   total 66560K, used 42776K [0x00000000a4e00000, 0x0000000100000000)
  region size 1024K, 11 young (11264K), 3 survivors (3072K)
 Metaspace       used 25745K, committed 26112K, reserved 1114112K
  class space    used 2952K, committed 3136K, reserved 1048576K
}
Event: 6.328 GC heap after
{Heap after GC invocations=11 (full 0):
 garbage-first heap   total 66560K, used 37888K [0x00000000a4e00000, 0x0000000100000000)
  region size 1024K, 2 young (2048K), 2 survivors (2048K)
 Metaspace       used 25745K, committed 26112K, reserved 1114112K
  class space    used 2952K, committed 3136K, reserved 1048576K
}
Event: 6.523 GC heap before
{Heap before GC invocations=12 (full 0):
 garbage-first heap   total 66560K, used 52224K [0x00000000a4e00000, 0x0000000100000000)
  region size 1024K, 15 young (15360K), 2 survivors (2048K)
 Metaspace       used 26002K, committed 26304K, reserved 1114112K
  class space    used 2953K, committed 3136K, reserved 1048576K
}
Event: 6.532 GC heap after
{Heap after GC invocations=13 (full 0):
 garbage-first heap   total 66560K, used 41449K [0x00000000a4e00000, 0x0000000100000000)
  region size 1024K, 2 young (2048K), 2 survivors (2048K)
 Metaspace       used 26002K, committed 26304K, reserved 1114112K
  class space    used 2953K, committed 3136K, reserved 1048576K
}
Event: 6.568 GC heap before
{Heap before GC invocations=13 (full 0):
 garbage-first heap   total 66560K, used 45545K [0x00000000a4e00000, 0x0000000100000000)
  region size 1024K, 7 young (7168K), 2 survivors (2048K)
 Metaspace       used 26043K, committed 26368K, reserved 1114112K
  class space    used 2955K, committed 3136K, reserved 1048576K
}
Event: 6.576 GC heap after
{Heap after GC invocations=14 (full 0):
 garbage-first heap   total 123904K, used 42580K [0x00000000a4e00000, 0x0000000100000000)
  region size 1024K, 1 young (1024K), 1 survivors (1024K)
 Metaspace       used 26043K, committed 26368K, reserved 1114112K
  class space    used 2955K, committed 3136K, reserved 1048576K
}
Event: 7.484 GC heap before
{Heap before GC invocations=14 (full 0):
 garbage-first heap   total 123904K, used 87636K [0x00000000a4e00000, 0x0000000100000000)
  region size 1024K, 43 young (44032K), 1 survivors (1024K)
 Metaspace       used 28348K, committed 28608K, reserved 1114112K
  class space    used 3191K, committed 3328K, reserved 1048576K
}
Event: 7.500 GC heap after
{Heap after GC invocations=15 (full 0):
 garbage-first heap   total 123904K, used 47353K [0x00000000a4e00000, 0x0000000100000000)
  region size 1024K, 5 young (5120K), 5 survivors (5120K)
 Metaspace       used 28348K, committed 28608K, reserved 1114112K
  class space    used 3191K, committed 3328K, reserved 1048576K
}

Deoptimization events (20 events):
Event: 7.734 Thread 0x000002a078527450 Uncommon trap: trap_request=0xffffffde fr.pc=0x000002a007bf1a28 relative=0x0000000000000228
Event: 7.734 Thread 0x000002a078527450 Uncommon trap: reason=class_check action=maybe_recompile pc=0x000002a007bf1a28 method=com.sun.tools.javac.code.Types.rank(Lcom/sun/tools/javac/code/Type;)I @ 4 c2
Event: 7.734 Thread 0x000002a078527450 DEOPT PACKING pc=0x000002a007bf1a28 sp=0x000000a0baafbf50
Event: 7.734 Thread 0x000002a078527450 DEOPT UNPACKING pc=0x000002a0075823a3 sp=0x000000a0baafbee8 mode 2
Event: 7.734 Thread 0x000002a078527450 Uncommon trap: trap_request=0xffffffde fr.pc=0x000002a007bf1a28 relative=0x0000000000000228
Event: 7.734 Thread 0x000002a078527450 Uncommon trap: reason=class_check action=maybe_recompile pc=0x000002a007bf1a28 method=com.sun.tools.javac.code.Types.rank(Lcom/sun/tools/javac/code/Type;)I @ 4 c2
Event: 7.734 Thread 0x000002a078527450 DEOPT PACKING pc=0x000002a007bf1a28 sp=0x000000a0baafbf50
Event: 7.734 Thread 0x000002a078527450 DEOPT UNPACKING pc=0x000002a0075823a3 sp=0x000000a0baafbee8 mode 2
Event: 7.739 Thread 0x000002a078527450 Uncommon trap: trap_request=0xffffff66 fr.pc=0x000002a007dcce84 relative=0x00000000000002c4
Event: 7.739 Thread 0x000002a078527450 Uncommon trap: reason=speculate_class_check action=maybe_recompile pc=0x000002a007dcce84 method=com.sun.tools.javac.comp.Resolve$LookupFilter.test(Lcom/sun/tools/javac/code/Symbol;)Z @ 1 c2
Event: 7.739 Thread 0x000002a078527450 DEOPT PACKING pc=0x000002a007dcce84 sp=0x000000a0baafb8d0
Event: 7.739 Thread 0x000002a078527450 DEOPT UNPACKING pc=0x000002a0075823a3 sp=0x000000a0baafb690 mode 2
Event: 7.739 Thread 0x000002a078527450 Uncommon trap: trap_request=0xffffff45 fr.pc=0x000002a007dccea4 relative=0x00000000000002e4
Event: 7.739 Thread 0x000002a078527450 Uncommon trap: reason=unstable_if action=reinterpret pc=0x000002a007dccea4 method=com.sun.tools.javac.code.Symbol$MethodSymbol.lambda$static$0(Lcom/sun/tools/javac/code/Symbol;)Z @ 7 c2
Event: 7.739 Thread 0x000002a078527450 DEOPT PACKING pc=0x000002a007dccea4 sp=0x000000a0baafb310
Event: 7.739 Thread 0x000002a078527450 DEOPT UNPACKING pc=0x000002a0075823a3 sp=0x000000a0baafb0e0 mode 2
Event: 7.739 Thread 0x000002a078527450 Uncommon trap: trap_request=0xffffff45 fr.pc=0x000002a007dcc790 relative=0x0000000000000170
Event: 7.739 Thread 0x000002a078527450 Uncommon trap: reason=unstable_if action=reinterpret pc=0x000002a007dcc790 method=com.sun.tools.javac.code.Symbol$MethodSymbol.lambda$static$0(Lcom/sun/tools/javac/code/Symbol;)Z @ 7 c2
Event: 7.739 Thread 0x000002a078527450 DEOPT PACKING pc=0x000002a007dcc790 sp=0x000000a0baafb260
Event: 7.739 Thread 0x000002a078527450 DEOPT UNPACKING pc=0x000002a0075823a3 sp=0x000000a0baafb130 mode 2

Classes unloaded (0 events):
No events

Classes redefined (0 events):
No events

Internal exceptions (20 events):
Event: 7.658 Thread 0x000002a078527450 Exception <a 'sun/nio/fs/WindowsException'{0x00000000ab83fbb8}> (0x00000000ab83fbb8) 
thrown [s\open\src\hotspot\share\prims\jni.cpp, line 516]
Event: 7.669 Thread 0x000002a078527450 Exception <a 'sun/nio/fs/WindowsException'{0x00000000ab777a40}> (0x00000000ab777a40) 
thrown [s\open\src\hotspot\share\prims\jni.cpp, line 516]
Event: 7.675 Thread 0x000002a078527450 Exception <a 'sun/nio/fs/WindowsException'{0x00000000ab7b4de0}> (0x00000000ab7b4de0) 
thrown [s\open\src\hotspot\share\prims\jni.cpp, line 516]
Event: 7.682 Thread 0x000002a078527450 Exception <a 'sun/nio/fs/WindowsException'{0x00000000ab539e10}> (0x00000000ab539e10) 
thrown [s\open\src\hotspot\share\prims\jni.cpp, line 516]
Event: 7.687 Thread 0x000002a078527450 Exception <a 'sun/nio/fs/WindowsException'{0x00000000ab5666e8}> (0x00000000ab5666e8) 
thrown [s\open\src\hotspot\share\prims\jni.cpp, line 516]
Event: 7.702 Thread 0x000002a078527450 Exception <a 'sun/nio/fs/WindowsException'{0x00000000ab4ea8e8}> (0x00000000ab4ea8e8) 
thrown [s\open\src\hotspot\share\prims\jni.cpp, line 516]
Event: 7.705 Thread 0x000002a078527450 Exception <a 'sun/nio/fs/WindowsException'{0x00000000ab4fae00}> (0x00000000ab4fae00) 
thrown [s\open\src\hotspot\share\prims\jni.cpp, line 516]
Event: 7.711 Thread 0x000002a078527450 Exception <a 'sun/nio/fs/WindowsException'{0x00000000ab332c50}> (0x00000000ab332c50) 
thrown [s\open\src\hotspot\share\prims\jni.cpp, line 516]
Event: 7.718 Thread 0x000002a078527450 Exception <a 'sun/nio/fs/WindowsException'{0x00000000ab21e600}> (0x00000000ab21e600) 
thrown [s\open\src\hotspot\share\prims\jni.cpp, line 516]
Event: 7.727 Thread 0x000002a078527450 Exception <a 'sun/nio/fs/WindowsException'{0x00000000ab11ecf0}> (0x00000000ab11ecf0) 
thrown [s\open\src\hotspot\share\prims\jni.cpp, line 516]
Event: 7.728 Thread 0x000002a078527450 Exception <a 'sun/nio/fs/WindowsException'{0x00000000ab126928}> (0x00000000ab126928) 
thrown [s\open\src\hotspot\share\prims\jni.cpp, line 516]
Event: 7.755 Thread 0x000002a078527450 Exception <a 'sun/nio/fs/WindowsException'{0x00000000aaf8dac0}> (0x00000000aaf8dac0) 
thrown [s\open\src\hotspot\share\prims\jni.cpp, line 516]
Event: 7.757 Thread 0x000002a078527450 Exception <a 'sun/nio/fs/WindowsException'{0x00000000aaf95e58}> (0x00000000aaf95e58) 
thrown [s\open\src\hotspot\share\prims\jni.cpp, line 516]
Event: 7.759 Thread 0x000002a078527450 Exception <a 'sun/nio/fs/WindowsException'{0x00000000aaf9b8d8}> (0x00000000aaf9b8d8) 
thrown [s\open\src\hotspot\share\prims\jni.cpp, line 516]
Event: 7.761 Thread 0x000002a078527450 Exception <a 'sun/nio/fs/WindowsException'{0x00000000aaf9f920}> (0x00000000aaf9f920) 
thrown [s\open\src\hotspot\share\prims\jni.cpp, line 516]
Event: 7.766 Thread 0x000002a078527450 Exception <a 'sun/nio/fs/WindowsException'{0x00000000aafbb670}> (0x00000000aafbb670) 
thrown [s\open\src\hotspot\share\prims\jni.cpp, line 516]
Event: 7.782 Thread 0x000002a078527450 Exception <a 'sun/nio/fs/WindowsException'{0x00000000aad582c8}> (0x00000000aad582c8) 
thrown [s\open\src\hotspot\share\prims\jni.cpp, line 516]
Event: 7.785 Thread 0x000002a078527450 Exception <a 'sun/nio/fs/WindowsException'{0x00000000aad693b0}> (0x00000000aad693b0) 
thrown [s\open\src\hotspot\share\prims\jni.cpp, line 516]
Event: 7.795 Thread 0x000002a078527450 Exception <a 'sun/nio/fs/WindowsException'{0x00000000aac75b70}> (0x00000000aac75b70) 
thrown [s\open\src\hotspot\share\prims\jni.cpp, line 516]
Event: 7.808 Thread 0x000002a078527450 Exception <a 'sun/nio/fs/WindowsException'{0x00000000aababad0}> (0x00000000aababad0) 
thrown [s\open\src\hotspot\share\prims\jni.cpp, line 516]

VM Operations (20 events):
Event: 6.962 Executing VM operation: ICBufferFull done
Event: 7.060 Executing VM operation: HandshakeAllThreads
Event: 7.060 Executing VM operation: HandshakeAllThreads done
Event: 7.079 Executing VM operation: ICBufferFull
Event: 7.079 Executing VM operation: ICBufferFull done
Event: 7.160 Executing VM operation: HandshakeAllThreads
Event: 7.160 Executing VM operation: HandshakeAllThreads done
Event: 7.161 Executing VM operation: HandshakeAllThreads
Event: 7.161 Executing VM operation: HandshakeAllThreads done
Event: 7.199 Executing VM operation: ICBufferFull
Event: 7.199 Executing VM operation: ICBufferFull done
Event: 7.367 Executing VM operation: ICBufferFull
Event: 7.367 Executing VM operation: ICBufferFull done
Event: 7.484 Executing VM operation: G1CollectForAllocation
Event: 7.500 Executing VM operation: G1CollectForAllocation done
Event: 7.609 Executing VM operation: ICBufferFull
Event: 7.609 Executing VM operation: ICBufferFull done
Event: 7.723 Executing VM operation: ICBufferFull
Event: 7.723 Executing VM operation: ICBufferFull done
Event: 8.727 Executing VM operation: Cleanup

Events (20 events):
Event: 6.614 loading class java/util/stream/ReduceOps$1
Event: 6.615 loading class java/util/stream/ReduceOps$1 done
Event: 6.615 loading class java/util/stream/ReduceOps$1ReducingSink
Event: 6.616 loading class java/util/stream/ReduceOps$1ReducingSink done
Event: 6.722 loading class java/util/EnumMap$EntrySet
Event: 6.722 loading class java/util/EnumMap$EntrySet done
Event: 6.723 loading class java/util/EnumMap$EntryIterator
Event: 6.723 loading class java/util/EnumMap$EnumMapIterator
Event: 6.723 loading class java/util/EnumMap$EnumMapIterator done
Event: 6.723 loading class java/util/EnumMap$EntryIterator done
Event: 6.723 loading class java/util/EnumMap$EntryIterator$Entry
Event: 6.723 loading class java/util/EnumMap$EntryIterator$Entry done
Event: 6.772 loading class java/util/function/ToIntBiFunction
Event: 6.773 loading class java/util/function/ToIntBiFunction done
Event: 6.873 loading class java/io/DataOutputStream
Event: 6.874 loading class java/io/DataOutputStream done
Event: 7.114 loading class java/util/stream/ReduceOps$2
Event: 7.114 loading class java/util/stream/ReduceOps$2 done
Event: 7.114 loading class java/util/stream/ReduceOps$2ReducingSink
Event: 7.114 loading class java/util/stream/ReduceOps$2ReducingSink done


Dynamic libraries:
0x00007ff608a30000 - 0x00007ff608a40000 	C:\Program Files\Java\jdk-17\bin\java.exe
0x00007ff902e40000 - 0x00007ff9030a3000 	C:\WINDOWS\SYSTEM32\ntdll.dll
0x00007ff902890000 - 0x00007ff902957000 	C:\WINDOWS\System32\KERNEL32.DLL
0x00007ff900760000 - 0x00007ff900b27000 	C:\WINDOWS\System32\KERNELBASE.dll
0x00007ff900b30000 - 0x00007ff900c7c000 	C:\WINDOWS\System32\ucrtbase.dll
0x00007ff8f1610000 - 0x00007ff8f162b000 	C:\Program Files\Java\jdk-17\bin\VCRUNTIME140.dll
0x00007ff8f5f90000 - 0x00007ff8f5fa9000 	C:\Program Files\Java\jdk-17\bin\jli.dll
0x00007ff9018d0000 - 0x00007ff901984000 	C:\WINDOWS\System32\ADVAPI32.dll
0x00007ff9020d0000 - 0x00007ff902179000 	C:\WINDOWS\System32\msvcrt.dll
0x00007ff901400000 - 0x00007ff9014a6000 	C:\WINDOWS\System32\sechost.dll
0x00007ff901990000 - 0x00007ff901aa6000 	C:\WINDOWS\System32\RPCRT4.dll
0x00007ff900e40000 - 0x00007ff901009000 	C:\WINDOWS\System32\USER32.dll
0x00007ff8d3310000 - 0x00007ff8d35a0000 	C:\WINDOWS\WinSxS\amd64_microsoft.windows.common-controls_6595b64144ccf1df_6.0.26100.3037_none_3e09262ce333c378\COMCTL32.dll
0x00007ff900310000 - 0x00007ff900337000 	C:\WINDOWS\System32\win32u.dll
0x00007ff902a30000 - 0x00007ff902a5a000 	C:\WINDOWS\System32\GDI32.dll
0x00007ff900340000 - 0x00007ff90046b000 	C:\WINDOWS\System32\gdi32full.dll
0x00007ff9006b0000 - 0x00007ff900753000 	C:\WINDOWS\System32\msvcp_win.dll
0x00007ff8faaa0000 - 0x00007ff8faaab000 	C:\WINDOWS\SYSTEM32\VERSION.dll
0x00007ff900c80000 - 0x00007ff900caf000 	C:\WINDOWS\System32\IMM32.DLL
0x00007ff8e3cc0000 - 0x00007ff8e3ccc000 	C:\Program Files\Java\jdk-17\bin\vcruntime140_1.dll
0x00007ff86fea0000 - 0x00007ff86ff2e000 	C:\Program Files\Java\jdk-17\bin\msvcp140.dll
0x00007ff8701b0000 - 0x00007ff870d90000 	C:\Program Files\Java\jdk-17\bin\server\jvm.dll
0x00007ff902df0000 - 0x00007ff902df8000 	C:\WINDOWS\System32\PSAPI.DLL
0x00007ff8d7870000 - 0x00007ff8d787a000 	C:\WINDOWS\SYSTEM32\WSOCK32.dll
0x00007ff8e4740000 - 0x00007ff8e4776000 	C:\WINDOWS\SYSTEM32\WINMM.dll
0x00007ff901380000 - 0x00007ff9013f4000 	C:\WINDOWS\System32\WS2_32.dll
0x00007ff8ff010000 - 0x00007ff8ff02a000 	C:\WINDOWS\SYSTEM32\kernel.appcore.dll
0x00007ff8e0ae0000 - 0x00007ff8e0aea000 	C:\Program Files\Java\jdk-17\bin\jimage.dll
0x00007ff8fd3c0000 - 0x00007ff8fd601000 	C:\WINDOWS\SYSTEM32\DBGHELP.DLL
0x00007ff902a60000 - 0x00007ff902dde000 	C:\WINDOWS\System32\combase.dll
0x00007ff901010000 - 0x00007ff9010e6000 	C:\WINDOWS\System32\OLEAUT32.dll
0x00007ff8de8c0000 - 0x00007ff8de8f9000 	C:\WINDOWS\SYSTEM32\dbgcore.DLL
0x00007ff900270000 - 0x00007ff900309000 	C:\WINDOWS\System32\bcryptPrimitives.dll
0x00007ff8bbad0000 - 0x00007ff8bbaf5000 	C:\Program Files\Java\jdk-17\bin\java.dll
0x00007ff8700d0000 - 0x00007ff8701a7000 	C:\Program Files\Java\jdk-17\bin\jsvml.dll
0x00007ff902180000 - 0x00007ff902884000 	C:\WINDOWS\System32\SHELL32.dll
0x00007ff8fdf00000 - 0x00007ff8fe737000 	C:\WINDOWS\SYSTEM32\windows.storage.dll
0x00007ff900cc0000 - 0x00007ff900da9000 	C:\WINDOWS\System32\SHCORE.dll
0x00007ff901300000 - 0x00007ff90135d000 	C:\WINDOWS\System32\shlwapi.dll
0x00007ff9000f0000 - 0x00007ff90011e000 	C:\WINDOWS\SYSTEM32\profapi.dll
0x00007ff8da680000 - 0x00007ff8da699000 	C:\Program Files\Java\jdk-17\bin\net.dll
0x00007ff8f7900000 - 0x00007ff8f7a1e000 	C:\WINDOWS\SYSTEM32\WINHTTP.dll
0x00007ff8ff520000 - 0x00007ff8ff58a000 	C:\WINDOWS\system32\mswsock.dll
0x00007ff8b3bd0000 - 0x00007ff8b3be6000 	C:\Program Files\Java\jdk-17\bin\nio.dll
0x00007ff8b2bb0000 - 0x00007ff8b2bc8000 	C:\Program Files\Java\jdk-17\bin\zip.dll
0x0000000069ac0000 - 0x0000000069ae4000 	C:\Program Files\NetBeans-21\netbeans\java\maven\lib\jansi-native\Windows\x86_64\jansi.dll
0x00007ff8e0ad0000 - 0x00007ff8e0ae0000 	C:\Program Files\Java\jdk-17\bin\verify.dll

dbghelp: loaded successfully - version: 4.0.5 - missing functions: none
symbol engine: initialized successfully - sym options: 0x614 - pdb path: .;C:\Program Files\Java\jdk-17\bin;C:\WINDOWS\SYSTEM32;C:\WINDOWS\WinSxS\amd64_microsoft.windows.common-controls_6595b64144ccf1df_6.0.26100.3037_none_3e09262ce333c378;C:\Program Files\Java\jdk-17\bin\server;C:\Program Files\NetBeans-21\netbeans\java\maven\lib\jansi-native\Windows\x86_64

VM Arguments:
jvm_args: -Dclassworlds.conf=C:\Program Files\NetBeans-21\netbeans\java\maven\bin\m2.conf -Dmaven.home=C:\Program Files\NetBeans-21\netbeans\java\maven -Dlibrary.jansi.path=C:\Program Files\NetBeans-21\netbeans\java\maven\lib\jansi-native -Dmaven.multiModuleProjectDirectory=C:\Users\PC\Documents\NetBeansProjects\du_an_tot_nghiep 
java_command: org.codehaus.plexus.classworlds.launcher.Launcher -Dexec.vmArgs= -Dexec.args=${exec.vmArgs} -classpath %classpath ${exec.mainClass} ${exec.appArgs} -Dexec.executable=C:\Program Files\Java\jdk-17\bin\java.exe -Dexec.mainClass=com.text.text_swing.ExpandableLinePanel -Dexec.classpathScope=runtime -Dexec.appArgs= -Dmaven.ext.class.path=C:\Program Files\NetBeans-21\netbeans\java\maven-nblib\netbeans-eventspy.jar --no-transfer-progress process-classes org.codehaus.mojo:exec-maven-plugin:3.1.0:exec
java_class_path (initial): C:\Program Files\NetBeans-21\netbeans\java\maven\boot\plexus-classworlds-2.7.0.jar
Launcher Type: SUN_STANDARD

[Global flags]
     intx CICompilerCount                          = 4                                         {product} {ergonomic}
     uint ConcGCThreads                            = 3                                         {product} {ergonomic}
     uint G1ConcRefinementThreads                  = 10                                        {product} {ergonomic}
   size_t G1HeapRegionSize                         = 1048576                                   {product} {ergonomic}
    uintx GCDrainStackTargetSize                   = 64                                        {product} {ergonomic}
   size_t InitialHeapSize                          = 96468992                                  {product} {ergonomic}
   size_t MarkStackSize                            = 4194304                                   {product} {ergonomic}
   size_t MaxHeapSize                              = 1528823808                                {product} {ergonomic}
   size_t MaxNewSize                               = 916455424                                 {product} {ergonomic}
   size_t MinHeapDeltaBytes                        = 1048576                                   {product} {ergonomic}
   size_t MinHeapSize                              = 8388608                                   {product} {ergonomic}
    uintx NonNMethodCodeHeapSize                   = 5839372                                {pd product} {ergonomic}
    uintx NonProfiledCodeHeapSize                  = 122909434                              {pd product} {ergonomic}
    uintx ProfiledCodeHeapSize                     = 122909434                              {pd product} {ergonomic}
    uintx ReservedCodeCacheSize                    = 251658240                              {pd product} {ergonomic}
     bool SegmentedCodeCache                       = true                                      {product} {ergonomic}
   size_t SoftMaxHeapSize                          = 1528823808                             {manageable} {ergonomic}
     bool UseCompressedClassPointers               = true                           {product lp64_product} {ergonomic}
     bool UseCompressedOops                        = true                           {product lp64_product} {ergonomic}
     bool UseG1GC                                  = true                                      {product} {ergonomic}
     bool UseLargePagesIndividualAllocation        = false                                  {pd product} {ergonomic}

Logging:
Log output configuration:
 #0: stdout all=warning uptime,level,tags
 #1: stderr all=off uptime,level,tags

Environment Variables:
JAVA_HOME=C:\Program Files\Java\jdk-17
PATH=C:\Program Files\Microsoft MPI\Bin\;C:\Program Files\Common Files\Oracle\Java\javapath;C:\Program Files (x86)\Common Files\Intel\Shared Libraries\redist\intel64\compiler;C:\Windows\system32;C:\Windows;C:\Windows\System32\Wbem;C:\Windows\System32\WindowsPowerShell\v1.0\;C:\Windows\System32\OpenSSH\;C:\Program Files\NVIDIA Corporation\NVIDIA NvDLISR;C:\WINDOWS\system32;C:\WINDOWS;C:\WINDOWS\System32\Wbem;C:\WINDOWS\System32\WindowsPowerShell\v1.0\;C:\WINDOWS\System32\OpenSSH\;C:\Program Files (x86)\Windows Kits\10\Windows Performance Toolkit\;C:\Program Files\dotnet\;C:\MinGW\bin;C:\Program Files (x86)\Microsoft SQL Server\160\Tools\Binn\;C:\Program Files\Microsoft SQL Server\160\Tools\Binn\;C:\Program Files\Microsoft SQL Server\Client SDK\ODBC\170\Tools\Binn\;C:\Program Files\Microsoft SQL Server\160\DTS\Binn\;C:\Program Files (x86)\Microsoft SQL Server\160\DTS\Binn\;D:\node.js\;C:\Users\PC\AppData\Local\Microsoft\WindowsApps;C:\Users\PC\AppData\Local\Programs\Microsoft VS Code\bin;C:\Users\PC\.dotnet\tools;C:\Users\PC\AppData\Roaming\npm;D:\apache-maven-3.9.9-bin\apache-maven-3.9.9\bin;
USERNAME=PC
OS=Windows_NT
PROCESSOR_IDENTIFIER=AMD64 Family 25 Model 68 Stepping 1, AuthenticAMD



---------------  S Y S T E M  ---------------

OS:
 Windows 11 , 64 bit Build 26100 (10.0.26100.3037)
OS uptime: 5 days 0:31 hours

CPU: total 12 (initial active 12) (12 cores per cpu, 2 threads per core) family 25 model 68 stepping 1 microcode 0xa404101, cx8, cmov, fxsr, ht, mmx, 3dnowpref, sse, sse2, sse3, ssse3, sse4a, sse4.1, sse4.2, popcnt, lzcnt, tsc, tscinvbit, avx, avx2, aes, clmul, bmi1, bmi2, adx, sha, fma, vzeroupper, clflush, clflushopt

Memory: 4k page, system-wide physical 5829M (445M free)
TotalPageFile size 24261M (AvailPageFile size 17M)
current process WorkingSet (physical memory assigned to process): 248M, peak: 256M
current process commit charge ("private bytes"): 302M, peak: 309M

vm_info: Java HotSpot(TM) 64-Bit Server VM (17.0.11+7-LTS-207) for windows-amd64 JRE (17.0.11+7-LTS-207), built on Mar 11 2024 19:01:50 by "mach5one" with MS VC++ 17.6 (VS2022)

END.
