#
# There is insufficient memory for the Java Runtime Environment to continue.
# Native memory allocation (malloc) failed to allocate 1398688 bytes for Chunk::new
# Possible reasons:
#   The system is out of physical RAM or swap space
#   The process is running with CompressedOops enabled, and the Java Heap may be blocking the growth of the native heap
# Possible solutions:
#   Reduce memory load on the system
#   Increase physical memory or swap space
#   Check if swap backing store is full
#   Decrease Java heap size (-Xmx/-Xms)
#   Decrease number of Java threads
#   Decrease Java thread stack sizes (-Xss)
#   Set larger code cache with -XX:ReservedCodeCacheSize=
#   JVM is running with Unscaled Compressed Oops mode in which the Java heap is
#     placed in the first 4GB address space. The Java Heap base address is the
#     maximum limit for the native heap growth. Please use -XX:HeapBaseMinAddress
#     to set the Java Heap base and to place the Java Heap above 4GB virtual address.
# This output file may be truncated or incomplete.
#
#  Out of Memory Error (arena.cpp:189), pid=4756, tid=12052
#
# JRE version: Java(TM) SE Runtime Environment (17.0.11+7) (build 17.0.11+7-LTS-207)
# Java VM: Java HotSpot(TM) 64-Bit Server VM (17.0.11+7-LTS-207, mixed mode, sharing, tiered, compressed oops, compressed class ptrs, g1 gc, windows-amd64)
# No core dump will be written. Minidumps are not enabled by default on client versions of Windows
#

---------------  S U M M A R Y ------------

Command Line: -Dclassworlds.conf=C:\Program Files\NetBeans-21\netbeans\java\maven\bin\m2.conf -Dmaven.home=C:\Program Files\NetBeans-21\netbeans\java\maven -Dlibrary.jansi.path=C:\Program Files\NetBeans-21\netbeans\java\maven\lib\jansi-native -Dmaven.multiModuleProjectDirectory=C:\Users\PC\Documents\NetBeansProjects\du_an_tot_nghiep org.codehaus.plexus.classworlds.launcher.Launcher -Dexec.vmArgs= -Dexec.args=${exec.vmArgs} -classpath %classpath ${exec.mainClass} ${exec.appArgs} -Dexec.executable=C:\Program Files\Java\jdk-17\bin\java.exe -Dexec.mainClass=com.text.text_swing.ExpandableLinePanel -Dexec.classpathScope=runtime -Dexec.appArgs= -Dmaven.ext.class.path=C:\Program Files\NetBeans-21\netbeans\java\maven-nblib\netbeans-eventspy.jar --no-transfer-progress process-classes org.codehaus.mojo:exec-maven-plugin:3.1.0:exec

Host: AMD Ryzen 5 6600H with Radeon Graphics         , 12 cores, 5G,  Windows 11 , 64 bit Build 26100 (10.0.26100.3037)
Time: Tue Mar 11 23:31:12 2025 SE Asia Standard Time elapsed time: 8.392737 seconds (0d 0h 0m 8s)

---------------  T H R E A D  ---------------

Current thread (0x0000015a45cf1030):  JavaThread "C2 CompilerThread1" daemon [_thread_in_native, id=12052, stack(0x00000041c8c00000,0x00000041c8d00000)]


Current CompileTask:
C2:   8392 8003       4       com.sun.tools.javac.code.Types::union (134 bytes)

Stack: [0x00000041c8c00000,0x00000041c8d00000]
Native frames: (J=compiled Java code, j=interpreted, Vv=VM code, C=native code)
V  [jvm.dll+0x679cca]
V  [jvm.dll+0x7da13d]
V  [jvm.dll+0x7dba83]
V  [jvm.dll+0x7dc0f3]
V  [jvm.dll+0x2449af]
V  [jvm.dll+0xab83b]
V  [jvm.dll+0xabe1c]
V  [jvm.dll+0x3615ae]
V  [jvm.dll+0x1b9dda]
V  [jvm.dll+0x216337]
V  [jvm.dll+0x21560f]
V  [jvm.dll+0x1a2040]
V  [jvm.dll+0x225a2b]
V  [jvm.dll+0x223bcb]
V  [jvm.dll+0x7903ec]
V  [jvm.dll+0x78a85a]
V  [jvm.dll+0x678bb5]
C  [ucrtbase.dll+0x37b0]
C  [KERNEL32.DLL+0x2e8d7]
C  [ntdll.dll+0xbbf2c]


---------------  P R O C E S S  ---------------

Threads class SMR info:
_java_thread_list=0x0000015a4682a800, length=16, elements={
0x0000015a62a54700, 0x0000015a7faa5fc0, 0x0000015a7faa84b0, 0x0000015a7fabe1a0,
0x0000015a7fabe680, 0x0000015a7fac0b70, 0x0000015a7fac5470, 0x0000015a7facdc90,
0x0000015a7faf16c0, 0x0000015a7faf1be0, 0x0000015a450efa90, 0x0000015a450f39e0,
0x0000015a45cf1030, 0x0000015a45b31990, 0x0000015a46c98880, 0x0000015a46c98d90
}

Java Threads: ( => current thread )
  0x0000015a62a54700 JavaThread "main" [_thread_in_native, id=15460, stack(0x00000041c6e00000,0x00000041c6f00000)]
  0x0000015a7faa5fc0 JavaThread "Reference Handler" daemon [_thread_blocked, id=14868, stack(0x00000041c7500000,0x00000041c7600000)]
  0x0000015a7faa84b0 JavaThread "Finalizer" daemon [_thread_blocked, id=22456, stack(0x00000041c7600000,0x00000041c7700000)]
  0x0000015a7fabe1a0 JavaThread "Signal Dispatcher" daemon [_thread_blocked, id=29540, stack(0x00000041c7700000,0x00000041c7800000)]
  0x0000015a7fabe680 JavaThread "Attach Listener" daemon [_thread_blocked, id=28520, stack(0x00000041c7800000,0x00000041c7900000)]
  0x0000015a7fac0b70 JavaThread "Service Thread" daemon [_thread_blocked, id=23568, stack(0x00000041c7900000,0x00000041c7a00000)]
  0x0000015a7fac5470 JavaThread "Monitor Deflation Thread" daemon [_thread_blocked, id=23676, stack(0x00000041c7a00000,0x00000041c7b00000)]
  0x0000015a7facdc90 JavaThread "C2 CompilerThread0" daemon [_thread_in_native, id=26240, stack(0x00000041c7b00000,0x00000041c7c00000)]
  0x0000015a7faf16c0 JavaThread "C1 CompilerThread0" daemon [_thread_blocked, id=14644, stack(0x00000041c7c00000,0x00000041c7d00000)]
  0x0000015a7faf1be0 JavaThread "Sweeper thread" daemon [_thread_blocked, id=3988, stack(0x00000041c7d00000,0x00000041c7e00000)]
  0x0000015a450efa90 JavaThread "Notification Thread" daemon [_thread_blocked, id=3400, stack(0x00000041c7e00000,0x00000041c7f00000)]
  0x0000015a450f39e0 JavaThread "Common-Cleaner" daemon [_thread_blocked, id=30684, stack(0x00000041c8000000,0x00000041c8100000)]
=>0x0000015a45cf1030 JavaThread "C2 CompilerThread1" daemon [_thread_in_native, id=12052, stack(0x00000041c8c00000,0x00000041c8d00000)]
  0x0000015a45b31990 JavaThread "Exec Stream Pumper" daemon [_thread_in_native, id=7164, stack(0x00000041c9100000,0x00000041c9200000)]
  0x0000015a46c98880 JavaThread "Exec Stream Pumper" daemon [_thread_in_native, id=6748, stack(0x00000041c9200000,0x00000041c9300000)]
  0x0000015a46c98d90 JavaThread "Exec Input Stream Pumper" daemon [_thread_blocked, id=29532, stack(0x00000041c9300000,0x00000041c9400000)]

Other Threads:
  0x0000015a7fa9da40 VMThread "VM Thread" [stack: 0x00000041c7400000,0x00000041c7500000] [id=28792]
  0x0000015a62abef10 WatcherThread [stack: 0x00000041c7f00000,0x00000041c8000000] [id=18844]
  0x0000015a62aa0210 GCTaskThread "GC Thread#0" [stack: 0x00000041c6f00000,0x00000041c7000000] [id=27196]
  0x0000015a45156470 GCTaskThread "GC Thread#1" [stack: 0x00000041c8100000,0x00000041c8200000] [id=17732]
  0x0000015a45c00cb0 GCTaskThread "GC Thread#2" [stack: 0x00000041c8200000,0x00000041c8300000] [id=7908]
  0x0000015a45a587e0 GCTaskThread "GC Thread#3" [stack: 0x00000041c8300000,0x00000041c8400000] [id=11768]
  0x0000015a45a58aa0 GCTaskThread "GC Thread#4" [stack: 0x00000041c8400000,0x00000041c8500000] [id=10912]
  0x0000015a45a58d60 GCTaskThread "GC Thread#5" [stack: 0x00000041c8500000,0x00000041c8600000] [id=21292]
  0x0000015a45afb0e0 GCTaskThread "GC Thread#6" [stack: 0x00000041c8600000,0x00000041c8700000] [id=6152]
  0x0000015a45b033c0 GCTaskThread "GC Thread#7" [stack: 0x00000041c8700000,0x00000041c8800000] [id=2320]
  0x0000015a45a7c150 GCTaskThread "GC Thread#8" [stack: 0x00000041c8800000,0x00000041c8900000] [id=28968]
  0x0000015a45b44550 GCTaskThread "GC Thread#9" [stack: 0x00000041c8900000,0x00000041c8a00000] [id=20160]
  0x0000015a62aac810 ConcurrentGCThread "G1 Main Marker" [stack: 0x00000041c7000000,0x00000041c7100000] [id=28848]
  0x0000015a62aaeb50 ConcurrentGCThread "G1 Conc#0" [stack: 0x00000041c7100000,0x00000041c7200000] [id=12864]
  0x0000015a45dbcc00 ConcurrentGCThread "G1 Conc#1" [stack: 0x00000041c8a00000,0x00000041c8b00000] [id=13796]
  0x0000015a46bd0890 ConcurrentGCThread "G1 Conc#2" [stack: 0x00000041c8b00000,0x00000041c8c00000] [id=10224]
  0x0000015a7f950090 ConcurrentGCThread "G1 Refine#0" [stack: 0x00000041c7200000,0x00000041c7300000] [id=19232]
  0x0000015a45ae8a80 ConcurrentGCThread "G1 Refine#1" [stack: 0x00000041c8d00000,0x00000041c8e00000] [id=30380]
  0x0000015a45ae7bd0 ConcurrentGCThread "G1 Refine#2" [stack: 0x00000041c8e00000,0x00000041c8f00000] [id=6212]
  0x0000015a45ae8d70 ConcurrentGCThread "G1 Refine#3" [stack: 0x00000041c8f00000,0x00000041c9000000] [id=24064]
  0x0000015a45ae7300 ConcurrentGCThread "G1 Refine#4" [stack: 0x00000041c9000000,0x00000041c9100000] [id=8524]
  0x0000015a62b18330 ConcurrentGCThread "G1 Service" [stack: 0x00000041c7300000,0x00000041c7400000] [id=2288]

Threads with active compile tasks:
C2 CompilerThread0     8432 6054       4       com.sun.tools.javac.jvm.PoolReader::resolve (344 bytes)
C2 CompilerThread1     8432 8003       4       com.sun.tools.javac.code.Types::union (134 bytes)

VM state: not at safepoint (normal execution)

VM Mutex/Monitor currently owned by a thread: None

Heap address: 0x00000000a4e00000, size: 1458 MB, Compressed Oops mode: 32-bit

CDS archive(s) mapped at: [0x0000015a00000000-0x0000015a00bd0000-0x0000015a00bd0000), size 12386304, SharedBaseAddress: 0x0000015a00000000, ArchiveRelocationMode: 1.
Compressed class space mapped at: 0x0000015a01000000-0x0000015a41000000, reserved size: 1073741824
Narrow klass base: 0x0000015a00000000, Narrow klass shift: 0, Narrow klass range: 0x100000000

GC Precious Log:
 CPUs: 12 total, 12 available
 Memory: 5829M
 Large Page Support: Disabled
 NUMA Support: Disabled
 Compressed Oops: Enabled (32-bit)
 Heap Region Size: 1M
 Heap Min Capacity: 8M
 Heap Initial Capacity: 92M
 Heap Max Capacity: 1458M
 Pre-touch: Disabled
 Parallel Workers: 10
 Concurrent Workers: 3
 Concurrent Refinement Workers: 10
 Periodic GC: Disabled

Heap:
 garbage-first heap   total 116736K, used 60985K [0x00000000a4e00000, 0x0000000100000000)
  region size 1024K, 16 young (16384K), 4 survivors (4096K)
 Metaspace       used 29218K, committed 29568K, reserved 1114112K
  class space    used 3243K, committed 3392K, reserved 1048576K

Heap Regions: E=young(eden), S=young(survivor), O=old, HS=humongous(starts), HC=humongous(continues), CS=collection set, F=free, OA=open archive, CA=closed archive, TAMS=top-at-mark-start (previous, next)
|   0|0x00000000a4e00000, 0x00000000a4f00000, 0x00000000a4f00000|100%| O|  |TAMS 0x00000000a4f00000, 0x00000000a4e00000| Untracked 
|   1|0x00000000a4f00000, 0x00000000a5000000, 0x00000000a5000000|100%| O|  |TAMS 0x00000000a5000000, 0x00000000a4f00000| Untracked 
|   2|0x00000000a5000000, 0x00000000a5100000, 0x00000000a5100000|100%| O|  |TAMS 0x00000000a5100000, 0x00000000a5000000| Untracked 
|   3|0x00000000a5100000, 0x00000000a5200000, 0x00000000a5200000|100%| O|  |TAMS 0x00000000a5200000, 0x00000000a5100000| Untracked 
|   4|0x00000000a5200000, 0x00000000a5300000, 0x00000000a5300000|100%| O|  |TAMS 0x00000000a5300000, 0x00000000a5200000| Untracked 
|   5|0x00000000a5300000, 0x00000000a5400000, 0x00000000a5400000|100%| O|  |TAMS 0x00000000a5400000, 0x00000000a5300000| Untracked 
|   6|0x00000000a5400000, 0x00000000a5500000, 0x00000000a5500000|100%| O|  |TAMS 0x00000000a5500000, 0x00000000a5400000| Untracked 
|   7|0x00000000a5500000, 0x00000000a5600000, 0x00000000a5600000|100%| O|  |TAMS 0x00000000a5600000, 0x00000000a5500000| Untracked 
|   8|0x00000000a5600000, 0x00000000a5700000, 0x00000000a5700000|100%| O|  |TAMS 0x00000000a5700000, 0x00000000a5600000| Untracked 
|   9|0x00000000a5700000, 0x00000000a5742a00, 0x00000000a5800000| 26%| O|  |TAMS 0x00000000a5742a00, 0x00000000a5700000| Untracked 
|  10|0x00000000a5800000, 0x00000000a5900000, 0x00000000a5900000|100%| O|  |TAMS 0x00000000a5900000, 0x00000000a5800000| Untracked 
|  11|0x00000000a5900000, 0x00000000a5a00000, 0x00000000a5a00000|100%| O|  |TAMS 0x00000000a5a00000, 0x00000000a5900000| Untracked 
|  12|0x00000000a5a00000, 0x00000000a5b00000, 0x00000000a5b00000|100%| O|  |TAMS 0x00000000a5b00000, 0x00000000a5a00000| Untracked 
|  13|0x00000000a5b00000, 0x00000000a5c00000, 0x00000000a5c00000|100%| O|  |TAMS 0x00000000a5c00000, 0x00000000a5b00000| Untracked 
|  14|0x00000000a5c00000, 0x00000000a5d00000, 0x00000000a5d00000|100%| O|  |TAMS 0x00000000a5d00000, 0x00000000a5c00000| Untracked 
|  15|0x00000000a5d00000, 0x00000000a5e00000, 0x00000000a5e00000|100%| O|  |TAMS 0x00000000a5e00000, 0x00000000a5d00000| Untracked 
|  16|0x00000000a5e00000, 0x00000000a5f00000, 0x00000000a5f00000|100%| O|  |TAMS 0x00000000a5f00000, 0x00000000a5e00000| Untracked 
|  17|0x00000000a5f00000, 0x00000000a6000000, 0x00000000a6000000|100%| O|  |TAMS 0x00000000a6000000, 0x00000000a5f00000| Untracked 
|  18|0x00000000a6000000, 0x00000000a6100000, 0x00000000a6100000|100%| O|  |TAMS 0x00000000a6100000, 0x00000000a6000000| Untracked 
|  19|0x00000000a6100000, 0x00000000a6200000, 0x00000000a6200000|100%| O|  |TAMS 0x00000000a6200000, 0x00000000a6100000| Untracked 
|  20|0x00000000a6200000, 0x00000000a6300000, 0x00000000a6300000|100%| O|  |TAMS 0x00000000a6300000, 0x00000000a6200000| Untracked 
|  21|0x00000000a6300000, 0x00000000a6400000, 0x00000000a6400000|100%| O|  |TAMS 0x00000000a6400000, 0x00000000a6300000| Untracked 
|  22|0x00000000a6400000, 0x00000000a6500000, 0x00000000a6500000|100%| O|  |TAMS 0x00000000a6500000, 0x00000000a6400000| Untracked 
|  23|0x00000000a6500000, 0x00000000a6600000, 0x00000000a6600000|100%| O|  |TAMS 0x00000000a6600000, 0x00000000a6500000| Untracked 
|  24|0x00000000a6600000, 0x00000000a6700000, 0x00000000a6700000|100%| O|  |TAMS 0x00000000a6700000, 0x00000000a6600000| Untracked 
|  25|0x00000000a6700000, 0x00000000a6800000, 0x00000000a6800000|100%| O|  |TAMS 0x00000000a6800000, 0x00000000a6700000| Untracked 
|  26|0x00000000a6800000, 0x00000000a6900000, 0x00000000a6900000|100%| O|  |TAMS 0x00000000a6900000, 0x00000000a6800000| Untracked 
|  27|0x00000000a6900000, 0x00000000a6a00000, 0x00000000a6a00000|100%| O|  |TAMS 0x00000000a6a00000, 0x00000000a6900000| Untracked 
|  28|0x00000000a6a00000, 0x00000000a6b00000, 0x00000000a6b00000|100%| O|  |TAMS 0x00000000a6b00000, 0x00000000a6a00000| Untracked 
|  29|0x00000000a6b00000, 0x00000000a6c00000, 0x00000000a6c00000|100%| O|  |TAMS 0x00000000a6c00000, 0x00000000a6b00000| Untracked 
|  30|0x00000000a6c00000, 0x00000000a6d00000, 0x00000000a6d00000|100%| O|  |TAMS 0x00000000a6c00000, 0x00000000a6c00000| Untracked 
|  31|0x00000000a6d00000, 0x00000000a6e00000, 0x00000000a6e00000|100%| O|  |TAMS 0x00000000a6e00000, 0x00000000a6d00000| Untracked 
|  32|0x00000000a6e00000, 0x00000000a6f00000, 0x00000000a6f00000|100%| O|  |TAMS 0x00000000a6f00000, 0x00000000a6e00000| Untracked 
|  33|0x00000000a6f00000, 0x00000000a7000000, 0x00000000a7000000|100%| O|  |TAMS 0x00000000a7000000, 0x00000000a6f00000| Untracked 
|  34|0x00000000a7000000, 0x00000000a7100000, 0x00000000a7100000|100%| O|  |TAMS 0x00000000a7100000, 0x00000000a7000000| Untracked 
|  35|0x00000000a7100000, 0x00000000a7200000, 0x00000000a7200000|100%| O|  |TAMS 0x00000000a7200000, 0x00000000a7100000| Untracked 
|  36|0x00000000a7200000, 0x00000000a7300000, 0x00000000a7300000|100%| O|  |TAMS 0x00000000a7300000, 0x00000000a7200000| Untracked 
|  37|0x00000000a7300000, 0x00000000a7400000, 0x00000000a7400000|100%|HS|  |TAMS 0x00000000a7400000, 0x00000000a7300000| Complete 
|  38|0x00000000a7400000, 0x00000000a7500000, 0x00000000a7500000|100%|HC|  |TAMS 0x00000000a7500000, 0x00000000a7400000| Complete 
|  39|0x00000000a7500000, 0x00000000a7600000, 0x00000000a7600000|100%| O|  |TAMS 0x00000000a7500000, 0x00000000a7500000| Untracked 
|  40|0x00000000a7600000, 0x00000000a7700000, 0x00000000a7700000|100%| O|  |TAMS 0x00000000a7600000, 0x00000000a7600000| Untracked 
|  41|0x00000000a7700000, 0x00000000a774bc00, 0x00000000a7800000| 29%| O|  |TAMS 0x00000000a7700000, 0x00000000a7700000| Untracked 
|  42|0x00000000a7800000, 0x00000000a7800000, 0x00000000a7900000|  0%| F|  |TAMS 0x00000000a7800000, 0x00000000a7800000| Untracked 
|  43|0x00000000a7900000, 0x00000000a7900000, 0x00000000a7a00000|  0%| F|  |TAMS 0x00000000a7900000, 0x00000000a7900000| Untracked 
|  44|0x00000000a7a00000, 0x00000000a7a00000, 0x00000000a7b00000|  0%| F|  |TAMS 0x00000000a7a00000, 0x00000000a7a00000| Untracked 
|  45|0x00000000a7b00000, 0x00000000a7b00000, 0x00000000a7c00000|  0%| F|  |TAMS 0x00000000a7b00000, 0x00000000a7b00000| Untracked 
|  46|0x00000000a7c00000, 0x00000000a7c00000, 0x00000000a7d00000|  0%| F|  |TAMS 0x00000000a7c00000, 0x00000000a7c00000| Untracked 
|  47|0x00000000a7d00000, 0x00000000a7d00000, 0x00000000a7e00000|  0%| F|  |TAMS 0x00000000a7d00000, 0x00000000a7d00000| Untracked 
|  48|0x00000000a7e00000, 0x00000000a7e00000, 0x00000000a7f00000|  0%| F|  |TAMS 0x00000000a7e00000, 0x00000000a7e00000| Untracked 
|  49|0x00000000a7f00000, 0x00000000a7f00000, 0x00000000a8000000|  0%| F|  |TAMS 0x00000000a7f00000, 0x00000000a7f00000| Untracked 
|  50|0x00000000a8000000, 0x00000000a8000000, 0x00000000a8100000|  0%| F|  |TAMS 0x00000000a8000000, 0x00000000a8000000| Untracked 
|  51|0x00000000a8100000, 0x00000000a8100000, 0x00000000a8200000|  0%| F|  |TAMS 0x00000000a8100000, 0x00000000a8100000| Untracked 
|  52|0x00000000a8200000, 0x00000000a8200000, 0x00000000a8300000|  0%| F|  |TAMS 0x00000000a8200000, 0x00000000a8200000| Untracked 
|  53|0x00000000a8300000, 0x00000000a8300000, 0x00000000a8400000|  0%| F|  |TAMS 0x00000000a8300000, 0x00000000a8300000| Untracked 
|  54|0x00000000a8400000, 0x00000000a8400000, 0x00000000a8500000|  0%| F|  |TAMS 0x00000000a8400000, 0x00000000a8400000| Untracked 
|  55|0x00000000a8500000, 0x00000000a8500000, 0x00000000a8600000|  0%| F|  |TAMS 0x00000000a8500000, 0x00000000a8500000| Untracked 
|  56|0x00000000a8600000, 0x00000000a8600000, 0x00000000a8700000|  0%| F|  |TAMS 0x00000000a8600000, 0x00000000a8600000| Untracked 
|  57|0x00000000a8700000, 0x00000000a8700000, 0x00000000a8800000|  0%| F|  |TAMS 0x00000000a8700000, 0x00000000a8700000| Untracked 
|  58|0x00000000a8800000, 0x00000000a8800000, 0x00000000a8900000|  0%| F|  |TAMS 0x00000000a8800000, 0x00000000a8800000| Untracked 
|  59|0x00000000a8900000, 0x00000000a8900000, 0x00000000a8a00000|  0%| F|  |TAMS 0x00000000a8900000, 0x00000000a8900000| Untracked 
|  60|0x00000000a8a00000, 0x00000000a8a00000, 0x00000000a8b00000|  0%| F|  |TAMS 0x00000000a8a00000, 0x00000000a8a00000| Untracked 
|  61|0x00000000a8b00000, 0x00000000a8b00000, 0x00000000a8c00000|  0%| F|  |TAMS 0x00000000a8b00000, 0x00000000a8b00000| Untracked 
|  62|0x00000000a8c00000, 0x00000000a8d00000, 0x00000000a8d00000|100%| S|CS|TAMS 0x00000000a8c00000, 0x00000000a8c00000| Complete 
|  63|0x00000000a8d00000, 0x00000000a8e00000, 0x00000000a8e00000|100%| S|CS|TAMS 0x00000000a8d00000, 0x00000000a8d00000| Complete 
|  64|0x00000000a8e00000, 0x00000000a8f00000, 0x00000000a8f00000|100%| S|CS|TAMS 0x00000000a8e00000, 0x00000000a8e00000| Complete 
|  65|0x00000000a8f00000, 0x00000000a9000000, 0x00000000a9000000|100%| S|CS|TAMS 0x00000000a8f00000, 0x00000000a8f00000| Complete 
|  66|0x00000000a9000000, 0x00000000a9000000, 0x00000000a9100000|  0%| F|  |TAMS 0x00000000a9000000, 0x00000000a9000000| Untracked 
|  67|0x00000000a9100000, 0x00000000a9100000, 0x00000000a9200000|  0%| F|  |TAMS 0x00000000a9100000, 0x00000000a9100000| Untracked 
|  68|0x00000000a9200000, 0x00000000a9200000, 0x00000000a9300000|  0%| F|  |TAMS 0x00000000a9200000, 0x00000000a9200000| Untracked 
|  69|0x00000000a9300000, 0x00000000a9300000, 0x00000000a9400000|  0%| F|  |TAMS 0x00000000a9300000, 0x00000000a9300000| Untracked 
|  70|0x00000000a9400000, 0x00000000a9400000, 0x00000000a9500000|  0%| F|  |TAMS 0x00000000a9400000, 0x00000000a9400000| Untracked 
|  71|0x00000000a9500000, 0x00000000a9500000, 0x00000000a9600000|  0%| F|  |TAMS 0x00000000a9500000, 0x00000000a9500000| Untracked 
|  72|0x00000000a9600000, 0x00000000a9600000, 0x00000000a9700000|  0%| F|  |TAMS 0x00000000a9600000, 0x00000000a9600000| Untracked 
|  73|0x00000000a9700000, 0x00000000a9700000, 0x00000000a9800000|  0%| F|  |TAMS 0x00000000a9700000, 0x00000000a9700000| Untracked 
|  74|0x00000000a9800000, 0x00000000a9800000, 0x00000000a9900000|  0%| F|  |TAMS 0x00000000a9800000, 0x00000000a9800000| Untracked 
|  75|0x00000000a9900000, 0x00000000a9900000, 0x00000000a9a00000|  0%| F|  |TAMS 0x00000000a9900000, 0x00000000a9900000| Untracked 
|  76|0x00000000a9a00000, 0x00000000a9a00000, 0x00000000a9b00000|  0%| F|  |TAMS 0x00000000a9a00000, 0x00000000a9a00000| Untracked 
|  77|0x00000000a9b00000, 0x00000000a9b00000, 0x00000000a9c00000|  0%| F|  |TAMS 0x00000000a9b00000, 0x00000000a9b00000| Untracked 
|  78|0x00000000a9c00000, 0x00000000a9c00000, 0x00000000a9d00000|  0%| F|  |TAMS 0x00000000a9c00000, 0x00000000a9c00000| Untracked 
|  79|0x00000000a9d00000, 0x00000000a9d00000, 0x00000000a9e00000|  0%| F|  |TAMS 0x00000000a9d00000, 0x00000000a9d00000| Untracked 
|  80|0x00000000a9e00000, 0x00000000a9e00000, 0x00000000a9f00000|  0%| F|  |TAMS 0x00000000a9e00000, 0x00000000a9e00000| Untracked 
|  81|0x00000000a9f00000, 0x00000000a9f00000, 0x00000000aa000000|  0%| F|  |TAMS 0x00000000a9f00000, 0x00000000a9f00000| Untracked 
|  82|0x00000000aa000000, 0x00000000aa000000, 0x00000000aa100000|  0%| F|  |TAMS 0x00000000aa000000, 0x00000000aa000000| Untracked 
|  83|0x00000000aa100000, 0x00000000aa100000, 0x00000000aa200000|  0%| F|  |TAMS 0x00000000aa100000, 0x00000000aa100000| Untracked 
|  84|0x00000000aa200000, 0x00000000aa200000, 0x00000000aa300000|  0%| F|  |TAMS 0x00000000aa200000, 0x00000000aa200000| Untracked 
|  85|0x00000000aa300000, 0x00000000aa300000, 0x00000000aa400000|  0%| F|  |TAMS 0x00000000aa300000, 0x00000000aa300000| Untracked 
|  86|0x00000000aa400000, 0x00000000aa400000, 0x00000000aa500000|  0%| F|  |TAMS 0x00000000aa400000, 0x00000000aa400000| Untracked 
|  87|0x00000000aa500000, 0x00000000aa500000, 0x00000000aa600000|  0%| F|  |TAMS 0x00000000aa500000, 0x00000000aa500000| Untracked 
|  88|0x00000000aa600000, 0x00000000aa600000, 0x00000000aa700000|  0%| F|  |TAMS 0x00000000aa600000, 0x00000000aa600000| Untracked 
|  89|0x00000000aa700000, 0x00000000aa700000, 0x00000000aa800000|  0%| F|  |TAMS 0x00000000aa700000, 0x00000000aa700000| Untracked 
|  90|0x00000000aa800000, 0x00000000aa800000, 0x00000000aa900000|  0%| F|  |TAMS 0x00000000aa800000, 0x00000000aa800000| Untracked 
|  91|0x00000000aa900000, 0x00000000aa900000, 0x00000000aaa00000|  0%| F|  |TAMS 0x00000000aa900000, 0x00000000aa900000| Untracked 
|  92|0x00000000aaa00000, 0x00000000aaa00000, 0x00000000aab00000|  0%| F|  |TAMS 0x00000000aaa00000, 0x00000000aaa00000| Untracked 
|  93|0x00000000aab00000, 0x00000000aab00000, 0x00000000aac00000|  0%| F|  |TAMS 0x00000000aab00000, 0x00000000aab00000| Untracked 
|  94|0x00000000aac00000, 0x00000000aac00000, 0x00000000aad00000|  0%| F|  |TAMS 0x00000000aac00000, 0x00000000aac00000| Untracked 
|  95|0x00000000aad00000, 0x00000000aad00000, 0x00000000aae00000|  0%| F|  |TAMS 0x00000000aad00000, 0x00000000aad00000| Untracked 
|  96|0x00000000aae00000, 0x00000000aae00000, 0x00000000aaf00000|  0%| F|  |TAMS 0x00000000aae00000, 0x00000000aae00000| Untracked 
|  97|0x00000000aaf00000, 0x00000000aaf00000, 0x00000000ab000000|  0%| F|  |TAMS 0x00000000aaf00000, 0x00000000aaf00000| Untracked 
|  98|0x00000000ab000000, 0x00000000ab064980, 0x00000000ab100000| 39%| E|  |TAMS 0x00000000ab000000, 0x00000000ab000000| Complete 
|  99|0x00000000ab100000, 0x00000000ab200000, 0x00000000ab200000|100%| E|CS|TAMS 0x00000000ab100000, 0x00000000ab100000| Complete 
| 100|0x00000000ab200000, 0x00000000ab300000, 0x00000000ab300000|100%| E|CS|TAMS 0x00000000ab200000, 0x00000000ab200000| Complete 
| 101|0x00000000ab300000, 0x00000000ab400000, 0x00000000ab400000|100%| E|CS|TAMS 0x00000000ab300000, 0x00000000ab300000| Complete 
| 102|0x00000000ab400000, 0x00000000ab500000, 0x00000000ab500000|100%| E|CS|TAMS 0x00000000ab400000, 0x00000000ab400000| Complete 
| 103|0x00000000ab500000, 0x00000000ab600000, 0x00000000ab600000|100%| E|CS|TAMS 0x00000000ab500000, 0x00000000ab500000| Complete 
| 104|0x00000000ab600000, 0x00000000ab700000, 0x00000000ab700000|100%| E|CS|TAMS 0x00000000ab600000, 0x00000000ab600000| Complete 
| 105|0x00000000ab700000, 0x00000000ab800000, 0x00000000ab800000|100%| E|CS|TAMS 0x00000000ab700000, 0x00000000ab700000| Complete 
| 106|0x00000000ab800000, 0x00000000ab900000, 0x00000000ab900000|100%| E|CS|TAMS 0x00000000ab800000, 0x00000000ab800000| Complete 
| 107|0x00000000ab900000, 0x00000000aba00000, 0x00000000aba00000|100%| E|CS|TAMS 0x00000000ab900000, 0x00000000ab900000| Complete 
| 108|0x00000000aba00000, 0x00000000abb00000, 0x00000000abb00000|100%| E|CS|TAMS 0x00000000aba00000, 0x00000000aba00000| Complete 
| 109|0x00000000abb00000, 0x00000000abc00000, 0x00000000abc00000|100%| E|CS|TAMS 0x00000000abb00000, 0x00000000abb00000| Complete 
|1454|0x00000000ffc00000, 0x00000000ffd00000, 0x00000000ffd00000|100%| O|  |TAMS 0x00000000ffd00000, 0x00000000ffc00000| Untracked 
|1455|0x00000000ffd00000, 0x00000000ffe00000, 0x00000000ffe00000|100%| O|  |TAMS 0x00000000ffe00000, 0x00000000ffd00000| Untracked 
|1456|0x00000000ffe00000, 0x00000000fff00000, 0x00000000fff00000|100%| O|  |TAMS 0x00000000fff00000, 0x00000000ffe00000| Untracked 
|1457|0x00000000fff00000, 0x0000000100000000, 0x0000000100000000|100%| O|  |TAMS 0x0000000100000000, 0x00000000fff00000| Untracked 

Card table byte_map: [0x0000015a79b40000,0x0000015a79e20000] _byte_map_base: 0x0000015a79619000

Marking Bits (Prev, Next): (CMBitMap*) 0x0000015a62aa0740, (CMBitMap*) 0x0000015a62aa0780
 Prev Bits: [0x0000015a7a100000, 0x0000015a7b7c8000)
 Next Bits: [0x0000015a7b7d0000, 0x0000015a7ce98000)

Polling page: 0x0000015a609c0000

Metaspace:

Usage:
  Non-class:     25.37 MB used.
      Class:      3.17 MB used.
       Both:     28.53 MB used.

Virtual space:
  Non-class space:       64.00 MB reserved,      25.56 MB ( 40%) committed,  1 nodes.
      Class space:        1.00 GB reserved,       3.31 MB ( <1%) committed,  1 nodes.
             Both:        1.06 GB reserved,      28.88 MB (  3%) committed. 

Chunk freelists:
   Non-Class:  6.11 MB
       Class:  12.67 MB
        Both:  18.78 MB

MaxMetaspaceSize: unlimited
CompressedClassSpaceSize: 1.00 GB
Initial GC threshold: 21.00 MB
Current GC threshold: 46.25 MB
CDS: on
MetaspaceReclaimPolicy: balanced
 - commit_granule_bytes: 65536.
 - commit_granule_words: 8192.
 - virtual_space_node_default_size: 8388608.
 - enlarge_chunks_in_place: 1.
 - new_chunks_are_fully_committed: 0.
 - uncommit_free_chunks: 1.
 - use_allocation_guard: 0.
 - handle_deallocations: 1.


Internal statistics:

num_allocs_failed_limit: 3.
num_arena_births: 186.
num_arena_deaths: 0.
num_vsnodes_births: 2.
num_vsnodes_deaths: 0.
num_space_committed: 462.
num_space_uncommitted: 0.
num_chunks_returned_to_freelist: 3.
num_chunks_taken_from_freelist: 1204.
num_chunk_merges: 3.
num_chunk_splits: 869.
num_chunks_enlarged: 707.
num_inconsistent_stats: 0.

CodeHeap 'non-profiled nmethods': size=120000Kb used=2865Kb max_used=2865Kb free=117134Kb
 bounds [0x0000015a71de0000, 0x0000015a720d0000, 0x0000015a79310000]
CodeHeap 'profiled nmethods': size=120000Kb used=15387Kb max_used=15387Kb free=104612Kb
 bounds [0x0000015a6a310000, 0x0000015a6b220000, 0x0000015a71840000]
CodeHeap 'non-nmethods': size=5760Kb used=1205Kb max_used=1266Kb free=4554Kb
 bounds [0x0000015a71840000, 0x0000015a71ab0000, 0x0000015a71de0000]
 total_blobs=7604 nmethods=7100 adapters=416
 compilation: enabled
              stopped_count=0, restarted_count=0
 full_count=0

Compilation events (20 events):
Event: 7.262 Thread 0x0000015a7faf16c0 8193       2       java.lang.ProcessEnvironment$EntryComparator::compare (25 bytes)
Event: 7.262 Thread 0x0000015a7faf16c0 nmethod 8193 0x0000015a6b214190 code [0x0000015a6b214360, 0x0000015a6b214568]
Event: 7.262 Thread 0x0000015a7faf16c0 8188       2       java.lang.ProcessEnvironment$CheckedEntrySet$1::next (5 bytes)
Event: 7.262 Thread 0x0000015a7faf16c0 nmethod 8188 0x0000015a6b214690 code [0x0000015a6b214840, 0x0000015a6b214a88]
Event: 7.262 Thread 0x0000015a7facdc90 nmethod 7915 0x0000015a71f54890 code [0x0000015a71f54aa0, 0x0000015a71f55490]
Event: 7.262 Thread 0x0000015a7facdc90 6364       4       com.sun.tools.javac.tree.JCTree$JCMethodInvocation::getTag (4 bytes)
Event: 7.263 Thread 0x0000015a7facdc90 nmethod 6364 0x0000015a71f57010 code [0x0000015a71f57180, 0x0000015a71f571f8]
Event: 7.263 Thread 0x0000015a7facdc90 6054       4       com.sun.tools.javac.jvm.PoolReader::resolve (344 bytes)
Event: 7.275 Thread 0x0000015a7faf16c0 8195       2       java.lang.invoke.InvokerBytecodeGenerator::emitImplicitConversion (161 bytes)
Event: 7.276 Thread 0x0000015a7faf16c0 nmethod 8195 0x0000015a6b214b90 code [0x0000015a6b214e00, 0x0000015a6b2153f8]
Event: 7.278 Thread 0x0000015a7faf16c0 8198       2       java.lang.invoke.LambdaForm$BasicType::basicTypeSlots (8 bytes)
Event: 7.279 Thread 0x0000015a7faf16c0 nmethod 8198 0x0000015a6b215790 code [0x0000015a6b215920, 0x0000015a6b215a38]
Event: 7.279 Thread 0x0000015a7faf16c0 8200       2       jdk.internal.org.objectweb.asm.ClassVisitor::<init> (88 bytes)
Event: 7.279 Thread 0x0000015a7faf16c0 nmethod 8200 0x0000015a6b215b10 code [0x0000015a6b215d00, 0x0000015a6b216128]
Event: 7.279 Thread 0x0000015a7faf16c0 8201       2       jdk.internal.org.objectweb.asm.SymbolTable::<init> (41 bytes)
Event: 7.279 Thread 0x0000015a7faf16c0 nmethod 8201 0x0000015a6b216310 code [0x0000015a6b2164c0, 0x0000015a6b216918]
Event: 7.279 Thread 0x0000015a7faf16c0 8199       2       sun.invoke.util.Wrapper::stackSlots (9 bytes)
Event: 7.279 Thread 0x0000015a7faf16c0 nmethod 8199 0x0000015a6b216a10 code [0x0000015a6b216ba0, 0x0000015a6b216cb8]
Event: 7.393 Thread 0x0000015a7faf16c0 8203       2       java.io.OutputStream::flush (1 bytes)
Event: 7.393 Thread 0x0000015a7faf16c0 nmethod 8203 0x0000015a6aec2690 code [0x0000015a6aec2820, 0x0000015a6aec2918]

GC Heap History (20 events):
Event: 4.739 GC heap before
{Heap before GC invocations=6 (full 0):
 garbage-first heap   total 51200K, used 40068K [0x00000000a4e00000, 0x0000000100000000)
  region size 1024K, 30 young (30720K), 4 survivors (4096K)
 Metaspace       used 25108K, committed 25408K, reserved 1114112K
  class space    used 2888K, committed 3072K, reserved 1048576K
}
Event: 4.754 GC heap after
{Heap after GC invocations=7 (full 0):
 garbage-first heap   total 55296K, used 23536K [0x00000000a4e00000, 0x0000000100000000)
  region size 1024K, 4 young (4096K), 4 survivors (4096K)
 Metaspace       used 25108K, committed 25408K, reserved 1114112K
  class space    used 2888K, committed 3072K, reserved 1048576K
}
Event: 4.887 GC heap before
{Heap before GC invocations=7 (full 0):
 garbage-first heap   total 55296K, used 38896K [0x00000000a4e00000, 0x0000000100000000)
  region size 1024K, 20 young (20480K), 4 survivors (4096K)
 Metaspace       used 25127K, committed 25472K, reserved 1114112K
  class space    used 2888K, committed 3072K, reserved 1048576K
}
Event: 4.894 GC heap after
{Heap after GC invocations=8 (full 0):
 garbage-first heap   total 66560K, used 30474K [0x00000000a4e00000, 0x0000000100000000)
  region size 1024K, 3 young (3072K), 3 survivors (3072K)
 Metaspace       used 25127K, committed 25472K, reserved 1114112K
  class space    used 2888K, committed 3072K, reserved 1048576K
}
Event: 5.081 GC heap before
{Heap before GC invocations=8 (full 0):
 garbage-first heap   total 66560K, used 45834K [0x00000000a4e00000, 0x0000000100000000)
  region size 1024K, 18 young (18432K), 3 survivors (3072K)
 Metaspace       used 25644K, committed 25920K, reserved 1114112K
  class space    used 2952K, committed 3072K, reserved 1048576K
}
Event: 5.087 GC heap after
{Heap after GC invocations=9 (full 0):
 garbage-first heap   total 66560K, used 33909K [0x00000000a4e00000, 0x0000000100000000)
  region size 1024K, 3 young (3072K), 3 survivors (3072K)
 Metaspace       used 25644K, committed 25920K, reserved 1114112K
  class space    used 2952K, committed 3072K, reserved 1048576K
}
Event: 5.169 GC heap before
{Heap before GC invocations=9 (full 0):
 garbage-first heap   total 66560K, used 48245K [0x00000000a4e00000, 0x0000000100000000)
  region size 1024K, 17 young (17408K), 3 survivors (3072K)
 Metaspace       used 25719K, committed 26048K, reserved 1114112K
  class space    used 2953K, committed 3136K, reserved 1048576K
}
Event: 5.176 GC heap after
{Heap after GC invocations=10 (full 0):
 garbage-first heap   total 66560K, used 37130K [0x00000000a4e00000, 0x0000000100000000)
  region size 1024K, 3 young (3072K), 3 survivors (3072K)
 Metaspace       used 25719K, committed 26048K, reserved 1114112K
  class space    used 2953K, committed 3136K, reserved 1048576K
}
Event: 5.319 GC heap before
{Heap before GC invocations=11 (full 0):
 garbage-first heap   total 66560K, used 50442K [0x00000000a4e00000, 0x0000000100000000)
  region size 1024K, 15 young (15360K), 3 survivors (3072K)
 Metaspace       used 25954K, committed 26304K, reserved 1114112K
  class space    used 2955K, committed 3136K, reserved 1048576K
}
Event: 5.326 GC heap after
{Heap after GC invocations=12 (full 0):
 garbage-first heap   total 66560K, used 40202K [0x00000000a4e00000, 0x0000000100000000)
  region size 1024K, 2 young (2048K), 2 survivors (2048K)
 Metaspace       used 25954K, committed 26304K, reserved 1114112K
  class space    used 2955K, committed 3136K, reserved 1048576K
}
Event: 5.349 GC heap before
{Heap before GC invocations=12 (full 0):
 garbage-first heap   total 66560K, used 45322K [0x00000000a4e00000, 0x0000000100000000)
  region size 1024K, 8 young (8192K), 2 survivors (2048K)
 Metaspace       used 25997K, committed 26304K, reserved 1114112K
  class space    used 2956K, committed 3136K, reserved 1048576K
}
Event: 5.354 GC heap after
{Heap after GC invocations=13 (full 0):
 garbage-first heap   total 66560K, used 41718K [0x00000000a4e00000, 0x0000000100000000)
  region size 1024K, 2 young (2048K), 2 survivors (2048K)
 Metaspace       used 25997K, committed 26304K, reserved 1114112K
  class space    used 2956K, committed 3136K, reserved 1048576K
}
Event: 5.600 GC heap before
{Heap before GC invocations=14 (full 0):
 garbage-first heap   total 80896K, used 52982K [0x00000000a4e00000, 0x0000000100000000)
  region size 1024K, 11 young (11264K), 2 survivors (2048K)
 Metaspace       used 27438K, committed 27712K, reserved 1114112K
  class space    used 3132K, committed 3264K, reserved 1048576K
}
Event: 5.608 GC heap after
{Heap after GC invocations=15 (full 0):
 garbage-first heap   total 80896K, used 44298K [0x00000000a4e00000, 0x0000000100000000)
  region size 1024K, 2 young (2048K), 2 survivors (2048K)
 Metaspace       used 27438K, committed 27712K, reserved 1114112K
  class space    used 3132K, committed 3264K, reserved 1048576K
}
Event: 5.935 GC heap before
{Heap before GC invocations=15 (full 0):
 garbage-first heap   total 80896K, used 61706K [0x00000000a4e00000, 0x0000000100000000)
  region size 1024K, 19 young (19456K), 2 survivors (2048K)
 Metaspace       used 28113K, committed 28416K, reserved 1114112K
  class space    used 3191K, committed 3328K, reserved 1048576K
}
Event: 5.944 GC heap after
{Heap after GC invocations=16 (full 0):
 garbage-first heap   total 116736K, used 45817K [0x00000000a4e00000, 0x0000000100000000)
  region size 1024K, 3 young (3072K), 3 survivors (3072K)
 Metaspace       used 28113K, committed 28416K, reserved 1114112K
  class space    used 3191K, committed 3328K, reserved 1048576K
}
Event: 6.514 GC heap before
{Heap before GC invocations=17 (full 0):
 garbage-first heap   total 116736K, used 85753K [0x00000000a4e00000, 0x0000000100000000)
  region size 1024K, 42 young (43008K), 3 survivors (3072K)
 Metaspace       used 28456K, committed 28736K, reserved 1114112K
  class space    used 3193K, committed 3328K, reserved 1048576K
}
Event: 6.524 GC heap after
{Heap after GC invocations=18 (full 0):
 garbage-first heap   total 116736K, used 47767K [0x00000000a4e00000, 0x0000000100000000)
  region size 1024K, 5 young (5120K), 5 survivors (5120K)
 Metaspace       used 28456K, committed 28736K, reserved 1114112K
  class space    used 3193K, committed 3328K, reserved 1048576K
}
Event: 7.007 GC heap before
{Heap before GC invocations=18 (full 0):
 garbage-first heap   total 116736K, used 87703K [0x00000000a4e00000, 0x0000000100000000)
  region size 1024K, 44 young (45056K), 5 survivors (5120K)
 Metaspace       used 28732K, committed 28992K, reserved 1114112K
  class space    used 3193K, committed 3328K, reserved 1048576K
}
Event: 7.017 GC heap after
{Heap after GC invocations=19 (full 0):
 garbage-first heap   total 116736K, used 49721K [0x00000000a4e00000, 0x0000000100000000)
  region size 1024K, 4 young (4096K), 4 survivors (4096K)
 Metaspace       used 28732K, committed 28992K, reserved 1114112K
  class space    used 3193K, committed 3328K, reserved 1048576K
}

Deoptimization events (20 events):
Event: 7.208 Thread 0x0000015a62a54700 Uncommon trap: trap_request=0xffffffbe fr.pc=0x0000015a7201c340 relative=0x00000000000001a0
Event: 7.208 Thread 0x0000015a62a54700 Uncommon trap: reason=profile_predicate action=maybe_recompile pc=0x0000015a7201c340 method=java.util.LinkedHashMap.valuesToArray([Ljava/lang/Object;)[Ljava/lang/Object; @ 12 c2
Event: 7.208 Thread 0x0000015a62a54700 DEOPT PACKING pc=0x0000015a7201c340 sp=0x00000041c6efcf60
Event: 7.208 Thread 0x0000015a62a54700 DEOPT UNPACKING pc=0x0000015a718923a3 sp=0x00000041c6efcf18 mode 2
Event: 7.209 Thread 0x0000015a62a54700 Uncommon trap: trap_request=0xffffffbe fr.pc=0x0000015a7201c340 relative=0x00000000000001a0
Event: 7.209 Thread 0x0000015a62a54700 Uncommon trap: reason=profile_predicate action=maybe_recompile pc=0x0000015a7201c340 method=java.util.LinkedHashMap.valuesToArray([Ljava/lang/Object;)[Ljava/lang/Object; @ 12 c2
Event: 7.209 Thread 0x0000015a62a54700 DEOPT PACKING pc=0x0000015a7201c340 sp=0x00000041c6efc890
Event: 7.209 Thread 0x0000015a62a54700 DEOPT UNPACKING pc=0x0000015a718923a3 sp=0x00000041c6efc848 mode 2
Event: 7.209 Thread 0x0000015a62a54700 Uncommon trap: trap_request=0xffffffbe fr.pc=0x0000015a7201c340 relative=0x00000000000001a0
Event: 7.209 Thread 0x0000015a62a54700 Uncommon trap: reason=profile_predicate action=maybe_recompile pc=0x0000015a7201c340 method=java.util.LinkedHashMap.valuesToArray([Ljava/lang/Object;)[Ljava/lang/Object; @ 12 c2
Event: 7.209 Thread 0x0000015a62a54700 DEOPT PACKING pc=0x0000015a7201c340 sp=0x00000041c6efc890
Event: 7.209 Thread 0x0000015a62a54700 DEOPT UNPACKING pc=0x0000015a718923a3 sp=0x00000041c6efc848 mode 2
Event: 7.237 Thread 0x0000015a62a54700 Uncommon trap: trap_request=0xffffff45 fr.pc=0x0000015a71f8cf8c relative=0x0000000000000b0c
Event: 7.237 Thread 0x0000015a62a54700 Uncommon trap: reason=unstable_if action=reinterpret pc=0x0000015a71f8cf8c method=org.codehaus.plexus.classworlds.realm.Entry.matches(Ljava/lang/String;)Z @ 150 c2
Event: 7.237 Thread 0x0000015a62a54700 DEOPT PACKING pc=0x0000015a71f8cf8c sp=0x00000041c6efbe60
Event: 7.237 Thread 0x0000015a62a54700 DEOPT UNPACKING pc=0x0000015a718923a3 sp=0x00000041c6efbe20 mode 2
Event: 7.252 Thread 0x0000015a62a54700 Uncommon trap: trap_request=0xffffff45 fr.pc=0x0000015a71f90bec relative=0x000000000000022c
Event: 7.252 Thread 0x0000015a62a54700 Uncommon trap: reason=unstable_if action=reinterpret pc=0x0000015a71f90bec method=java.util.StringTokenizer.skipDelimiters(I)I @ 21 c2
Event: 7.252 Thread 0x0000015a62a54700 DEOPT PACKING pc=0x0000015a71f90bec sp=0x00000041c6efdc10
Event: 7.252 Thread 0x0000015a62a54700 DEOPT UNPACKING pc=0x0000015a718923a3 sp=0x00000041c6efdba0 mode 2

Classes unloaded (0 events):
No events

Classes redefined (0 events):
No events

Internal exceptions (20 events):
Event: 6.979 Thread 0x0000015a62a54700 Exception <a 'sun/nio/fs/WindowsException'{0x00000000a9558498}> (0x00000000a9558498) 
thrown [s\open\src\hotspot\share\prims\jni.cpp, line 516]
Event: 6.980 Thread 0x0000015a62a54700 Exception <a 'sun/nio/fs/WindowsException'{0x00000000a955d0a8}> (0x00000000a955d0a8) 
thrown [s\open\src\hotspot\share\prims\jni.cpp, line 516]
Event: 6.982 Thread 0x0000015a62a54700 Exception <a 'sun/nio/fs/WindowsException'{0x00000000a9561ce8}> (0x00000000a9561ce8) 
thrown [s\open\src\hotspot\share\prims\jni.cpp, line 516]
Event: 6.984 Thread 0x0000015a62a54700 Exception <a 'sun/nio/fs/WindowsException'{0x00000000a9566020}> (0x00000000a9566020) 
thrown [s\open\src\hotspot\share\prims\jni.cpp, line 516]
Event: 6.986 Thread 0x0000015a62a54700 Exception <a 'sun/nio/fs/WindowsException'{0x00000000a956a1d8}> (0x00000000a956a1d8) 
thrown [s\open\src\hotspot\share\prims\jni.cpp, line 516]
Event: 6.989 Thread 0x0000015a62a54700 Exception <a 'sun/nio/fs/WindowsException'{0x00000000a956f760}> (0x00000000a956f760) 
thrown [s\open\src\hotspot\share\prims\jni.cpp, line 516]
Event: 6.994 Thread 0x0000015a62a54700 Exception <a 'sun/nio/fs/WindowsException'{0x00000000a958ec28}> (0x00000000a958ec28) 
thrown [s\open\src\hotspot\share\prims\jni.cpp, line 516]
Event: 7.004 Thread 0x0000015a62a54700 Exception <a 'sun/nio/fs/WindowsException'{0x00000000a95f71b0}> (0x00000000a95f71b0) 
thrown [s\open\src\hotspot\share\prims\jni.cpp, line 516]
Event: 7.029 Thread 0x0000015a62a54700 Exception <a 'sun/nio/fs/WindowsException'{0x00000000abbe9638}> (0x00000000abbe9638) 
thrown [s\open\src\hotspot\share\prims\jni.cpp, line 516]
Event: 7.032 Thread 0x0000015a62a54700 Exception <a 'sun/nio/fs/WindowsException'{0x00000000abbf8400}> (0x00000000abbf8400) 
thrown [s\open\src\hotspot\share\prims\jni.cpp, line 516]
Event: 7.040 Thread 0x0000015a62a54700 Exception <a 'sun/nio/fs/WindowsException'{0x00000000ab90f948}> (0x00000000ab90f948) 
thrown [s\open\src\hotspot\share\prims\jni.cpp, line 516]
Event: 7.046 Thread 0x0000015a62a54700 Exception <a 'sun/nio/fs/WindowsException'{0x00000000ab940440}> (0x00000000ab940440) 
thrown [s\open\src\hotspot\share\prims\jni.cpp, line 516]
Event: 7.053 Thread 0x0000015a62a54700 Exception <a 'sun/nio/fs/WindowsException'{0x00000000ab8238a0}> (0x00000000ab8238a0) 
thrown [s\open\src\hotspot\share\prims\jni.cpp, line 516]
Event: 7.056 Thread 0x0000015a62a54700 Exception <a 'sun/nio/fs/WindowsException'{0x00000000ab839ac8}> (0x00000000ab839ac8) 
thrown [s\open\src\hotspot\share\prims\jni.cpp, line 516]
Event: 7.068 Thread 0x0000015a62a54700 Exception <a 'sun/nio/fs/WindowsException'{0x00000000ab7847d8}> (0x00000000ab7847d8) 
thrown [s\open\src\hotspot\share\prims\jni.cpp, line 516]
Event: 7.275 Thread 0x0000015a62a54700 Exception <a 'java/lang/NoSuchMethodError'{0x00000000ab1d4e58}: 'void java.lang.invoke.DirectMethodHandle$Holder.invokeStatic(java.lang.Object, long)'> (0x00000000ab1d4e58) 
thrown [s\open\src\hotspot\share\interpreter\linkResolver.cpp, line 759]
Event: 7.276 Thread 0x0000015a62a54700 Exception <a 'java/lang/NoSuchMethodError'{0x00000000ab1da4a8}: 'java.lang.Object java.lang.invoke.DirectMethodHandle$Holder.newInvokeSpecial(java.lang.Object, long)'> (0x00000000ab1da4a8) 
thrown [s\open\src\hotspot\share\interpreter\linkResolver.cpp, line 759]
Event: 7.280 Thread 0x0000015a62a54700 Exception <a 'java/lang/NoSuchMethodError'{0x00000000ab1e4de0}: 'java.lang.Object java.lang.invoke.DirectMethodHandle$Holder.invokeStaticInit(java.lang.Object, java.lang.Object, long, java.lang.Object)'> (0x00000000ab1e4de0) 
thrown [s\open\src\hotspot\share\interpreter\linkResolver.cpp, line 759]
Event: 7.280 Thread 0x0000015a62a54700 Exception <a 'java/lang/NoSuchMethodError'{0x00000000ab1eb428}: 'java.lang.Object java.lang.invoke.DirectMethodHandle$Holder.newInvokeSpecial(java.lang.Object, java.lang.Object, long)'> (0x00000000ab1eb428) 
thrown [s\open\src\hotspot\share\interpreter\linkResolver.cpp, line 759]
Event: 7.281 Thread 0x0000015a62a54700 Exception <a 'java/lang/NoSuchMethodError'{0x00000000ab1eef98}: 'java.lang.Object java.lang.invoke.Invokers$Holder.linkToTargetMethod(java.lang.Object, long, java.lang.Object)'> (0x00000000ab1eef98) 
thrown [s\open\src\hotspot\share\interpreter\linkResolver.cpp, line 759]

VM Operations (20 events):
Event: 5.964 Executing VM operation: G1Concurrent
Event: 5.969 Executing VM operation: G1Concurrent done
Event: 5.977 Executing VM operation: G1Concurrent
Event: 5.977 Executing VM operation: G1Concurrent done
Event: 6.098 Executing VM operation: ICBufferFull
Event: 6.098 Executing VM operation: ICBufferFull done
Event: 6.269 Executing VM operation: ICBufferFull
Event: 6.269 Executing VM operation: ICBufferFull done
Event: 6.382 Executing VM operation: ICBufferFull
Event: 6.382 Executing VM operation: ICBufferFull done
Event: 6.514 Executing VM operation: G1CollectForAllocation
Event: 6.524 Executing VM operation: G1CollectForAllocation done
Event: 6.785 Executing VM operation: ICBufferFull
Event: 6.785 Executing VM operation: ICBufferFull done
Event: 7.006 Executing VM operation: G1CollectForAllocation
Event: 7.017 Executing VM operation: G1CollectForAllocation done
Event: 7.285 Executing VM operation: HandshakeAllThreads
Event: 7.285 Executing VM operation: HandshakeAllThreads done
Event: 8.284 Executing VM operation: Cleanup
Event: 8.284 Executing VM operation: Cleanup done

Events (20 events):
Event: 7.282 loading class java/util/concurrent/SynchronousQueue done
Event: 7.282 loading class java/util/concurrent/SynchronousQueue$TransferStack
Event: 7.283 loading class java/util/concurrent/SynchronousQueue$Transferer
Event: 7.283 loading class java/util/concurrent/SynchronousQueue$Transferer done
Event: 7.283 loading class java/util/concurrent/SynchronousQueue$TransferStack done
Event: 7.283 loading class java/util/concurrent/SynchronousQueue$TransferStack$SNode
Event: 7.283 loading class java/util/concurrent/ForkJoinPool$ManagedBlocker
Event: 7.283 loading class java/util/concurrent/ForkJoinPool$ManagedBlocker done
Event: 7.283 loading class java/util/concurrent/SynchronousQueue$TransferStack$SNode done
Event: 7.283 loading class java/lang/ProcessImpl$2
Event: 7.284 loading class java/lang/ProcessImpl$2 done
Event: 7.284 loading class java/lang/Process$PipeInputStream
Event: 7.284 loading class java/lang/Process$PipeInputStream done
Event: 7.285 loading class jdk/internal/event/ProcessStartEvent
Event: 7.285 loading class jdk/internal/event/ProcessStartEvent done
Event: 7.286 loading class java/io/PipedOutputStream
Event: 7.286 loading class java/io/PipedOutputStream done
Event: 7.287 Thread 0x0000015a45b31990 Thread added: 0x0000015a45b31990
Event: 7.287 Thread 0x0000015a46c98880 Thread added: 0x0000015a46c98880
Event: 7.287 Thread 0x0000015a46c98d90 Thread added: 0x0000015a46c98d90


Dynamic libraries:
0x00007ff608a30000 - 0x00007ff608a40000 	C:\Program Files\Java\jdk-17\bin\java.exe
0x00007ff902e40000 - 0x00007ff9030a3000 	C:\WINDOWS\SYSTEM32\ntdll.dll
0x00007ff902890000 - 0x00007ff902957000 	C:\WINDOWS\System32\KERNEL32.DLL
0x00007ff900760000 - 0x00007ff900b27000 	C:\WINDOWS\System32\KERNELBASE.dll
0x00007ff900b30000 - 0x00007ff900c7c000 	C:\WINDOWS\System32\ucrtbase.dll
0x00007ff8f5f90000 - 0x00007ff8f5fa9000 	C:\Program Files\Java\jdk-17\bin\jli.dll
0x00007ff8f1610000 - 0x00007ff8f162b000 	C:\Program Files\Java\jdk-17\bin\VCRUNTIME140.dll
0x00007ff9018d0000 - 0x00007ff901984000 	C:\WINDOWS\System32\ADVAPI32.dll
0x00007ff9020d0000 - 0x00007ff902179000 	C:\WINDOWS\System32\msvcrt.dll
0x00007ff901400000 - 0x00007ff9014a6000 	C:\WINDOWS\System32\sechost.dll
0x00007ff901990000 - 0x00007ff901aa6000 	C:\WINDOWS\System32\RPCRT4.dll
0x00007ff900e40000 - 0x00007ff901009000 	C:\WINDOWS\System32\USER32.dll
0x00007ff8d3310000 - 0x00007ff8d35a0000 	C:\WINDOWS\WinSxS\amd64_microsoft.windows.common-controls_6595b64144ccf1df_6.0.26100.3037_none_3e09262ce333c378\COMCTL32.dll
0x00007ff900310000 - 0x00007ff900337000 	C:\WINDOWS\System32\win32u.dll
0x00007ff902a30000 - 0x00007ff902a5a000 	C:\WINDOWS\System32\GDI32.dll
0x00007ff900340000 - 0x00007ff90046b000 	C:\WINDOWS\System32\gdi32full.dll
0x00007ff9006b0000 - 0x00007ff900753000 	C:\WINDOWS\System32\msvcp_win.dll
0x00007ff8faaa0000 - 0x00007ff8faaab000 	C:\WINDOWS\SYSTEM32\VERSION.dll
0x00007ff900c80000 - 0x00007ff900caf000 	C:\WINDOWS\System32\IMM32.DLL
0x00007ff8e3cc0000 - 0x00007ff8e3ccc000 	C:\Program Files\Java\jdk-17\bin\vcruntime140_1.dll
0x00007ff86fea0000 - 0x00007ff86ff2e000 	C:\Program Files\Java\jdk-17\bin\msvcp140.dll
0x00007ff8701b0000 - 0x00007ff870d90000 	C:\Program Files\Java\jdk-17\bin\server\jvm.dll
0x00007ff902df0000 - 0x00007ff902df8000 	C:\WINDOWS\System32\PSAPI.DLL
0x00007ff8e4740000 - 0x00007ff8e4776000 	C:\WINDOWS\SYSTEM32\WINMM.dll
0x00007ff8d7870000 - 0x00007ff8d787a000 	C:\WINDOWS\SYSTEM32\WSOCK32.dll
0x00007ff901380000 - 0x00007ff9013f4000 	C:\WINDOWS\System32\WS2_32.dll
0x00007ff8ff010000 - 0x00007ff8ff02a000 	C:\WINDOWS\SYSTEM32\kernel.appcore.dll
0x00007ff8e0ae0000 - 0x00007ff8e0aea000 	C:\Program Files\Java\jdk-17\bin\jimage.dll
0x00007ff8fd3c0000 - 0x00007ff8fd601000 	C:\WINDOWS\SYSTEM32\DBGHELP.DLL
0x00007ff902a60000 - 0x00007ff902dde000 	C:\WINDOWS\System32\combase.dll
0x00007ff901010000 - 0x00007ff9010e6000 	C:\WINDOWS\System32\OLEAUT32.dll
0x00007ff8de8c0000 - 0x00007ff8de8f9000 	C:\WINDOWS\SYSTEM32\dbgcore.DLL
0x00007ff900270000 - 0x00007ff900309000 	C:\WINDOWS\System32\bcryptPrimitives.dll
0x00007ff8bbad0000 - 0x00007ff8bbaf5000 	C:\Program Files\Java\jdk-17\bin\java.dll
0x00007ff8700d0000 - 0x00007ff8701a7000 	C:\Program Files\Java\jdk-17\bin\jsvml.dll
0x00007ff902180000 - 0x00007ff902884000 	C:\WINDOWS\System32\SHELL32.dll
0x00007ff8fdf00000 - 0x00007ff8fe737000 	C:\WINDOWS\SYSTEM32\windows.storage.dll
0x00007ff900cc0000 - 0x00007ff900da9000 	C:\WINDOWS\System32\SHCORE.dll
0x00007ff901300000 - 0x00007ff90135d000 	C:\WINDOWS\System32\shlwapi.dll
0x00007ff9000f0000 - 0x00007ff90011e000 	C:\WINDOWS\SYSTEM32\profapi.dll
0x00007ff8da680000 - 0x00007ff8da699000 	C:\Program Files\Java\jdk-17\bin\net.dll
0x00007ff8f7900000 - 0x00007ff8f7a1e000 	C:\WINDOWS\SYSTEM32\WINHTTP.dll
0x00007ff8ff520000 - 0x00007ff8ff58a000 	C:\WINDOWS\system32\mswsock.dll
0x00007ff8b3bd0000 - 0x00007ff8b3be6000 	C:\Program Files\Java\jdk-17\bin\nio.dll
0x00007ff8b2bb0000 - 0x00007ff8b2bc8000 	C:\Program Files\Java\jdk-17\bin\zip.dll
0x0000000069ac0000 - 0x0000000069ae4000 	C:\Program Files\NetBeans-21\netbeans\java\maven\lib\jansi-native\Windows\x86_64\jansi.dll
0x00007ff8e0ad0000 - 0x00007ff8e0ae0000 	C:\Program Files\Java\jdk-17\bin\verify.dll

dbghelp: loaded successfully - version: 4.0.5 - missing functions: none
symbol engine: initialized successfully - sym options: 0x614 - pdb path: .;C:\Program Files\Java\jdk-17\bin;C:\WINDOWS\SYSTEM32;C:\WINDOWS\WinSxS\amd64_microsoft.windows.common-controls_6595b64144ccf1df_6.0.26100.3037_none_3e09262ce333c378;C:\Program Files\Java\jdk-17\bin\server;C:\Program Files\NetBeans-21\netbeans\java\maven\lib\jansi-native\Windows\x86_64

VM Arguments:
jvm_args: -Dclassworlds.conf=C:\Program Files\NetBeans-21\netbeans\java\maven\bin\m2.conf -Dmaven.home=C:\Program Files\NetBeans-21\netbeans\java\maven -Dlibrary.jansi.path=C:\Program Files\NetBeans-21\netbeans\java\maven\lib\jansi-native -Dmaven.multiModuleProjectDirectory=C:\Users\PC\Documents\NetBeansProjects\du_an_tot_nghiep 
java_command: org.codehaus.plexus.classworlds.launcher.Launcher -Dexec.vmArgs= -Dexec.args=${exec.vmArgs} -classpath %classpath ${exec.mainClass} ${exec.appArgs} -Dexec.executable=C:\Program Files\Java\jdk-17\bin\java.exe -Dexec.mainClass=com.text.text_swing.ExpandableLinePanel -Dexec.classpathScope=runtime -Dexec.appArgs= -Dmaven.ext.class.path=C:\Program Files\NetBeans-21\netbeans\java\maven-nblib\netbeans-eventspy.jar --no-transfer-progress process-classes org.codehaus.mojo:exec-maven-plugin:3.1.0:exec
java_class_path (initial): C:\Program Files\NetBeans-21\netbeans\java\maven\boot\plexus-classworlds-2.7.0.jar
Launcher Type: SUN_STANDARD

[Global flags]
     intx CICompilerCount                          = 4                                         {product} {ergonomic}
     uint ConcGCThreads                            = 3                                         {product} {ergonomic}
     uint G1ConcRefinementThreads                  = 10                                        {product} {ergonomic}
   size_t G1HeapRegionSize                         = 1048576                                   {product} {ergonomic}
    uintx GCDrainStackTargetSize                   = 64                                        {product} {ergonomic}
   size_t InitialHeapSize                          = 96468992                                  {product} {ergonomic}
   size_t MarkStackSize                            = 4194304                                   {product} {ergonomic}
   size_t MaxHeapSize                              = 1528823808                                {product} {ergonomic}
   size_t MaxNewSize                               = 916455424                                 {product} {ergonomic}
   size_t MinHeapDeltaBytes                        = 1048576                                   {product} {ergonomic}
   size_t MinHeapSize                              = 8388608                                   {product} {ergonomic}
    uintx NonNMethodCodeHeapSize                   = 5839372                                {pd product} {ergonomic}
    uintx NonProfiledCodeHeapSize                  = 122909434                              {pd product} {ergonomic}
    uintx ProfiledCodeHeapSize                     = 122909434                              {pd product} {ergonomic}
    uintx ReservedCodeCacheSize                    = 251658240                              {pd product} {ergonomic}
     bool SegmentedCodeCache                       = true                                      {product} {ergonomic}
   size_t SoftMaxHeapSize                          = 1528823808                             {manageable} {ergonomic}
     bool UseCompressedClassPointers               = true                           {product lp64_product} {ergonomic}
     bool UseCompressedOops                        = true                           {product lp64_product} {ergonomic}
     bool UseG1GC                                  = true                                      {product} {ergonomic}
     bool UseLargePagesIndividualAllocation        = false                                  {pd product} {ergonomic}

Logging:
Log output configuration:
 #0: stdout all=warning uptime,level,tags
 #1: stderr all=off uptime,level,tags

Environment Variables:
JAVA_HOME=C:\Program Files\Java\jdk-17
PATH=C:\Program Files\Microsoft MPI\Bin\;C:\Program Files\Common Files\Oracle\Java\javapath;C:\Program Files (x86)\Common Files\Intel\Shared Libraries\redist\intel64\compiler;C:\Windows\system32;C:\Windows;C:\Windows\System32\Wbem;C:\Windows\System32\WindowsPowerShell\v1.0\;C:\Windows\System32\OpenSSH\;C:\Program Files\NVIDIA Corporation\NVIDIA NvDLISR;C:\WINDOWS\system32;C:\WINDOWS;C:\WINDOWS\System32\Wbem;C:\WINDOWS\System32\WindowsPowerShell\v1.0\;C:\WINDOWS\System32\OpenSSH\;C:\Program Files (x86)\Windows Kits\10\Windows Performance Toolkit\;C:\Program Files\dotnet\;C:\MinGW\bin;C:\Program Files (x86)\Microsoft SQL Server\160\Tools\Binn\;C:\Program Files\Microsoft SQL Server\160\Tools\Binn\;C:\Program Files\Microsoft SQL Server\Client SDK\ODBC\170\Tools\Binn\;C:\Program Files\Microsoft SQL Server\160\DTS\Binn\;C:\Program Files (x86)\Microsoft SQL Server\160\DTS\Binn\;D:\node.js\;C:\Users\PC\AppData\Local\Microsoft\WindowsApps;C:\Users\PC\AppData\Local\Programs\Microsoft VS Code\bin;C:\Users\PC\.dotnet\tools;C:\Users\PC\AppData\Roaming\npm;D:\apache-maven-3.9.9-bin\apache-maven-3.9.9\bin;
USERNAME=PC
OS=Windows_NT
PROCESSOR_IDENTIFIER=AMD64 Family 25 Model 68 Stepping 1, AuthenticAMD



---------------  S Y S T E M  ---------------

OS:
 Windows 11 , 64 bit Build 26100 (10.0.26100.3037)
OS uptime: 5 days 1:07 hours

CPU: total 12 (initial active 12) (12 cores per cpu, 2 threads per core) family 25 model 68 stepping 1 microcode 0xa404101, cx8, cmov, fxsr, ht, mmx, 3dnowpref, sse, sse2, sse3, ssse3, sse4a, sse4.1, sse4.2, popcnt, lzcnt, tsc, tscinvbit, avx, avx2, aes, clmul, bmi1, bmi2, adx, sha, fma, vzeroupper, clflush, clflushopt

Memory: 4k page, system-wide physical 5829M (195M free)
TotalPageFile size 24261M (AvailPageFile size 16M)
current process WorkingSet (physical memory assigned to process): 272M, peak: 278M
current process commit charge ("private bytes"): 309M, peak: 313M

vm_info: Java HotSpot(TM) 64-Bit Server VM (17.0.11+7-LTS-207) for windows-amd64 JRE (17.0.11+7-LTS-207), built on Mar 11 2024 19:01:50 by "mach5one" with MS VC++ 17.6 (VS2022)

END.
