#
# There is insufficient memory for the Java Runtime Environment to continue.
# Native memory allocation (malloc) failed to allocate 1048576 bytes for AllocateHeap
# Possible reasons:
#   The system is out of physical RAM or swap space
#   The process is running with CompressedOops enabled, and the Java Heap may be blocking the growth of the native heap
# Possible solutions:
#   Reduce memory load on the system
#   Increase physical memory or swap space
#   Check if swap backing store is full
#   Decrease Java heap size (-Xmx/-Xms)
#   Decrease number of Java threads
#   Decrease Java thread stack sizes (-Xss)
#   Set larger code cache with -XX:ReservedCodeCacheSize=
#   JVM is running with Unscaled Compressed Oops mode in which the Java heap is
#     placed in the first 4GB address space. The Java Heap base address is the
#     maximum limit for the native heap growth. Please use -XX:HeapBaseMinAddress
#     to set the Java Heap base and to place the Java Heap above 4GB virtual address.
# This output file may be truncated or incomplete.
#
#  Out of Memory Error (allocation.cpp:44), pid=13024, tid=28324
#
# JRE version:  (17.0.11+7) (build )
# Java VM: Java HotSpot(TM) 64-Bit Server VM (17.0.11+7-LTS-207, mixed mode, sharing, tiered, compressed oops, compressed class ptrs, g1 gc, windows-amd64)
# No core dump will be written. Minidumps are not enabled by default on client versions of Windows
#

---------------  S U M M A R Y ------------

Command Line: com.ui.MainFrame

Host: AMD Ryzen 5 6600H with Radeon Graphics         , 12 cores, 5G,  Windows 11 , 64 bit Build 26100 (10.0.26100.3037)
Time: Thu Mar  6 22:18:34 2025 SE Asia Standard Time elapsed time: 1.024955 seconds (0d 0h 0m 1s)

---------------  T H R E A D  ---------------

Current thread (0x00000204cdda1050):  JavaThread "Unknown thread" [_thread_in_vm, id=28324, stack(0x0000007eb6a00000,0x0000007eb6b00000)]

Stack: [0x0000007eb6a00000,0x0000007eb6b00000]
Native frames: (J=compiled Java code, j=interpreted, Vv=VM code, C=native code)
V  [jvm.dll+0x679cca]
V  [jvm.dll+0x7da13d]
V  [jvm.dll+0x7dba83]
V  [jvm.dll+0x7dc0f3]
V  [jvm.dll+0x2449af]
V  [jvm.dll+0xa5e73]
V  [jvm.dll+0x2e1c0e]
V  [jvm.dll+0x2d98eb]
V  [jvm.dll+0x7ac6b1]
V  [jvm.dll+0x366f61]
V  [jvm.dll+0x78b609]
V  [jvm.dll+0x3ec22f]
V  [jvm.dll+0x3ede61]
C  [jli.dll+0x5297]
C  [ucrtbase.dll+0x37b0]
C  [KERNEL32.DLL+0x2e8d7]
C  [ntdll.dll+0xbbf2c]


---------------  P R O C E S S  ---------------

Threads class SMR info:
_java_thread_list=0x00007ff8b8807a18, length=0, elements={
}

Java Threads: ( => current thread )

Other Threads:
  0x00000204cddebf30 GCTaskThread "GC Thread#0" [stack: 0x0000007eb6b00000,0x0000007eb6c00000] [id=21364]

[error occurred during error reporting (printing all threads), id 0xc0000005, EXCEPTION_ACCESS_VIOLATION (0xc0000005) at pc=0x00007ff8b8036a10]

VM state: not at safepoint (not fully initialized)

VM Mutex/Monitor currently owned by a thread:  ([mutex/lock_event])
[0x00000204cdd9d1a0] Heap_lock - owner thread: 0x00000204cdda1050

Heap address: 0x00000000a4e00000, size: 1458 MB, Compressed Oops mode: 32-bit

CDS archive(s) mapped at: [0x0000000000000000-0x0000000000000000-0x0000000000000000), size 0, SharedBaseAddress: 0x0000000800000000, ArchiveRelocationMode: 1.
Narrow klass base: 0x0000000000000000, Narrow klass shift: 0, Narrow klass range: 0x0

GC Precious Log:
<Empty>

Heap:
 garbage-first heap   total 0K, used 0K [0x00000000a4e00000, 0x0000000100000000)
  region size 1024K, 0 young (0K), 0 survivors (0K)

[error occurred during error reporting (printing heap information), id 0xc0000005, EXCEPTION_ACCESS_VIOLATION (0xc0000005) at pc=0x00007ff8b8423559]

GC Heap History (0 events):
No events

Deoptimization events (0 events):
No events

Classes unloaded (0 events):
No events

Classes redefined (0 events):
No events

Internal exceptions (0 events):
No events

VM Operations (0 events):
No events

Events (1 events):
Event: 0.009 Loaded shared library C:\Program Files\Java\jdk-17\bin\java.dll


Dynamic libraries:
0x00007ff739ad0000 - 0x00007ff739ae0000 	C:\Program Files\Java\jdk-17\bin\java.exe
0x00007ff948980000 - 0x00007ff948be3000 	C:\WINDOWS\SYSTEM32\ntdll.dll
0x00007ff946a80000 - 0x00007ff946b47000 	C:\WINDOWS\System32\KERNEL32.DLL
0x00007ff946330000 - 0x00007ff9466f7000 	C:\WINDOWS\System32\KERNELBASE.dll
0x00007ff945d20000 - 0x00007ff945e6c000 	C:\WINDOWS\System32\ucrtbase.dll
0x00007ff93c5a0000 - 0x00007ff93c5b9000 	C:\Program Files\Java\jdk-17\bin\jli.dll
0x00007ff93d740000 - 0x00007ff93d75b000 	C:\Program Files\Java\jdk-17\bin\VCRUNTIME140.dll
0x00007ff947fa0000 - 0x00007ff948054000 	C:\WINDOWS\System32\ADVAPI32.dll
0x00007ff947ea0000 - 0x00007ff947f49000 	C:\WINDOWS\System32\msvcrt.dll
0x00007ff9473b0000 - 0x00007ff947456000 	C:\WINDOWS\System32\sechost.dll
0x00007ff9480b0000 - 0x00007ff9481c6000 	C:\WINDOWS\System32\RPCRT4.dll
0x00007ff946bb0000 - 0x00007ff946d79000 	C:\WINDOWS\System32\USER32.dll
0x00007ff9211a0000 - 0x00007ff921430000 	C:\WINDOWS\WinSxS\amd64_microsoft.windows.common-controls_6595b64144ccf1df_6.0.26100.3037_none_3e09262ce333c378\COMCTL32.dll
0x00007ff9460d0000 - 0x00007ff9460f7000 	C:\WINDOWS\System32\win32u.dll
0x00007ff9481d0000 - 0x00007ff9481fa000 	C:\WINDOWS\System32\GDI32.dll
0x00007ff945f00000 - 0x00007ff94602b000 	C:\WINDOWS\System32\gdi32full.dll
0x00007ff946100000 - 0x00007ff9461a3000 	C:\WINDOWS\System32\msvcp_win.dll
0x00007ff9363b0000 - 0x00007ff9363bb000 	C:\WINDOWS\SYSTEM32\VERSION.dll
0x00007ff947f60000 - 0x00007ff947f8f000 	C:\WINDOWS\System32\IMM32.DLL
0x00007ff9429f0000 - 0x00007ff9429fc000 	C:\Program Files\Java\jdk-17\bin\vcruntime140_1.dll
0x00007ff938b00000 - 0x00007ff938b8e000 	C:\Program Files\Java\jdk-17\bin\msvcp140.dll
0x00007ff8b7d50000 - 0x00007ff8b8930000 	C:\Program Files\Java\jdk-17\bin\server\jvm.dll
0x00007ff948280000 - 0x00007ff948288000 	C:\WINDOWS\System32\PSAPI.DLL
0x00007ff92db20000 - 0x00007ff92db2a000 	C:\WINDOWS\SYSTEM32\WSOCK32.dll
0x00007ff925350000 - 0x00007ff925386000 	C:\WINDOWS\SYSTEM32\WINMM.dll
0x00007ff947c80000 - 0x00007ff947cf4000 	C:\WINDOWS\System32\WS2_32.dll
0x00007ff944b50000 - 0x00007ff944b6a000 	C:\WINDOWS\SYSTEM32\kernel.appcore.dll
0x00007ff93dc30000 - 0x00007ff93dc3a000 	C:\Program Files\Java\jdk-17\bin\jimage.dll
0x00007ff943620000 - 0x00007ff943861000 	C:\WINDOWS\SYSTEM32\DBGHELP.DLL
0x00007ff9485a0000 - 0x00007ff94891e000 	C:\WINDOWS\System32\combase.dll
0x00007ff948460000 - 0x00007ff948536000 	C:\WINDOWS\System32\OLEAUT32.dll
0x00007ff92e8b0000 - 0x00007ff92e8e9000 	C:\WINDOWS\SYSTEM32\dbgcore.DLL
0x00007ff946030000 - 0x00007ff9460c9000 	C:\WINDOWS\System32\bcryptPrimitives.dll
0x00007ff93b160000 - 0x00007ff93b185000 	C:\Program Files\Java\jdk-17\bin\java.dll

dbghelp: loaded successfully - version: 4.0.5 - missing functions: none
symbol engine: initialized successfully - sym options: 0x614 - pdb path: .;C:\Program Files\Java\jdk-17\bin;C:\WINDOWS\SYSTEM32;C:\WINDOWS\WinSxS\amd64_microsoft.windows.common-controls_6595b64144ccf1df_6.0.26100.3037_none_3e09262ce333c378;C:\Program Files\Java\jdk-17\bin\server

VM Arguments:
java_command: com.ui.MainFrame
java_class_path (initial): C:\Users\PC\Documents\NetBeansProjects\du_an_tot_nghiep\target\classes;C:\Users\PC\.m2\repository\com\formdev\flatlaf\3.2.1\flatlaf-3.2.1.jar;C:\Users\PC\.m2\repository\com\formdev\flatlaf-extras\3.2.1\flatlaf-extras-3.2.1.jar;C:\Users\PC\.m2\repository\com\github\weisj\jsvg\1.1.0\jsvg-1.1.0.jar;C:\Users\PC\.m2\repository\com\formdev\flatlaf-fonts-roboto\2.137\flatlaf-fonts-roboto-2.137.jar;C:\Users\PC\.m2\repository\com\miglayout\miglayout-swing\11.1\miglayout-swing-11.1.jar;C:\Users\PC\.m2\repository\com\miglayout\miglayout-core\11.1\miglayout-core-11.1.jar;C:\Users\PC\.m2\repository\com\microsoft\sqlserver\mssql-jdbc\12.8.1.jre8\mssql-jdbc-12.8.1.jre8.jar;C:\Users\PC\.m2\repository\com\google\auth\google-auth-library-oauth2-http\0.26.0\google-auth-library-oauth2-http-0.26.0.jar;C:\Users\PC\.m2\repository\com\google\auto\value\auto-value-annotations\1.8.1\auto-value-annotations-1.8.1.jar;C:\Users\PC\.m2\repository\com\google\code\findbugs\jsr305\3.0.2\jsr305-3.0.2.jar;C:\Users\PC\.m2\repository\com\google\auth\google-auth-library-credentials\0.26.0\google-auth-library-credentials-0.26.0.jar;C:\Users\PC\.m2\repository\com\google\http-client\google-http-client\1.39.2\google-http-client-1.39.2.jar;C:\Users\PC\.m2\repository\com\google\j2objc\j2objc-annotations\1.3\j2objc-annotations-1.3.jar;C:\Users\PC\.m2\repository\io\opencensus\opencensus-api\0.28.0\opencensus-api-0.28.0.jar;C:\Users\PC\.m2\repository\io\grpc\grpc-context\1.27.2\grpc-context-1.27.2.jar;C:\Users\PC\.m2\repository\io\opencensus\opencensus-contrib-http-util\0.28.0\opencensus-contrib-http-util-0.28.0.jar;C:\Users\PC\.m2\repository\com\google\http-client\google-http-client-gson\1.39.2\google-http-client-gson-1.39.2.jar;C:\Users\PC\.m2\repository\com\google\code\gson\gson\2.8.6\gson-2.8.6.jar;C:\Users\PC\.m2\repository\com\google\guava\guava\30.1.1-android\guava-30.1.1-android.jar;C:\Users\PC\.m2\repository\com\google\guava\failureaccess\1.0.1\failureaccess-1.0.1.jar;C:\User
Launcher Type: SUN_STANDARD

[Global flags]
     intx CICompilerCount                          = 4                                         {product} {ergonomic}
     uint ConcGCThreads                            = 3                                         {product} {ergonomic}
     uint G1ConcRefinementThreads                  = 10                                        {product} {ergonomic}
   size_t G1HeapRegionSize                         = 1048576                                   {product} {ergonomic}
    uintx GCDrainStackTargetSize                   = 64                                        {product} {ergonomic}
   size_t InitialHeapSize                          = 96468992                                  {product} {ergonomic}
   size_t MarkStackSize                            = 4194304                                   {product} {ergonomic}
   size_t MaxHeapSize                              = 1528823808                                {product} {ergonomic}
   size_t MinHeapDeltaBytes                        = 1048576                                   {product} {ergonomic}
   size_t MinHeapSize                              = 8388608                                   {product} {ergonomic}
    uintx NonNMethodCodeHeapSize                   = 5839372                                {pd product} {ergonomic}
    uintx NonProfiledCodeHeapSize                  = 122909434                              {pd product} {ergonomic}
    uintx ProfiledCodeHeapSize                     = 122909434                              {pd product} {ergonomic}
    uintx ReservedCodeCacheSize                    = 251658240                              {pd product} {ergonomic}
     bool SegmentedCodeCache                       = true                                      {product} {ergonomic}
   size_t SoftMaxHeapSize                          = 1528823808                             {manageable} {ergonomic}
     bool UseCompressedClassPointers               = true                           {product lp64_product} {ergonomic}
     bool UseCompressedOops                        = true                           {product lp64_product} {ergonomic}
     bool UseG1GC                                  = true                                      {product} {ergonomic}
     bool UseLargePagesIndividualAllocation        = false                                  {pd product} {ergonomic}

Logging:
Log output configuration:
 #0: stdout all=warning uptime,level,tags
 #1: stderr all=off uptime,level,tags

Environment Variables:
JAVA_HOME=C:\Program Files\Java\jdk-17
PATH=C:\Program Files\Microsoft MPI\Bin\;C:\Program Files\Common Files\Oracle\Java\javapath;C:\Program Files (x86)\Common Files\Intel\Shared Libraries\redist\intel64\compiler;C:\Windows\system32;C:\Windows;C:\Windows\System32\Wbem;C:\Windows\System32\WindowsPowerShell\v1.0\;C:\Windows\System32\OpenSSH\;C:\Program Files\NVIDIA Corporation\NVIDIA NvDLISR;C:\WINDOWS\system32;C:\WINDOWS;C:\WINDOWS\System32\Wbem;C:\WINDOWS\System32\WindowsPowerShell\v1.0\;C:\WINDOWS\System32\OpenSSH\;C:\Program Files (x86)\Windows Kits\10\Windows Performance Toolkit\;C:\Program Files\dotnet\;C:\MinGW\bin;C:\Program Files (x86)\Microsoft SQL Server\160\Tools\Binn\;C:\Program Files\Microsoft SQL Server\160\Tools\Binn\;C:\Program Files\Microsoft SQL Server\Client SDK\ODBC\170\Tools\Binn\;C:\Program Files\Microsoft SQL Server\160\DTS\Binn\;C:\Program Files (x86)\Microsoft SQL Server\160\DTS\Binn\;D:\node.js\;C:\Users\PC\AppData\Local\Microsoft\WindowsApps;C:\Users\PC\AppData\Local\Programs\Microsoft VS Code\bin;C:\Users\PC\.dotnet\tools;C:\Users\PC\AppData\Roaming\npm;D:\apache-maven-3.9.9-bin\apache-maven-3.9.9\bin;
USERNAME=PC
OS=Windows_NT
PROCESSOR_IDENTIFIER=AMD64 Family 25 Model 68 Stepping 1, AuthenticAMD



---------------  S Y S T E M  ---------------

OS:
 Windows 11 , 64 bit Build 26100 (10.0.26100.3037)
OS uptime: 5 days 20:57 hours

CPU: total 12 (initial active 12) (12 cores per cpu, 2 threads per core) family 25 model 68 stepping 1 microcode 0xa404101, cx8, cmov, fxsr, ht, mmx, 3dnowpref, sse, sse2, sse3, ssse3, sse4a, sse4.1, sse4.2, popcnt, lzcnt, tsc, tscinvbit, avx, avx2, aes, clmul, bmi1, bmi2, adx, sha, fma, vzeroupper, clflush, clflushopt

Memory: 4k page, system-wide physical 5829M (424M free)
TotalPageFile size 24261M (AvailPageFile size 29M)
current process WorkingSet (physical memory assigned to process): 12M, peak: 12M
current process commit charge ("private bytes"): 63M, peak: 64M

vm_info: Java HotSpot(TM) 64-Bit Server VM (17.0.11+7-LTS-207) for windows-amd64 JRE (17.0.11+7-LTS-207), built on Mar 11 2024 19:01:50 by "mach5one" with MS VC++ 17.6 (VS2022)

END.
