#
# There is insufficient memory for the Java Runtime Environment to continue.
# Native memory allocation (mmap) failed to map 96468992 bytes for G1 virtual space
# Possible reasons:
#   The system is out of physical RAM or swap space
#   The process is running with CompressedOops enabled, and the Java Heap may be blocking the growth of the native heap
# Possible solutions:
#   Reduce memory load on the system
#   Increase physical memory or swap space
#   Check if swap backing store is full
#   Decrease Java heap size (-Xmx/-Xms)
#   Decrease number of Java threads
#   Decrease Java thread stack sizes (-Xss)
#   Set larger code cache with -XX:ReservedCodeCacheSize=
#   JVM is running with Unscaled Compressed Oops mode in which the Java heap is
#     placed in the first 4GB address space. The Java Heap base address is the
#     maximum limit for the native heap growth. Please use -XX:HeapBaseMinAddress
#     to set the Java Heap base and to place the Java Heap above 4GB virtual address.
# This output file may be truncated or incomplete.
#
#  Out of Memory Error (os_windows.cpp:3548), pid=17960, tid=17484
#
# JRE version:  (17.0.11+7) (build )
# Java VM: Java HotSpot(TM) 64-Bit Server VM (17.0.11+7-LTS-207, mixed mode, sharing, tiered, compressed oops, compressed class ptrs, g1 gc, windows-amd64)
# No core dump will be written. Minidumps are not enabled by default on client versions of Windows
#

---------------  S U M M A R Y ------------

Command Line: com.text.GoogleOAuthFlow

Host: AMD Ryzen 5 6600H with Radeon Graphics         , 12 cores, 5G,  Windows 11 , 64 bit Build 26100 (10.0.26100.3037)
Time: Mon Feb 24 22:36:33 2025 SE Asia Standard Time elapsed time: 1.090735 seconds (0d 0h 0m 1s)

---------------  T H R E A D  ---------------

Current thread (0x000002216bd9c300):  JavaThread "Unknown thread" [_thread_in_vm, id=17484, stack(0x0000004bbbc00000,0x0000004bbbd00000)]

Stack: [0x0000004bbbc00000,0x0000004bbbd00000]
Native frames: (J=compiled Java code, j=interpreted, Vv=VM code, C=native code)
V  [jvm.dll+0x679cca]
V  [jvm.dll+0x7da13d]
V  [jvm.dll+0x7dba83]
V  [jvm.dll+0x7dc0f3]
V  [jvm.dll+0x2449af]
V  [jvm.dll+0x676ce9]
V  [jvm.dll+0x66b852]
V  [jvm.dll+0x3018d6]
V  [jvm.dll+0x308e76]
V  [jvm.dll+0x3596ee]
V  [jvm.dll+0x35991f]
V  [jvm.dll+0x2d89a8]
V  [jvm.dll+0x2d9914]
V  [jvm.dll+0x7ac6b1]
V  [jvm.dll+0x366f61]
V  [jvm.dll+0x78b609]
V  [jvm.dll+0x3ec22f]
V  [jvm.dll+0x3ede61]
C  [jli.dll+0x5297]
C  [ucrtbase.dll+0x37b0]
C  [KERNEL32.DLL+0x2e8d7]
C  [ntdll.dll+0xbbf2c]


---------------  P R O C E S S  ---------------

Threads class SMR info:
_java_thread_list=0x00007ffe69797a18, length=0, elements={
}

Java Threads: ( => current thread )

Other Threads:
  0x000002216bde3140 GCTaskThread "GC Thread#0" [stack: 0x0000004bbbd00000,0x0000004bbbe00000] [id=5004]
  0x000002216bdef830 ConcurrentGCThread "G1 Main Marker" [stack: 0x0000004bbbe00000,0x0000004bbbf00000] [id=31556]
  0x000002216bdf1c60 ConcurrentGCThread "G1 Conc#0" [stack: 0x0000004bbbf00000,0x0000004bbc000000] [id=40344]

[error occurred during error reporting (printing all threads), id 0xc0000005, EXCEPTION_ACCESS_VIOLATION (0xc0000005) at pc=0x00007ffe68fc9497]

VM state: not at safepoint (not fully initialized)

VM Mutex/Monitor currently owned by a thread:  ([mutex/lock_event])
[0x000002216bd98e40] Heap_lock - owner thread: 0x000002216bd9c300

Heap address: 0x00000000a4e00000, size: 1458 MB, Compressed Oops mode: 32-bit

CDS archive(s) mapped at: [0x0000000000000000-0x0000000000000000-0x0000000000000000), size 0, SharedBaseAddress: 0x0000000800000000, ArchiveRelocationMode: 1.
Narrow klass base: 0x0000000000000000, Narrow klass shift: 0, Narrow klass range: 0x0

GC Precious Log:
<Empty>

Heap:
 garbage-first heap   total 0K, used 0K [0x00000000a4e00000, 0x0000000100000000)
  region size 1024K, 0 young (0K), 0 survivors (0K)

[error occurred during error reporting (printing heap information), id 0xc0000005, EXCEPTION_ACCESS_VIOLATION (0xc0000005) at pc=0x00007ffe693b3559]

GC Heap History (0 events):
No events

Deoptimization events (0 events):
No events

Classes unloaded (0 events):
No events

Classes redefined (0 events):
No events

Internal exceptions (0 events):
No events

VM Operations (0 events):
No events

Events (1 events):
Event: 0.009 Loaded shared library C:\Program Files\Java\jdk-17\bin\java.dll


Dynamic libraries:
0x00007ff6d88a0000 - 0x00007ff6d88b0000 	C:\Program Files\Java\jdk-17\bin\java.exe
0x00007fff04f80000 - 0x00007fff051e3000 	C:\WINDOWS\SYSTEM32\ntdll.dll
0x00007fff03090000 - 0x00007fff03157000 	C:\WINDOWS\System32\KERNEL32.DLL
0x00007fff029f0000 - 0x00007fff02db7000 	C:\WINDOWS\System32\KERNELBASE.dll
0x00007fff023e0000 - 0x00007fff0252c000 	C:\WINDOWS\System32\ucrtbase.dll
0x00007ffef8c60000 - 0x00007ffef8c79000 	C:\Program Files\Java\jdk-17\bin\jli.dll
0x00007ffefbb70000 - 0x00007ffefbb8b000 	C:\Program Files\Java\jdk-17\bin\VCRUNTIME140.dll
0x00007fff04600000 - 0x00007fff046b4000 	C:\WINDOWS\System32\ADVAPI32.dll
0x00007fff02fe0000 - 0x00007fff03089000 	C:\WINDOWS\System32\msvcrt.dll
0x00007fff042f0000 - 0x00007fff04396000 	C:\WINDOWS\System32\sechost.dll
0x00007fff037e0000 - 0x00007fff038f6000 	C:\WINDOWS\System32\RPCRT4.dll
0x00007fff043a0000 - 0x00007fff04569000 	C:\WINDOWS\System32\USER32.dll
0x00007fff02320000 - 0x00007fff02347000 	C:\WINDOWS\System32\win32u.dll
0x00007ffedcfc0000 - 0x00007ffedd250000 	C:\WINDOWS\WinSxS\amd64_microsoft.windows.common-controls_6595b64144ccf1df_6.0.26100.3037_none_3e09262ce333c378\COMCTL32.dll
0x00007fff037b0000 - 0x00007fff037da000 	C:\WINDOWS\System32\GDI32.dll
0x00007fff026a0000 - 0x00007fff027cb000 	C:\WINDOWS\System32\gdi32full.dll
0x00007fff02530000 - 0x00007fff025d3000 	C:\WINDOWS\System32\msvcp_win.dll
0x00007ffef9990000 - 0x00007ffef999b000 	C:\WINDOWS\SYSTEM32\VERSION.dll
0x00007fff02fa0000 - 0x00007fff02fcf000 	C:\WINDOWS\System32\IMM32.DLL
0x00007ffefbd10000 - 0x00007ffefbd1c000 	C:\Program Files\Java\jdk-17\bin\vcruntime140_1.dll
0x00007ffebff30000 - 0x00007ffebffbe000 	C:\Program Files\Java\jdk-17\bin\msvcp140.dll
0x00007ffe68ce0000 - 0x00007ffe698c0000 	C:\Program Files\Java\jdk-17\bin\server\jvm.dll
0x00007fff03af0000 - 0x00007fff03af8000 	C:\WINDOWS\System32\PSAPI.DLL
0x00007ffee3b10000 - 0x00007ffee3b46000 	C:\WINDOWS\SYSTEM32\WINMM.dll
0x00007ffee3770000 - 0x00007ffee377a000 	C:\WINDOWS\SYSTEM32\WSOCK32.dll
0x00007fff04580000 - 0x00007fff045f4000 	C:\WINDOWS\System32\WS2_32.dll
0x00007fff01150000 - 0x00007fff0116a000 	C:\WINDOWS\SYSTEM32\kernel.appcore.dll
0x00007ffefaa60000 - 0x00007ffefaa6a000 	C:\Program Files\Java\jdk-17\bin\jimage.dll
0x00007ffeff720000 - 0x00007ffeff961000 	C:\WINDOWS\SYSTEM32\DBGHELP.DLL
0x00007fff03160000 - 0x00007fff034de000 	C:\WINDOWS\System32\combase.dll
0x00007fff03b00000 - 0x00007fff03bd6000 	C:\WINDOWS\System32\OLEAUT32.dll
0x00007ffee8d60000 - 0x00007ffee8d99000 	C:\WINDOWS\SYSTEM32\dbgcore.DLL
0x00007fff02950000 - 0x00007fff029e9000 	C:\WINDOWS\System32\bcryptPrimitives.dll
0x00007ffeeb960000 - 0x00007ffeeb985000 	C:\Program Files\Java\jdk-17\bin\java.dll

dbghelp: loaded successfully - version: 4.0.5 - missing functions: none
symbol engine: initialized successfully - sym options: 0x614 - pdb path: .;C:\Program Files\Java\jdk-17\bin;C:\WINDOWS\SYSTEM32;C:\WINDOWS\WinSxS\amd64_microsoft.windows.common-controls_6595b64144ccf1df_6.0.26100.3037_none_3e09262ce333c378;C:\Program Files\Java\jdk-17\bin\server

VM Arguments:
java_command: com.text.GoogleOAuthFlow
java_class_path (initial): C:\Users\PC\Documents\NetBeansProjects\du_an_tot_nghiep\target\classes;C:\Users\PC\.m2\repository\com\formdev\flatlaf\3.2.1\flatlaf-3.2.1.jar;C:\Users\PC\.m2\repository\com\formdev\flatlaf-extras\3.2.1\flatlaf-extras-3.2.1.jar;C:\Users\PC\.m2\repository\com\github\weisj\jsvg\1.1.0\jsvg-1.1.0.jar;C:\Users\PC\.m2\repository\com\formdev\flatlaf-fonts-roboto\2.137\flatlaf-fonts-roboto-2.137.jar;C:\Users\PC\.m2\repository\com\miglayout\miglayout-swing\11.1\miglayout-swing-11.1.jar;C:\Users\PC\.m2\repository\com\miglayout\miglayout-core\11.1\miglayout-core-11.1.jar;C:\Users\PC\.m2\repository\com\microsoft\sqlserver\mssql-jdbc\12.8.1.jre8\mssql-jdbc-12.8.1.jre8.jar;C:\Users\PC\.m2\repository\com\google\auth\google-auth-library-oauth2-http\0.26.0\google-auth-library-oauth2-http-0.26.0.jar;C:\Users\PC\.m2\repository\com\google\auto\value\auto-value-annotations\1.8.1\auto-value-annotations-1.8.1.jar;C:\Users\PC\.m2\repository\com\google\code\findbugs\jsr305\3.0.2\jsr305-3.0.2.jar;C:\Users\PC\.m2\repository\com\google\auth\google-auth-library-credentials\0.26.0\google-auth-library-credentials-0.26.0.jar;C:\Users\PC\.m2\repository\com\google\http-client\google-http-client\1.39.2\google-http-client-1.39.2.jar;C:\Users\PC\.m2\repository\com\google\j2objc\j2objc-annotations\1.3\j2objc-annotations-1.3.jar;C:\Users\PC\.m2\repository\io\opencensus\opencensus-api\0.28.0\opencensus-api-0.28.0.jar;C:\Users\PC\.m2\repository\io\grpc\grpc-context\1.27.2\grpc-context-1.27.2.jar;C:\Users\PC\.m2\repository\io\opencensus\opencensus-contrib-http-util\0.28.0\opencensus-contrib-http-util-0.28.0.jar;C:\Users\PC\.m2\repository\com\google\http-client\google-http-client-gson\1.39.2\google-http-client-gson-1.39.2.jar;C:\Users\PC\.m2\repository\com\google\code\gson\gson\2.8.6\gson-2.8.6.jar;C:\Users\PC\.m2\repository\com\google\guava\guava\30.1.1-android\guava-30.1.1-android.jar;C:\Users\PC\.m2\repository\com\google\guava\failureaccess\1.0.1\failureaccess-1.0.1.jar;C:\User
Launcher Type: SUN_STANDARD

[Global flags]
     intx CICompilerCount                          = 4                                         {product} {ergonomic}
     uint ConcGCThreads                            = 3                                         {product} {ergonomic}
     uint G1ConcRefinementThreads                  = 10                                        {product} {ergonomic}
   size_t G1HeapRegionSize                         = 1048576                                   {product} {ergonomic}
    uintx GCDrainStackTargetSize                   = 64                                        {product} {ergonomic}
   size_t InitialHeapSize                          = 96468992                                  {product} {ergonomic}
   size_t MarkStackSize                            = 4194304                                   {product} {ergonomic}
   size_t MaxHeapSize                              = 1528823808                                {product} {ergonomic}
   size_t MinHeapDeltaBytes                        = 1048576                                   {product} {ergonomic}
   size_t MinHeapSize                              = 8388608                                   {product} {ergonomic}
    uintx NonNMethodCodeHeapSize                   = 5839372                                {pd product} {ergonomic}
    uintx NonProfiledCodeHeapSize                  = 122909434                              {pd product} {ergonomic}
    uintx ProfiledCodeHeapSize                     = 122909434                              {pd product} {ergonomic}
    uintx ReservedCodeCacheSize                    = 251658240                              {pd product} {ergonomic}
     bool SegmentedCodeCache                       = true                                      {product} {ergonomic}
   size_t SoftMaxHeapSize                          = 1528823808                             {manageable} {ergonomic}
     bool UseCompressedClassPointers               = true                           {product lp64_product} {ergonomic}
     bool UseCompressedOops                        = true                           {product lp64_product} {ergonomic}
     bool UseG1GC                                  = true                                      {product} {ergonomic}
     bool UseLargePagesIndividualAllocation        = false                                  {pd product} {ergonomic}

Logging:
Log output configuration:
 #0: stdout all=warning uptime,level,tags
 #1: stderr all=off uptime,level,tags

Environment Variables:
JAVA_HOME=C:\Program Files\Java\jdk-17
PATH=C:\Program Files\Microsoft MPI\Bin\;C:\Program Files\Common Files\Oracle\Java\javapath;C:\Program Files (x86)\Common Files\Intel\Shared Libraries\redist\intel64\compiler;C:\Windows\system32;C:\Windows;C:\Windows\System32\Wbem;C:\Windows\System32\WindowsPowerShell\v1.0\;C:\Windows\System32\OpenSSH\;C:\Program Files\NVIDIA Corporation\NVIDIA NvDLISR;C:\WINDOWS\system32;C:\WINDOWS;C:\WINDOWS\System32\Wbem;C:\WINDOWS\System32\WindowsPowerShell\v1.0\;C:\WINDOWS\System32\OpenSSH\;C:\Program Files (x86)\Windows Kits\10\Windows Performance Toolkit\;C:\Program Files\dotnet\;C:\MinGW\bin;C:\Program Files (x86)\Microsoft SQL Server\160\Tools\Binn\;C:\Program Files\Microsoft SQL Server\160\Tools\Binn\;C:\Program Files\Microsoft SQL Server\Client SDK\ODBC\170\Tools\Binn\;C:\Program Files\Microsoft SQL Server\160\DTS\Binn\;C:\Program Files (x86)\Microsoft SQL Server\160\DTS\Binn\;D:\node.js\;C:\Users\PC\AppData\Local\Microsoft\WindowsApps;C:\Users\PC\AppData\Local\Programs\Microsoft VS Code\bin;C:\Users\PC\.dotnet\tools;C:\Users\PC\AppData\Roaming\npm;D:\apache-maven-3.9.9-bin\apache-maven-3.9.9\bin;
USERNAME=PC
OS=Windows_NT
PROCESSOR_IDENTIFIER=AMD64 Family 25 Model 68 Stepping 1, AuthenticAMD



---------------  S Y S T E M  ---------------

OS:
 Windows 11 , 64 bit Build 26100 (10.0.26100.3037)
OS uptime: 8 days 1:03 hours

CPU: total 12 (initial active 12) (12 cores per cpu, 2 threads per core) family 25 model 68 stepping 1 microcode 0xa404101, cx8, cmov, fxsr, ht, mmx, 3dnowpref, sse, sse2, sse3, ssse3, sse4a, sse4.1, sse4.2, popcnt, lzcnt, tsc, tscinvbit, avx, avx2, aes, clmul, bmi1, bmi2, adx, sha, fma, vzeroupper, clflush, clflushopt

Memory: 4k page, system-wide physical 5829M (748M free)
TotalPageFile size 24261M (AvailPageFile size 50M)
current process WorkingSet (physical memory assigned to process): 12M, peak: 12M
current process commit charge ("private bytes"): 64M, peak: 156M

vm_info: Java HotSpot(TM) 64-Bit Server VM (17.0.11+7-LTS-207) for windows-amd64 JRE (17.0.11+7-LTS-207), built on Mar 11 2024 19:01:50 by "mach5one" with MS VC++ 17.6 (VS2022)

END.
