#
# There is insufficient memory for the Java Runtime Environment to continue.
# Native memory allocation (mmap) failed to map 96468992 bytes for G1 virtual space
# Possible reasons:
#   The system is out of physical RAM or swap space
#   The process is running with CompressedOops enabled, and the Java Heap may be blocking the growth of the native heap
# Possible solutions:
#   Reduce memory load on the system
#   Increase physical memory or swap space
#   Check if swap backing store is full
#   Decrease Java heap size (-Xmx/-Xms)
#   Decrease number of Java threads
#   Decrease Java thread stack sizes (-Xss)
#   Set larger code cache with -XX:ReservedCodeCacheSize=
#   JVM is running with Unscaled Compressed Oops mode in which the Java heap is
#     placed in the first 4GB address space. The Java Heap base address is the
#     maximum limit for the native heap growth. Please use -XX:HeapBaseMinAddress
#     to set the Java Heap base and to place the Java Heap above 4GB virtual address.
# This output file may be truncated or incomplete.
#
#  Out of Memory Error (os_windows.cpp:3548), pid=14312, tid=27260
#
# JRE version:  (17.0.11+7) (build )
# Java VM: Java HotSpot(TM) 64-Bit Server VM (17.0.11+7-LTS-207, mixed mode, sharing, tiered, compressed oops, compressed class ptrs, g1 gc, windows-amd64)
# No core dump will be written. Minidumps are not enabled by default on client versions of Windows
#

---------------  S U M M A R Y ------------

Command Line: com.swing.ProfessionalSidebarForm

Host: AMD Ryzen 5 6600H with Radeon Graphics         , 12 cores, 5G,  Windows 11 , 64 bit Build 26100 (10.0.26100.3037)
Time: Sat Mar  1 01:17:35 2025 SE Asia Standard Time elapsed time: 1.060234 seconds (0d 0h 0m 1s)

---------------  T H R E A D  ---------------

Current thread (0x000001daea767910):  JavaThread "Unknown thread" [_thread_in_vm, id=27260, stack(0x000000cf29600000,0x000000cf29700000)]

Stack: [0x000000cf29600000,0x000000cf29700000]
Native frames: (J=compiled Java code, j=interpreted, Vv=VM code, C=native code)
V  [jvm.dll+0x679cca]
V  [jvm.dll+0x7da13d]
V  [jvm.dll+0x7dba83]
V  [jvm.dll+0x7dc0f3]
V  [jvm.dll+0x2449af]
V  [jvm.dll+0x676ce9]
V  [jvm.dll+0x66b852]
V  [jvm.dll+0x3018d6]
V  [jvm.dll+0x308e76]
V  [jvm.dll+0x3596ee]
V  [jvm.dll+0x35991f]
V  [jvm.dll+0x2d89a8]
V  [jvm.dll+0x2d9914]
V  [jvm.dll+0x7ac6b1]
V  [jvm.dll+0x366f61]
V  [jvm.dll+0x78b609]
V  [jvm.dll+0x3ec22f]
V  [jvm.dll+0x3ede61]
C  [jli.dll+0x5297]
C  [ucrtbase.dll+0x37b0]
C  [KERNEL32.DLL+0x2e8d7]
C  [ntdll.dll+0xbbf2c]


---------------  P R O C E S S  ---------------

Threads class SMR info:
_java_thread_list=0x00007ffbf87c7a18, length=0, elements={
}

Java Threads: ( => current thread )

Other Threads:
  0x000001daea7aef70 GCTaskThread "GC Thread#0" [stack: 0x000000cf29700000,0x000000cf29800000] [id=10276]
  0x000001daea7bb570 ConcurrentGCThread "G1 Main Marker" [stack: 0x000000cf29800000,0x000000cf29900000] [id=13700]
  0x000001daea7be050 ConcurrentGCThread "G1 Conc#0" [stack: 0x000000cf29900000,0x000000cf29a00000] [id=12448]

[error occurred during error reporting (printing all threads), id 0xc0000005, EXCEPTION_ACCESS_VIOLATION (0xc0000005) at pc=0x00007ffbf7ff9497]

VM state: not at safepoint (not fully initialized)

VM Mutex/Monitor currently owned by a thread:  ([mutex/lock_event])
[0x000001daea764d00] Heap_lock - owner thread: 0x000001daea767910

Heap address: 0x00000000a4e00000, size: 1458 MB, Compressed Oops mode: 32-bit

CDS archive(s) mapped at: [0x0000000000000000-0x0000000000000000-0x0000000000000000), size 0, SharedBaseAddress: 0x0000000800000000, ArchiveRelocationMode: 1.
Narrow klass base: 0x0000000000000000, Narrow klass shift: 0, Narrow klass range: 0x0

GC Precious Log:
<Empty>

Heap:
 garbage-first heap   total 0K, used 0K [0x00000000a4e00000, 0x0000000100000000)
  region size 1024K, 0 young (0K), 0 survivors (0K)

[error occurred during error reporting (printing heap information), id 0xc0000005, EXCEPTION_ACCESS_VIOLATION (0xc0000005) at pc=0x00007ffbf83e3559]

GC Heap History (0 events):
No events

Deoptimization events (0 events):
No events

Classes unloaded (0 events):
No events

Classes redefined (0 events):
No events

Internal exceptions (0 events):
No events

VM Operations (0 events):
No events

Events (1 events):
Event: 0.007 Loaded shared library C:\Program Files\Java\jdk-17\bin\java.dll


Dynamic libraries:
0x00007ff6d0b20000 - 0x00007ff6d0b30000 	C:\Program Files\Java\jdk-17\bin\java.exe
0x00007ffc702e0000 - 0x00007ffc70543000 	C:\WINDOWS\SYSTEM32\ntdll.dll
0x00007ffc6f040000 - 0x00007ffc6f107000 	C:\WINDOWS\System32\KERNEL32.DLL
0x00007ffc6d940000 - 0x00007ffc6dd07000 	C:\WINDOWS\System32\KERNELBASE.dll
0x00007ffc6d7f0000 - 0x00007ffc6d93c000 	C:\WINDOWS\System32\ucrtbase.dll
0x00007ffc636b0000 - 0x00007ffc636c9000 	C:\Program Files\Java\jdk-17\bin\jli.dll
0x00007ffc64a30000 - 0x00007ffc64a4b000 	C:\Program Files\Java\jdk-17\bin\VCRUNTIME140.dll
0x00007ffc6e480000 - 0x00007ffc6e534000 	C:\WINDOWS\System32\ADVAPI32.dll
0x00007ffc6eb50000 - 0x00007ffc6ebf9000 	C:\WINDOWS\System32\msvcrt.dll
0x00007ffc6f150000 - 0x00007ffc6f1f6000 	C:\WINDOWS\System32\sechost.dll
0x00007ffc6f5b0000 - 0x00007ffc6f6c6000 	C:\WINDOWS\System32\RPCRT4.dll
0x00007ffc700d0000 - 0x00007ffc70299000 	C:\WINDOWS\System32\USER32.dll
0x00007ffc6de40000 - 0x00007ffc6de67000 	C:\WINDOWS\System32\win32u.dll
0x00007ffc4c2a0000 - 0x00007ffc4c530000 	C:\WINDOWS\WinSxS\amd64_microsoft.windows.common-controls_6595b64144ccf1df_6.0.26100.3037_none_3e09262ce333c378\COMCTL32.dll
0x00007ffc6e690000 - 0x00007ffc6e6ba000 	C:\WINDOWS\System32\GDI32.dll
0x00007ffc6de70000 - 0x00007ffc6df9b000 	C:\WINDOWS\System32\gdi32full.dll
0x00007ffc6d680000 - 0x00007ffc6d723000 	C:\WINDOWS\System32\msvcp_win.dll
0x00007ffc646e0000 - 0x00007ffc646eb000 	C:\WINDOWS\SYSTEM32\VERSION.dll
0x00007ffc6e120000 - 0x00007ffc6e14f000 	C:\WINDOWS\System32\IMM32.DLL
0x00007ffc651d0000 - 0x00007ffc651dc000 	C:\Program Files\Java\jdk-17\bin\vcruntime140_1.dll
0x00007ffc2d010000 - 0x00007ffc2d09e000 	C:\Program Files\Java\jdk-17\bin\msvcp140.dll
0x00007ffbf7d10000 - 0x00007ffbf88f0000 	C:\Program Files\Java\jdk-17\bin\server\jvm.dll
0x00007ffc6f130000 - 0x00007ffc6f138000 	C:\WINDOWS\System32\PSAPI.DLL
0x00007ffc3e410000 - 0x00007ffc3e41a000 	C:\WINDOWS\SYSTEM32\WSOCK32.dll
0x00007ffc550d0000 - 0x00007ffc55106000 	C:\WINDOWS\SYSTEM32\WINMM.dll
0x00007ffc6e610000 - 0x00007ffc6e684000 	C:\WINDOWS\System32\WS2_32.dll
0x00007ffc6c4b0000 - 0x00007ffc6c4ca000 	C:\WINDOWS\SYSTEM32\kernel.appcore.dll
0x00007ffc64c10000 - 0x00007ffc64c1a000 	C:\Program Files\Java\jdk-17\bin\jimage.dll
0x00007ffc6af50000 - 0x00007ffc6b191000 	C:\WINDOWS\SYSTEM32\DBGHELP.DLL
0x00007ffc6ecb0000 - 0x00007ffc6f02e000 	C:\WINDOWS\System32\combase.dll
0x00007ffc6f370000 - 0x00007ffc6f446000 	C:\WINDOWS\System32\OLEAUT32.dll
0x00007ffc49130000 - 0x00007ffc49169000 	C:\WINDOWS\SYSTEM32\dbgcore.DLL
0x00007ffc6dda0000 - 0x00007ffc6de39000 	C:\WINDOWS\System32\bcryptPrimitives.dll
0x00007ffc60d00000 - 0x00007ffc60d25000 	C:\Program Files\Java\jdk-17\bin\java.dll

dbghelp: loaded successfully - version: 4.0.5 - missing functions: none
symbol engine: initialized successfully - sym options: 0x614 - pdb path: .;C:\Program Files\Java\jdk-17\bin;C:\WINDOWS\SYSTEM32;C:\WINDOWS\WinSxS\amd64_microsoft.windows.common-controls_6595b64144ccf1df_6.0.26100.3037_none_3e09262ce333c378;C:\Program Files\Java\jdk-17\bin\server

VM Arguments:
java_command: com.swing.ProfessionalSidebarForm
java_class_path (initial): C:\Users\PC\Documents\NetBeansProjects\du_an_tot_nghiep\target\classes;C:\Users\PC\.m2\repository\com\formdev\flatlaf\3.2.1\flatlaf-3.2.1.jar;C:\Users\PC\.m2\repository\com\formdev\flatlaf-extras\3.2.1\flatlaf-extras-3.2.1.jar;C:\Users\PC\.m2\repository\com\github\weisj\jsvg\1.1.0\jsvg-1.1.0.jar;C:\Users\PC\.m2\repository\com\formdev\flatlaf-fonts-roboto\2.137\flatlaf-fonts-roboto-2.137.jar;C:\Users\PC\.m2\repository\com\miglayout\miglayout-swing\11.1\miglayout-swing-11.1.jar;C:\Users\PC\.m2\repository\com\miglayout\miglayout-core\11.1\miglayout-core-11.1.jar;C:\Users\PC\.m2\repository\com\microsoft\sqlserver\mssql-jdbc\12.8.1.jre8\mssql-jdbc-12.8.1.jre8.jar;C:\Users\PC\.m2\repository\com\google\auth\google-auth-library-oauth2-http\0.26.0\google-auth-library-oauth2-http-0.26.0.jar;C:\Users\PC\.m2\repository\com\google\auto\value\auto-value-annotations\1.8.1\auto-value-annotations-1.8.1.jar;C:\Users\PC\.m2\repository\com\google\code\findbugs\jsr305\3.0.2\jsr305-3.0.2.jar;C:\Users\PC\.m2\repository\com\google\auth\google-auth-library-credentials\0.26.0\google-auth-library-credentials-0.26.0.jar;C:\Users\PC\.m2\repository\com\google\http-client\google-http-client\1.39.2\google-http-client-1.39.2.jar;C:\Users\PC\.m2\repository\com\google\j2objc\j2objc-annotations\1.3\j2objc-annotations-1.3.jar;C:\Users\PC\.m2\repository\io\opencensus\opencensus-api\0.28.0\opencensus-api-0.28.0.jar;C:\Users\PC\.m2\repository\io\grpc\grpc-context\1.27.2\grpc-context-1.27.2.jar;C:\Users\PC\.m2\repository\io\opencensus\opencensus-contrib-http-util\0.28.0\opencensus-contrib-http-util-0.28.0.jar;C:\Users\PC\.m2\repository\com\google\http-client\google-http-client-gson\1.39.2\google-http-client-gson-1.39.2.jar;C:\Users\PC\.m2\repository\com\google\code\gson\gson\2.8.6\gson-2.8.6.jar;C:\Users\PC\.m2\repository\com\google\guava\guava\30.1.1-android\guava-30.1.1-android.jar;C:\Users\PC\.m2\repository\com\google\guava\failureaccess\1.0.1\failureaccess-1.0.1.jar;C:\User
Launcher Type: SUN_STANDARD

[Global flags]
     intx CICompilerCount                          = 4                                         {product} {ergonomic}
     uint ConcGCThreads                            = 3                                         {product} {ergonomic}
     uint G1ConcRefinementThreads                  = 10                                        {product} {ergonomic}
   size_t G1HeapRegionSize                         = 1048576                                   {product} {ergonomic}
    uintx GCDrainStackTargetSize                   = 64                                        {product} {ergonomic}
   size_t InitialHeapSize                          = 96468992                                  {product} {ergonomic}
   size_t MarkStackSize                            = 4194304                                   {product} {ergonomic}
   size_t MaxHeapSize                              = 1528823808                                {product} {ergonomic}
   size_t MinHeapDeltaBytes                        = 1048576                                   {product} {ergonomic}
   size_t MinHeapSize                              = 8388608                                   {product} {ergonomic}
    uintx NonNMethodCodeHeapSize                   = 5839372                                {pd product} {ergonomic}
    uintx NonProfiledCodeHeapSize                  = 122909434                              {pd product} {ergonomic}
    uintx ProfiledCodeHeapSize                     = 122909434                              {pd product} {ergonomic}
    uintx ReservedCodeCacheSize                    = 251658240                              {pd product} {ergonomic}
     bool SegmentedCodeCache                       = true                                      {product} {ergonomic}
   size_t SoftMaxHeapSize                          = 1528823808                             {manageable} {ergonomic}
     bool UseCompressedClassPointers               = true                           {product lp64_product} {ergonomic}
     bool UseCompressedOops                        = true                           {product lp64_product} {ergonomic}
     bool UseG1GC                                  = true                                      {product} {ergonomic}
     bool UseLargePagesIndividualAllocation        = false                                  {pd product} {ergonomic}

Logging:
Log output configuration:
 #0: stdout all=warning uptime,level,tags
 #1: stderr all=off uptime,level,tags

Environment Variables:
JAVA_HOME=C:\Program Files\Java\jdk-17
PATH=C:\Program Files\Microsoft MPI\Bin\;C:\Program Files\Common Files\Oracle\Java\javapath;C:\Program Files (x86)\Common Files\Intel\Shared Libraries\redist\intel64\compiler;C:\Windows\system32;C:\Windows;C:\Windows\System32\Wbem;C:\Windows\System32\WindowsPowerShell\v1.0\;C:\Windows\System32\OpenSSH\;C:\Program Files\NVIDIA Corporation\NVIDIA NvDLISR;C:\WINDOWS\system32;C:\WINDOWS;C:\WINDOWS\System32\Wbem;C:\WINDOWS\System32\WindowsPowerShell\v1.0\;C:\WINDOWS\System32\OpenSSH\;C:\Program Files (x86)\Windows Kits\10\Windows Performance Toolkit\;C:\Program Files\dotnet\;C:\MinGW\bin;C:\Program Files (x86)\Microsoft SQL Server\160\Tools\Binn\;C:\Program Files\Microsoft SQL Server\160\Tools\Binn\;C:\Program Files\Microsoft SQL Server\Client SDK\ODBC\170\Tools\Binn\;C:\Program Files\Microsoft SQL Server\160\DTS\Binn\;C:\Program Files (x86)\Microsoft SQL Server\160\DTS\Binn\;D:\node.js\;C:\Users\PC\AppData\Local\Microsoft\WindowsApps;C:\Users\PC\AppData\Local\Programs\Microsoft VS Code\bin;C:\Users\PC\.dotnet\tools;C:\Users\PC\AppData\Roaming\npm;D:\apache-maven-3.9.9-bin\apache-maven-3.9.9\bin;
USERNAME=PC
OS=Windows_NT
PROCESSOR_IDENTIFIER=AMD64 Family 25 Model 68 Stepping 1, AuthenticAMD



---------------  S Y S T E M  ---------------

OS:
 Windows 11 , 64 bit Build 26100 (10.0.26100.3037)
OS uptime: 1 days 14:02 hours

CPU: total 12 (initial active 12) (12 cores per cpu, 2 threads per core) family 25 model 68 stepping 1 microcode 0xa404101, cx8, cmov, fxsr, ht, mmx, 3dnowpref, sse, sse2, sse3, ssse3, sse4a, sse4.1, sse4.2, popcnt, lzcnt, tsc, tscinvbit, avx, avx2, aes, clmul, bmi1, bmi2, adx, sha, fma, vzeroupper, clflush, clflushopt

Memory: 4k page, system-wide physical 5829M (495M free)
TotalPageFile size 24261M (AvailPageFile size 66M)
current process WorkingSet (physical memory assigned to process): 12M, peak: 12M
current process commit charge ("private bytes"): 64M, peak: 156M

vm_info: Java HotSpot(TM) 64-Bit Server VM (17.0.11+7-LTS-207) for windows-amd64 JRE (17.0.11+7-LTS-207), built on Mar 11 2024 19:01:50 by "mach5one" with MS VC++ 17.6 (VS2022)

END.
